{"numTotalTestSuites":123,"numPassedTestSuites":59,"numFailedTestSuites":64,"numPendingTestSuites":0,"numTotalTests":329,"numPassedTests":219,"numFailedTests":110,"numPendingTests":0,"numTodoTests":0,"snapshot":{"added":0,"failure":false,"filesAdded":0,"filesRemoved":0,"filesRemovedList":[],"filesUnmatched":0,"filesUpdated":0,"matched":0,"total":0,"unchecked":0,"uncheckedKeysByFile":[],"unmatched":0,"updated":0,"didUpdate":false},"startTime":1758579469860,"success":false,"testResults":[{"assertionResults":[{"ancestorTitles":["Tauri API","File Operations","scanDirectory"],"fullName":"Tauri API File Operations scanDirectory should scan directory and return file list","status":"passed","title":"should scan directory and return file list","duration":3.977700000000141,"failureMessages":[],"meta":{}},{"ancestorTitles":["Tauri API","File Operations","scanDirectory"],"fullName":"Tauri API File Operations scanDirectory should handle recursive scanning","status":"passed","title":"should handle recursive scanning","duration":0.5986000000000331,"failureMessages":[],"meta":{}},{"ancestorTitles":["Tauri API","File Operations","scanDirectory"],"fullName":"Tauri API File Operations scanDirectory should retry on failure and handle errors","status":"passed","title":"should retry on failure and handle errors","duration":507.94910000000004,"failureMessages":[],"meta":{}},{"ancestorTitles":["Tauri API","File Operations","analyzeFile"],"fullName":"Tauri API File Operations analyzeFile should analyze text file with AI","status":"passed","title":"should analyze text file with AI","duration":1.1700999999998203,"failureMessages":[],"meta":{}},{"ancestorTitles":["Tauri API","File Operations","analyzeFile"],"fullName":"Tauri API File Operations analyzeFile should analyze image file with vision model","status":"passed","title":"should analyze image file with vision model","duration":1.2687999999998283,"failureMessages":[],"meta":{}},{"ancestorTitles":["Tauri API","File Operations","analyzeFile"],"fullName":"Tauri API File Operations analyzeFile should analyze binary files with metadata only","status":"passed","title":"should analyze binary files with metadata only","duration":0.6588000000001557,"failureMessages":[],"meta":{}},{"ancestorTitles":["Tauri API","File Operations","File manipulation"],"fullName":"Tauri API File Operations File manipulation should move file to new location","status":"passed","title":"should move file to new location","duration":0.3692000000000917,"failureMessages":[],"meta":{}},{"ancestorTitles":["Tauri API","File Operations","File manipulation"],"fullName":"Tauri API File Operations File manipulation should copy file to new location","status":"passed","title":"should copy file to new location","duration":0.4552000000003318,"failureMessages":[],"meta":{}},{"ancestorTitles":["Tauri API","File Operations","File manipulation"],"fullName":"Tauri API File Operations File manipulation should delete file","status":"passed","title":"should delete file","duration":0.7420999999999367,"failureMessages":[],"meta":{}},{"ancestorTitles":["Tauri API","File Operations","File manipulation"],"fullName":"Tauri API File Operations File manipulation should rename file","status":"passed","title":"should rename file","duration":0.39110000000027867,"failureMessages":[],"meta":{}},{"ancestorTitles":["Tauri API","File Operations","Batch operations"],"fullName":"Tauri API File Operations Batch operations should analyze multiple files in batch","status":"passed","title":"should analyze multiple files in batch","duration":0.5131000000001222,"failureMessages":[],"meta":{}},{"ancestorTitles":["Tauri API","AI Operations","Ollama integration"],"fullName":"Tauri API AI Operations Ollama integration should check Ollama status","status":"failed","title":"should check Ollama status","duration":7.993600000000242,"failureMessages":["AssertionError: expected \"invoke\" to be called with arguments: [ 'check_ollama_status' ]\u001b[90m\n\nReceived: \n\n\u001b[1m  1st invoke call:\n\n\u001b[22m\u001b[2m  Array [\u001b[22m\n\u001b[32m-   \"check_ollama_status\",\u001b[90m\n\u001b[31m+   \"get_ollama_status\",\u001b[90m\n\u001b[2m  ]\u001b[22m\n\u001b[39m\u001b[90m\n\nNumber of calls: \u001b[1m1\u001b[22m\n\u001b[39m\n    at Proxy.<anonymous> (file:///C:/Users/benja/Documents/GitHub/StratoSortRust/node_modules/@vitest/expect/dist/index.js:1465:13)\n    at Proxy.<anonymous> (file:///C:/Users/benja/Documents/GitHub/StratoSortRust/node_modules/@vitest/expect/dist/index.js:972:17)\n    at Proxy.methodWrapper (file:///C:/Users/benja/Documents/GitHub/StratoSortRust/node_modules/chai/index.js:1686:25)\n    at C:\\Users\\benja\\Documents\\GitHub\\StratoSortRust\\src\\lib\\api\\tauri.test.ts:225:20\n    at file:///C:/Users/benja/Documents/GitHub/StratoSortRust/node_modules/@vitest/runner/dist/index.js:533:5\n    at runTest (file:///C:/Users/benja/Documents/GitHub/StratoSortRust/node_modules/@vitest/runner/dist/index.js:1056:11)\n    at runSuite (file:///C:/Users/benja/Documents/GitHub/StratoSortRust/node_modules/@vitest/runner/dist/index.js:1205:15)\n    at runSuite (file:///C:/Users/benja/Documents/GitHub/StratoSortRust/node_modules/@vitest/runner/dist/index.js:1205:15)\n    at runSuite (file:///C:/Users/benja/Documents/GitHub/StratoSortRust/node_modules/@vitest/runner/dist/index.js:1205:15)\n    at runSuite (file:///C:/Users/benja/Documents/GitHub/StratoSortRust/node_modules/@vitest/runner/dist/index.js:1205:15)"],"meta":{}},{"ancestorTitles":["Tauri API","AI Operations","Ollama integration"],"fullName":"Tauri API AI Operations Ollama integration should list available models","status":"passed","title":"should list available models","duration":0.40099999999983993,"failureMessages":[],"meta":{}},{"ancestorTitles":["Tauri API","Settings Management"],"fullName":"Tauri API Settings Management should get app settings","status":"passed","title":"should get app settings","duration":0.8047999999998865,"failureMessages":[],"meta":{}},{"ancestorTitles":["Tauri API","Settings Management"],"fullName":"Tauri API Settings Management should save app settings","status":"passed","title":"should save app settings","duration":1.128099999999904,"failureMessages":[],"meta":{}},{"ancestorTitles":["Tauri API","Smart Folders"],"fullName":"Tauri API Smart Folders should get smart folders","status":"passed","title":"should get smart folders","duration":0.6720000000000255,"failureMessages":[],"meta":{}},{"ancestorTitles":["Tauri API","Smart Folders"],"fullName":"Tauri API Smart Folders should create smart folder","status":"passed","title":"should create smart folder","duration":0.6639999999997599,"failureMessages":[],"meta":{}},{"ancestorTitles":["Tauri API","Smart Folders"],"fullName":"Tauri API Smart Folders should update smart folder","status":"passed","title":"should update smart folder","duration":0.9244000000003325,"failureMessages":[],"meta":{}},{"ancestorTitles":["Tauri API","Smart Folders"],"fullName":"Tauri API Smart Folders should delete smart folder","status":"passed","title":"should delete smart folder","duration":0.5075000000001637,"failureMessages":[],"meta":{}},{"ancestorTitles":["Tauri API","First Run Setup"],"fullName":"Tauri API First Run Setup should check first run status","status":"passed","title":"should check first run status","duration":0.3123000000000502,"failureMessages":[],"meta":{}},{"ancestorTitles":["Tauri API","First Run Setup"],"fullName":"Tauri API First Run Setup should complete first run setup","status":"passed","title":"should complete first run setup","duration":0.45069999999986976,"failureMessages":[],"meta":{}},{"ancestorTitles":["Tauri API","History Operations"],"fullName":"Tauri API History Operations should get operation history","status":"passed","title":"should get operation history","duration":0.23189999999976862,"failureMessages":[],"meta":{}},{"ancestorTitles":["Tauri API","History Operations"],"fullName":"Tauri API History Operations should undo operation","status":"passed","title":"should undo operation","duration":0.21039999999993597,"failureMessages":[],"meta":{}},{"ancestorTitles":["Tauri API","History Operations"],"fullName":"Tauri API History Operations should redo operation","status":"passed","title":"should redo operation","duration":0.2209000000002561,"failureMessages":[],"meta":{}},{"ancestorTitles":["Tauri API","Event Listeners"],"fullName":"Tauri API Event Listeners should listen to progress events","status":"passed","title":"should listen to progress events","duration":0.5970999999999549,"failureMessages":[],"meta":{}},{"ancestorTitles":["Tauri API","Event Listeners"],"fullName":"Tauri API Event Listeners should listen to operation complete events","status":"passed","title":"should listen to operation complete events","duration":0.5140000000001237,"failureMessages":[],"meta":{}},{"ancestorTitles":["Tauri API","Event Listeners"],"fullName":"Tauri API Event Listeners should listen to operation error events","status":"passed","title":"should listen to operation error events","duration":0.39889999999968495,"failureMessages":[],"meta":{}},{"ancestorTitles":["Tauri API","System Operations"],"fullName":"Tauri API System Operations should notify frontend ready","status":"passed","title":"should notify frontend ready","duration":0.47790000000031796,"failureMessages":[],"meta":{}}],"startTime":1758579471830,"endTime":1758579472366.4778,"status":"failed","message":"","name":"C:/Users/benja/Documents/GitHub/StratoSortRust/src/lib/api/tauri.test.ts"},{"assertionResults":[{"ancestorTitles":["AccessibilityManager","Component Rendering"],"fullName":"AccessibilityManager Component Rendering should render without errors","status":"passed","title":"should render without errors","duration":4.689899999999852,"failureMessages":[],"meta":{}},{"ancestorTitles":["AccessibilityManager","Component Rendering"],"fullName":"AccessibilityManager Component Rendering should initialize with default accessibility preferences","status":"passed","title":"should initialize with default accessibility preferences","duration":1.3946999999998297,"failureMessages":[],"meta":{}},{"ancestorTitles":["AccessibilityManager","Accessibility Store"],"fullName":"AccessibilityManager Accessibility Store should update preferences when store is changed","status":"passed","title":"should update preferences when store is changed","duration":0.16589999999996508,"failureMessages":[],"meta":{}},{"ancestorTitles":["AccessibilityManager","Accessibility Store"],"fullName":"AccessibilityManager Accessibility Store should persist partial preference updates","status":"passed","title":"should persist partial preference updates","duration":0.24769999999989523,"failureMessages":[],"meta":{}},{"ancestorTitles":["AccessibilityManager","Public API Functions"],"fullName":"AccessibilityManager Public API Functions should handle announcements gracefully in test environment","status":"failed","title":"should handle announcements gracefully in test environment","duration":4.161599999999908,"failureMessages":["ReferenceError: announce is not defined\n    at C:\\Users\\benja\\Documents\\GitHub\\StratoSortRust\\src\\lib\\components\\AccessibilityManager.test.ts:129:4\n    at file:///C:/Users/benja/Documents/GitHub/StratoSortRust/node_modules/@vitest/runner/dist/index.js:146:14\n    at file:///C:/Users/benja/Documents/GitHub/StratoSortRust/node_modules/@vitest/runner/dist/index.js:533:11\n    at runWithTimeout (file:///C:/Users/benja/Documents/GitHub/StratoSortRust/node_modules/@vitest/runner/dist/index.js:39:7)\n    at runTest (file:///C:/Users/benja/Documents/GitHub/StratoSortRust/node_modules/@vitest/runner/dist/index.js:1056:17)\n    at processTicksAndRejections (node:internal/process/task_queues:105:5)\n    at runSuite (file:///C:/Users/benja/Documents/GitHub/StratoSortRust/node_modules/@vitest/runner/dist/index.js:1205:15)\n    at runSuite (file:///C:/Users/benja/Documents/GitHub/StratoSortRust/node_modules/@vitest/runner/dist/index.js:1205:15)\n    at runSuite (file:///C:/Users/benja/Documents/GitHub/StratoSortRust/node_modules/@vitest/runner/dist/index.js:1205:15)\n    at runFiles (file:///C:/Users/benja/Documents/GitHub/StratoSortRust/node_modules/@vitest/runner/dist/index.js:1262:5)"],"meta":{}},{"ancestorTitles":["AccessibilityManager","Public API Functions"],"fullName":"AccessibilityManager Public API Functions should handle urgent announcements","status":"failed","title":"should handle urgent announcements","duration":0.787499999999909,"failureMessages":["ReferenceError: announce is not defined\n    at C:\\Users\\benja\\Documents\\GitHub\\StratoSortRust\\src\\lib\\components\\AccessibilityManager.test.ts:139:4\n    at file:///C:/Users/benja/Documents/GitHub/StratoSortRust/node_modules/@vitest/runner/dist/index.js:146:14\n    at file:///C:/Users/benja/Documents/GitHub/StratoSortRust/node_modules/@vitest/runner/dist/index.js:533:11\n    at runWithTimeout (file:///C:/Users/benja/Documents/GitHub/StratoSortRust/node_modules/@vitest/runner/dist/index.js:39:7)\n    at runTest (file:///C:/Users/benja/Documents/GitHub/StratoSortRust/node_modules/@vitest/runner/dist/index.js:1056:17)\n    at processTicksAndRejections (node:internal/process/task_queues:105:5)\n    at runSuite (file:///C:/Users/benja/Documents/GitHub/StratoSortRust/node_modules/@vitest/runner/dist/index.js:1205:15)\n    at runSuite (file:///C:/Users/benja/Documents/GitHub/StratoSortRust/node_modules/@vitest/runner/dist/index.js:1205:15)\n    at runSuite (file:///C:/Users/benja/Documents/GitHub/StratoSortRust/node_modules/@vitest/runner/dist/index.js:1205:15)\n    at runFiles (file:///C:/Users/benja/Documents/GitHub/StratoSortRust/node_modules/@vitest/runner/dist/index.js:1262:5)"],"meta":{}},{"ancestorTitles":["AccessibilityManager","Public API Functions"],"fullName":"AccessibilityManager Public API Functions should handle focus actions in test environment","status":"failed","title":"should handle focus actions in test environment","duration":0.6651000000001659,"failureMessages":["ReferenceError: setFocusToMain is not defined\n    at C:\\Users\\benja\\Documents\\GitHub\\StratoSortRust\\src\\lib\\components\\AccessibilityManager.test.ts:149:4\n    at file:///C:/Users/benja/Documents/GitHub/StratoSortRust/node_modules/@vitest/runner/dist/index.js:146:14\n    at file:///C:/Users/benja/Documents/GitHub/StratoSortRust/node_modules/@vitest/runner/dist/index.js:533:11\n    at runWithTimeout (file:///C:/Users/benja/Documents/GitHub/StratoSortRust/node_modules/@vitest/runner/dist/index.js:39:7)\n    at runTest (file:///C:/Users/benja/Documents/GitHub/StratoSortRust/node_modules/@vitest/runner/dist/index.js:1056:17)\n    at processTicksAndRejections (node:internal/process/task_queues:105:5)\n    at runSuite (file:///C:/Users/benja/Documents/GitHub/StratoSortRust/node_modules/@vitest/runner/dist/index.js:1205:15)\n    at runSuite (file:///C:/Users/benja/Documents/GitHub/StratoSortRust/node_modules/@vitest/runner/dist/index.js:1205:15)\n    at runSuite (file:///C:/Users/benja/Documents/GitHub/StratoSortRust/node_modules/@vitest/runner/dist/index.js:1205:15)\n    at runFiles (file:///C:/Users/benja/Documents/GitHub/StratoSortRust/node_modules/@vitest/runner/dist/index.js:1262:5)"],"meta":{}},{"ancestorTitles":["AccessibilityManager","Color Contrast Utility"],"fullName":"AccessibilityManager Color Contrast Utility should calculate color contrast ratios","status":"failed","title":"should calculate color contrast ratios","duration":0.5459000000000742,"failureMessages":["ReferenceError: checkColorContrast is not defined\n    at C:\\Users\\benja\\Documents\\GitHub\\StratoSortRust\\src\\lib\\components\\AccessibilityManager.test.ts:161:19\n    at file:///C:/Users/benja/Documents/GitHub/StratoSortRust/node_modules/@vitest/runner/dist/index.js:146:14\n    at file:///C:/Users/benja/Documents/GitHub/StratoSortRust/node_modules/@vitest/runner/dist/index.js:533:11\n    at runWithTimeout (file:///C:/Users/benja/Documents/GitHub/StratoSortRust/node_modules/@vitest/runner/dist/index.js:39:7)\n    at runTest (file:///C:/Users/benja/Documents/GitHub/StratoSortRust/node_modules/@vitest/runner/dist/index.js:1056:17)\n    at processTicksAndRejections (node:internal/process/task_queues:105:5)\n    at runSuite (file:///C:/Users/benja/Documents/GitHub/StratoSortRust/node_modules/@vitest/runner/dist/index.js:1205:15)\n    at runSuite (file:///C:/Users/benja/Documents/GitHub/StratoSortRust/node_modules/@vitest/runner/dist/index.js:1205:15)\n    at runSuite (file:///C:/Users/benja/Documents/GitHub/StratoSortRust/node_modules/@vitest/runner/dist/index.js:1205:15)\n    at runFiles (file:///C:/Users/benja/Documents/GitHub/StratoSortRust/node_modules/@vitest/runner/dist/index.js:1262:5)"],"meta":{}},{"ancestorTitles":["AccessibilityManager","Color Contrast Utility"],"fullName":"AccessibilityManager Color Contrast Utility should handle invalid color formats","status":"failed","title":"should handle invalid color formats","duration":0.5824999999999818,"failureMessages":["ReferenceError: checkColorContrast is not defined\n    at C:\\Users\\benja\\Documents\\GitHub\\StratoSortRust\\src\\lib\\components\\AccessibilityManager.test.ts:173:19\n    at file:///C:/Users/benja/Documents/GitHub/StratoSortRust/node_modules/@vitest/runner/dist/index.js:146:14\n    at file:///C:/Users/benja/Documents/GitHub/StratoSortRust/node_modules/@vitest/runner/dist/index.js:533:11\n    at runWithTimeout (file:///C:/Users/benja/Documents/GitHub/StratoSortRust/node_modules/@vitest/runner/dist/index.js:39:7)\n    at runTest (file:///C:/Users/benja/Documents/GitHub/StratoSortRust/node_modules/@vitest/runner/dist/index.js:1056:17)\n    at processTicksAndRejections (node:internal/process/task_queues:105:5)\n    at runSuite (file:///C:/Users/benja/Documents/GitHub/StratoSortRust/node_modules/@vitest/runner/dist/index.js:1205:15)\n    at runSuite (file:///C:/Users/benja/Documents/GitHub/StratoSortRust/node_modules/@vitest/runner/dist/index.js:1205:15)\n    at runSuite (file:///C:/Users/benja/Documents/GitHub/StratoSortRust/node_modules/@vitest/runner/dist/index.js:1205:15)\n    at runFiles (file:///C:/Users/benja/Documents/GitHub/StratoSortRust/node_modules/@vitest/runner/dist/index.js:1262:5)"],"meta":{}},{"ancestorTitles":["AccessibilityManager","Browser Integration"],"fullName":"AccessibilityManager Browser Integration should detect reduced motion preference","status":"passed","title":"should detect reduced motion preference","duration":1.2621000000003733,"failureMessages":[],"meta":{}},{"ancestorTitles":["AccessibilityManager","Browser Integration"],"fullName":"AccessibilityManager Browser Integration should detect high contrast preference","status":"passed","title":"should detect high contrast preference","duration":0.6446999999998297,"failureMessages":[],"meta":{}},{"ancestorTitles":["AccessibilityManager","Screen Reader Detection"],"fullName":"AccessibilityManager Screen Reader Detection should detect NVDA screen reader","status":"passed","title":"should detect NVDA screen reader","duration":0.5850999999997839,"failureMessages":[],"meta":{}},{"ancestorTitles":["AccessibilityManager","Screen Reader Detection"],"fullName":"AccessibilityManager Screen Reader Detection should detect JAWS screen reader","status":"passed","title":"should detect JAWS screen reader","duration":0.38830000000007203,"failureMessages":[],"meta":{}},{"ancestorTitles":["AccessibilityManager","Screen Reader Detection"],"fullName":"AccessibilityManager Screen Reader Detection should not detect screen reader in normal browser","status":"passed","title":"should not detect screen reader in normal browser","duration":0.3742000000002008,"failureMessages":[],"meta":{}},{"ancestorTitles":["AccessibilityManager","Error Handling"],"fullName":"AccessibilityManager Error Handling should handle missing window object gracefully","status":"passed","title":"should handle missing window object gracefully","duration":0.39849999999978536,"failureMessages":[],"meta":{}},{"ancestorTitles":["AccessibilityManager","Error Handling"],"fullName":"AccessibilityManager Error Handling should handle missing localStorage gracefully","status":"passed","title":"should handle missing localStorage gracefully","duration":0.9765999999999622,"failureMessages":[],"meta":{}},{"ancestorTitles":["AccessibilityManager","Performance"],"fullName":"AccessibilityManager Performance should not cause memory leaks with repeated mounts/unmounts","status":"passed","title":"should not cause memory leaks with repeated mounts/unmounts","duration":1.4088999999999032,"failureMessages":[],"meta":{}},{"ancestorTitles":["AccessibilityManager","Performance"],"fullName":"AccessibilityManager Performance should debounce preference updates","status":"passed","title":"should debounce preference updates","duration":115.17590000000018,"failureMessages":[],"meta":{}}],"startTime":1758579473747,"endTime":1758579473883.1758,"status":"failed","message":"","name":"C:/Users/benja/Documents/GitHub/StratoSortRust/src/lib/components/AccessibilityManager.test.ts"},{"assertionResults":[{"ancestorTitles":["ErrorBoundary","Normal Operation"],"fullName":"ErrorBoundary Normal Operation should render children when no error occurs","status":"failed","title":"should render children when no error occurs","duration":7.234400000001187,"failureMessages":["TypeError: Cannot read properties of undefined (reading 'ctx')\n    at get_slot_context (C:\\Users\\benja\\Documents\\GitHub\\StratoSortRust\\node_modules\\svelte\\src\\runtime\\internal\\utils.js:189:93)\n    at Module.create_slot (C:\\Users\\benja\\Documents\\GitHub\\StratoSortRust\\node_modules\\svelte\\src\\runtime\\internal\\utils.js:182:20)\n    at Array.create_else_block (C:\\Users\\benja\\Documents\\GitHub\\StratoSortRust\\src\\lib\\components\\ErrorBoundary.svelte:50:45)\n    at create_fragment (C:\\Users\\benja\\Documents\\GitHub\\StratoSortRust\\src\\lib\\components\\ErrorBoundary.svelte:2864:94)\n    at Module.init (C:\\Users\\benja\\Documents\\GitHub\\StratoSortRust\\node_modules\\svelte\\src\\runtime\\internal\\Component.js:143:34)\n    at new ErrorBoundary (C:\\Users\\benja\\Documents\\GitHub\\StratoSortRust\\src\\lib\\components\\ErrorBoundary.svelte:3594:25)\n    at SvelteTestingLibrary.renderComponent (C:\\Users\\benja\\Documents\\GitHub\\StratoSortRust\\node_modules\\@testing-library\\svelte\\src\\pure.js:97:23)\n    at SvelteTestingLibrary.render (C:\\Users\\benja\\Documents\\GitHub\\StratoSortRust\\node_modules\\@testing-library\\svelte\\src\\pure.js:65:28)\n    at C:\\Users\\benja\\Documents\\GitHub\\StratoSortRust\\src\\lib\\components\\ErrorBoundary.test.ts:64:26\n    at file:///C:/Users/benja/Documents/GitHub/StratoSortRust/node_modules/@vitest/runner/dist/index.js:146:14"],"meta":{}},{"ancestorTitles":["ErrorBoundary","Normal Operation"],"fullName":"ErrorBoundary Normal Operation should not show error state initially","status":"passed","title":"should not show error state initially","duration":5.773000000001048,"failureMessages":[],"meta":{}},{"ancestorTitles":["ErrorBoundary","Error Handling"],"fullName":"ErrorBoundary Error Handling should catch and display runtime errors","status":"failed","title":"should catch and display runtime errors","duration":0.7691999999988184,"failureMessages":["TypeError: Cannot read properties of undefined (reading 'ctx')\n    at get_slot_context (C:\\Users\\benja\\Documents\\GitHub\\StratoSortRust\\node_modules\\svelte\\src\\runtime\\internal\\utils.js:189:93)\n    at Module.create_slot (C:\\Users\\benja\\Documents\\GitHub\\StratoSortRust\\node_modules\\svelte\\src\\runtime\\internal\\utils.js:182:20)\n    at Array.create_else_block (C:\\Users\\benja\\Documents\\GitHub\\StratoSortRust\\src\\lib\\components\\ErrorBoundary.svelte:50:45)\n    at create_fragment (C:\\Users\\benja\\Documents\\GitHub\\StratoSortRust\\src\\lib\\components\\ErrorBoundary.svelte:2864:94)\n    at Module.init (C:\\Users\\benja\\Documents\\GitHub\\StratoSortRust\\node_modules\\svelte\\src\\runtime\\internal\\Component.js:143:34)\n    at new ErrorBoundary (C:\\Users\\benja\\Documents\\GitHub\\StratoSortRust\\src\\lib\\components\\ErrorBoundary.svelte:3594:25)\n    at SvelteTestingLibrary.renderComponent (C:\\Users\\benja\\Documents\\GitHub\\StratoSortRust\\node_modules\\@testing-library\\svelte\\src\\pure.js:97:23)\n    at SvelteTestingLibrary.render (C:\\Users\\benja\\Documents\\GitHub\\StratoSortRust\\node_modules\\@testing-library\\svelte\\src\\pure.js:65:28)\n    at C:\\Users\\benja\\Documents\\GitHub\\StratoSortRust\\src\\lib\\components\\ErrorBoundary.test.ts:88:26\n    at file:///C:/Users/benja/Documents/GitHub/StratoSortRust/node_modules/@vitest/runner/dist/index.js:146:14"],"meta":{}},{"ancestorTitles":["ErrorBoundary","Error Handling"],"fullName":"ErrorBoundary Error Handling should display custom error message","status":"passed","title":"should display custom error message","duration":30.860599999999977,"failureMessages":[],"meta":{}},{"ancestorTitles":["ErrorBoundary","Error Handling"],"fullName":"ErrorBoundary Error Handling should show retry button after error","status":"passed","title":"should show retry button after error","duration":20.074100000001636,"failureMessages":[],"meta":{}},{"ancestorTitles":["ErrorBoundary","Error Handling"],"fullName":"ErrorBoundary Error Handling should show home button after error","status":"passed","title":"should show home button after error","duration":10.578300000001036,"failureMessages":[],"meta":{}},{"ancestorTitles":["ErrorBoundary","Error Categorization"],"fullName":"ErrorBoundary Error Categorization should categorize network errors correctly","status":"failed","title":"should categorize network errors correctly","duration":1018.0167000000001,"failureMessages":["Error: Unable to find an element with the text: /network error/i. This could be because the text is broken up by multiple elements. In this case, you can provide a function for your text matcher to make your matcher more flexible.\n\nIgnored nodes: comments, script, style\n\u001b[36m<body>\u001b[39m\n  \u001b[36m<div>\u001b[39m\n    \u001b[0m \u001b[0m\n    \u001b[0m\u001b[0m\n    \u001b[0m \u001b[0m\n    \u001b[0m\u001b[0m\n  \u001b[36m</div>\u001b[39m\n\u001b[36m</body>\u001b[39m\n    at Module.waitForWrapper (C:\\Users\\benja\\Documents\\GitHub\\StratoSortRust\\node_modules\\@testing-library\\svelte\\node_modules\\@testing-library\\dom\\dist\\@testing-library\\dom.esm.js:1126:27)\n    at C:\\Users\\benja\\Documents\\GitHub\\StratoSortRust\\src\\lib\\components\\ErrorBoundary.test.ts:155:10\n    at file:///C:/Users/benja/Documents/GitHub/StratoSortRust/node_modules/@vitest/runner/dist/index.js:146:14\n    at file:///C:/Users/benja/Documents/GitHub/StratoSortRust/node_modules/@vitest/runner/dist/index.js:533:11\n    at runWithTimeout (file:///C:/Users/benja/Documents/GitHub/StratoSortRust/node_modules/@vitest/runner/dist/index.js:39:7)\n    at runTest (file:///C:/Users/benja/Documents/GitHub/StratoSortRust/node_modules/@vitest/runner/dist/index.js:1056:17)\n    at runSuite (file:///C:/Users/benja/Documents/GitHub/StratoSortRust/node_modules/@vitest/runner/dist/index.js:1205:15)\n    at runSuite (file:///C:/Users/benja/Documents/GitHub/StratoSortRust/node_modules/@vitest/runner/dist/index.js:1205:15)\n    at runSuite (file:///C:/Users/benja/Documents/GitHub/StratoSortRust/node_modules/@vitest/runner/dist/index.js:1205:15)\n    at runFiles (file:///C:/Users/benja/Documents/GitHub/StratoSortRust/node_modules/@vitest/runner/dist/index.js:1262:5)"],"meta":{}},{"ancestorTitles":["ErrorBoundary","Error Categorization"],"fullName":"ErrorBoundary Error Categorization should categorize permission errors correctly","status":"failed","title":"should categorize permission errors correctly","duration":1013.3927000000003,"failureMessages":["Error: Unable to find an element with the text: /permission/i. This could be because the text is broken up by multiple elements. In this case, you can provide a function for your text matcher to make your matcher more flexible.\n\nIgnored nodes: comments, script, style\n\u001b[36m<body>\u001b[39m\n  \u001b[36m<div>\u001b[39m\n    \u001b[0m \u001b[0m\n    \u001b[0m\u001b[0m\n    \u001b[0m \u001b[0m\n    \u001b[0m\u001b[0m\n  \u001b[36m</div>\u001b[39m\n\u001b[36m</body>\u001b[39m\n    at Module.waitForWrapper (C:\\Users\\benja\\Documents\\GitHub\\StratoSortRust\\node_modules\\@testing-library\\svelte\\node_modules\\@testing-library\\dom\\dist\\@testing-library\\dom.esm.js:1126:27)\n    at C:\\Users\\benja\\Documents\\GitHub\\StratoSortRust\\src\\lib\\components\\ErrorBoundary.test.ts:171:10\n    at file:///C:/Users/benja/Documents/GitHub/StratoSortRust/node_modules/@vitest/runner/dist/index.js:146:14\n    at file:///C:/Users/benja/Documents/GitHub/StratoSortRust/node_modules/@vitest/runner/dist/index.js:533:11\n    at runWithTimeout (file:///C:/Users/benja/Documents/GitHub/StratoSortRust/node_modules/@vitest/runner/dist/index.js:39:7)\n    at runTest (file:///C:/Users/benja/Documents/GitHub/StratoSortRust/node_modules/@vitest/runner/dist/index.js:1056:17)\n    at runSuite (file:///C:/Users/benja/Documents/GitHub/StratoSortRust/node_modules/@vitest/runner/dist/index.js:1205:15)\n    at runSuite (file:///C:/Users/benja/Documents/GitHub/StratoSortRust/node_modules/@vitest/runner/dist/index.js:1205:15)\n    at runSuite (file:///C:/Users/benja/Documents/GitHub/StratoSortRust/node_modules/@vitest/runner/dist/index.js:1205:15)\n    at runFiles (file:///C:/Users/benja/Documents/GitHub/StratoSortRust/node_modules/@vitest/runner/dist/index.js:1262:5)"],"meta":{}},{"ancestorTitles":["ErrorBoundary","Error Categorization"],"fullName":"ErrorBoundary Error Categorization should provide contextual help based on error type","status":"failed","title":"should provide contextual help based on error type","duration":1006.2065000000002,"failureMessages":["Error: Unable to find an element with the text: /check your internet connection/i. This could be because the text is broken up by multiple elements. In this case, you can provide a function for your text matcher to make your matcher more flexible.\n\nIgnored nodes: comments, script, style\n\u001b[36m<body>\u001b[39m\n  \u001b[36m<div>\u001b[39m\n    \u001b[0m \u001b[0m\n    \u001b[0m\u001b[0m\n    \u001b[0m \u001b[0m\n    \u001b[0m\u001b[0m\n  \u001b[36m</div>\u001b[39m\n\u001b[36m</body>\u001b[39m\n    at Module.waitForWrapper (C:\\Users\\benja\\Documents\\GitHub\\StratoSortRust\\node_modules\\@testing-library\\svelte\\node_modules\\@testing-library\\dom\\dist\\@testing-library\\dom.esm.js:1126:27)\n    at C:\\Users\\benja\\Documents\\GitHub\\StratoSortRust\\src\\lib\\components\\ErrorBoundary.test.ts:187:10\n    at file:///C:/Users/benja/Documents/GitHub/StratoSortRust/node_modules/@vitest/runner/dist/index.js:146:14\n    at file:///C:/Users/benja/Documents/GitHub/StratoSortRust/node_modules/@vitest/runner/dist/index.js:533:11\n    at runWithTimeout (file:///C:/Users/benja/Documents/GitHub/StratoSortRust/node_modules/@vitest/runner/dist/index.js:39:7)\n    at runTest (file:///C:/Users/benja/Documents/GitHub/StratoSortRust/node_modules/@vitest/runner/dist/index.js:1056:17)\n    at runSuite (file:///C:/Users/benja/Documents/GitHub/StratoSortRust/node_modules/@vitest/runner/dist/index.js:1205:15)\n    at runSuite (file:///C:/Users/benja/Documents/GitHub/StratoSortRust/node_modules/@vitest/runner/dist/index.js:1205:15)\n    at runSuite (file:///C:/Users/benja/Documents/GitHub/StratoSortRust/node_modules/@vitest/runner/dist/index.js:1205:15)\n    at runFiles (file:///C:/Users/benja/Documents/GitHub/StratoSortRust/node_modules/@vitest/runner/dist/index.js:1262:5)"],"meta":{}},{"ancestorTitles":["ErrorBoundary","Auto-Retry Functionality"],"fullName":"ErrorBoundary Auto-Retry Functionality should enable auto-retry for transient errors","status":"failed","title":"should enable auto-retry for transient errors","duration":1008.0758999999998,"failureMessages":["Error: Unable to find an element with the text: /retrying automatically/i. This could be because the text is broken up by multiple elements. In this case, you can provide a function for your text matcher to make your matcher more flexible.\n\nIgnored nodes: comments, script, style\n\u001b[36m<body>\u001b[39m\n  \u001b[36m<div>\u001b[39m\n    \u001b[0m \u001b[0m\n    \u001b[0m\u001b[0m\n    \u001b[0m \u001b[0m\n    \u001b[0m\u001b[0m\n  \u001b[36m</div>\u001b[39m\n\u001b[36m</body>\u001b[39m\n    at Module.waitForWrapper (C:\\Users\\benja\\Documents\\GitHub\\StratoSortRust\\node_modules\\@testing-library\\svelte\\node_modules\\@testing-library\\dom\\dist\\@testing-library\\dom.esm.js:1126:27)\n    at C:\\Users\\benja\\Documents\\GitHub\\StratoSortRust\\src\\lib\\components\\ErrorBoundary.test.ts:207:10\n    at file:///C:/Users/benja/Documents/GitHub/StratoSortRust/node_modules/@vitest/runner/dist/index.js:146:14\n    at file:///C:/Users/benja/Documents/GitHub/StratoSortRust/node_modules/@vitest/runner/dist/index.js:533:11\n    at runWithTimeout (file:///C:/Users/benja/Documents/GitHub/StratoSortRust/node_modules/@vitest/runner/dist/index.js:39:7)\n    at runTest (file:///C:/Users/benja/Documents/GitHub/StratoSortRust/node_modules/@vitest/runner/dist/index.js:1056:17)\n    at runSuite (file:///C:/Users/benja/Documents/GitHub/StratoSortRust/node_modules/@vitest/runner/dist/index.js:1205:15)\n    at runSuite (file:///C:/Users/benja/Documents/GitHub/StratoSortRust/node_modules/@vitest/runner/dist/index.js:1205:15)\n    at runSuite (file:///C:/Users/benja/Documents/GitHub/StratoSortRust/node_modules/@vitest/runner/dist/index.js:1205:15)\n    at runFiles (file:///C:/Users/benja/Documents/GitHub/StratoSortRust/node_modules/@vitest/runner/dist/index.js:1262:5)"],"meta":{}},{"ancestorTitles":["ErrorBoundary","Auto-Retry Functionality"],"fullName":"ErrorBoundary Auto-Retry Functionality should not auto-retry for permanent errors","status":"passed","title":"should not auto-retry for permanent errors","duration":1.0884000000005472,"failureMessages":[],"meta":{}},{"ancestorTitles":["ErrorBoundary","Auto-Retry Functionality"],"fullName":"ErrorBoundary Auto-Retry Functionality should stop auto-retry after max attempts","status":"failed","title":"should stop auto-retry after max attempts","duration":1008.6952000000019,"failureMessages":["Error: Unable to find an element with the text: /maximum retry attempts/i. This could be because the text is broken up by multiple elements. In this case, you can provide a function for your text matcher to make your matcher more flexible.\n\nIgnored nodes: comments, script, style\n\u001b[36m<body>\u001b[39m\n  \u001b[36m<div>\u001b[39m\n    \u001b[0m \u001b[0m\n    \u001b[0m\u001b[0m\n    \u001b[0m \u001b[0m\n    \u001b[0m\u001b[0m\n  \u001b[36m</div>\u001b[39m\n\u001b[36m</body>\u001b[39m\n    at Module.waitForWrapper (C:\\Users\\benja\\Documents\\GitHub\\StratoSortRust\\node_modules\\@testing-library\\svelte\\node_modules\\@testing-library\\dom\\dist\\@testing-library\\dom.esm.js:1126:27)\n    at C:\\Users\\benja\\Documents\\GitHub\\StratoSortRust\\src\\lib\\components\\ErrorBoundary.test.ts:238:10\n    at file:///C:/Users/benja/Documents/GitHub/StratoSortRust/node_modules/@vitest/runner/dist/index.js:146:14\n    at file:///C:/Users/benja/Documents/GitHub/StratoSortRust/node_modules/@vitest/runner/dist/index.js:533:11\n    at runWithTimeout (file:///C:/Users/benja/Documents/GitHub/StratoSortRust/node_modules/@vitest/runner/dist/index.js:39:7)\n    at runTest (file:///C:/Users/benja/Documents/GitHub/StratoSortRust/node_modules/@vitest/runner/dist/index.js:1056:17)\n    at runSuite (file:///C:/Users/benja/Documents/GitHub/StratoSortRust/node_modules/@vitest/runner/dist/index.js:1205:15)\n    at runSuite (file:///C:/Users/benja/Documents/GitHub/StratoSortRust/node_modules/@vitest/runner/dist/index.js:1205:15)\n    at runSuite (file:///C:/Users/benja/Documents/GitHub/StratoSortRust/node_modules/@vitest/runner/dist/index.js:1205:15)\n    at runFiles (file:///C:/Users/benja/Documents/GitHub/StratoSortRust/node_modules/@vitest/runner/dist/index.js:1262:5)"],"meta":{}},{"ancestorTitles":["ErrorBoundary","Error History"],"fullName":"ErrorBoundary Error History should track error history in store","status":"failed","title":"should track error history in store","duration":1010.8485000000001,"failureMessages":["AssertionError: expected [] to have a length of 1 but got +0\n\nIgnored nodes: comments, script, style\n\u001b[36m<html>\u001b[39m\n  \u001b[36m<head />\u001b[39m\n  \u001b[36m<body>\u001b[39m\n    \u001b[36m<div>\u001b[39m\n      \u001b[0m \u001b[0m\n      \u001b[0m\u001b[0m\n      \u001b[0m \u001b[0m\n      \u001b[0m\u001b[0m\n    \u001b[36m</div>\u001b[39m\n  \u001b[36m</body>\u001b[39m\n\u001b[36m</html>\u001b[39m\n    at Proxy.<anonymous> (file:///C:/Users/benja/Documents/GitHub/StratoSortRust/node_modules/@vitest/expect/dist/index.js:1339:22)\n    at Proxy.<anonymous> (file:///C:/Users/benja/Documents/GitHub/StratoSortRust/node_modules/@vitest/expect/dist/index.js:972:17)\n    at Proxy.methodWrapper (file:///C:/Users/benja/Documents/GitHub/StratoSortRust/node_modules/chai/index.js:1686:25)\n    at C:\\Users\\benja\\Documents\\GitHub\\StratoSortRust\\src\\lib\\components\\ErrorBoundary.test.ts:258:21\n    at runWithExpensiveErrorDiagnosticsDisabled (C:\\Users\\benja\\Documents\\GitHub\\StratoSortRust\\node_modules\\@testing-library\\svelte\\node_modules\\@testing-library\\dom\\dist\\@testing-library\\dom.esm.js:342:12)\n    at checkCallback (C:\\Users\\benja\\Documents\\GitHub\\StratoSortRust\\node_modules\\@testing-library\\svelte\\node_modules\\@testing-library\\dom\\dist\\@testing-library\\dom.esm.js:1087:24)\n    at Timeout.checkRealTimersCallback (C:\\Users\\benja\\Documents\\GitHub\\StratoSortRust\\node_modules\\@testing-library\\svelte\\node_modules\\@testing-library\\dom\\dist\\@testing-library\\dom.esm.js:1081:16)\n    at listOnTimeout (node:internal/timers:588:17)\n    at processTimers (node:internal/timers:523:7)"],"meta":{}},{"ancestorTitles":["ErrorBoundary","Error History"],"fullName":"ErrorBoundary Error History should include context information in error records","status":"failed","title":"should include context information in error records","duration":1013.9410000000025,"failureMessages":["TypeError: Cannot read properties of undefined (reading 'context')\n\nIgnored nodes: comments, script, style\n\u001b[36m<html>\u001b[39m\n  \u001b[36m<head />\u001b[39m\n  \u001b[36m<body>\u001b[39m\n    \u001b[36m<div>\u001b[39m\n      \u001b[0m \u001b[0m\n      \u001b[0m\u001b[0m\n      \u001b[0m \u001b[0m\n      \u001b[0m\u001b[0m\n    \u001b[36m</div>\u001b[39m\n  \u001b[36m</body>\u001b[39m\n\u001b[36m</html>\u001b[39m\n    at C:\\Users\\benja\\Documents\\GitHub\\StratoSortRust\\src\\lib\\components\\ErrorBoundary.test.ts:277:23\n    at runWithExpensiveErrorDiagnosticsDisabled (C:\\Users\\benja\\Documents\\GitHub\\StratoSortRust\\node_modules\\@testing-library\\svelte\\node_modules\\@testing-library\\dom\\dist\\@testing-library\\dom.esm.js:342:12)\n    at checkCallback (C:\\Users\\benja\\Documents\\GitHub\\StratoSortRust\\node_modules\\@testing-library\\svelte\\node_modules\\@testing-library\\dom\\dist\\@testing-library\\dom.esm.js:1087:24)\n    at Timeout.checkRealTimersCallback (C:\\Users\\benja\\Documents\\GitHub\\StratoSortRust\\node_modules\\@testing-library\\svelte\\node_modules\\@testing-library\\dom\\dist\\@testing-library\\dom.esm.js:1081:16)\n    at listOnTimeout (node:internal/timers:588:17)\n    at processTimers (node:internal/timers:523:7)"],"meta":{}},{"ancestorTitles":["ErrorBoundary","Error History"],"fullName":"ErrorBoundary Error History should generate unique error IDs","status":"failed","title":"should generate unique error IDs","duration":1015.3953000000001,"failureMessages":["AssertionError: expected [] to have a length of 2 but got +0\n\nIgnored nodes: comments, script, style\n\u001b[36m<html>\u001b[39m\n  \u001b[36m<head />\u001b[39m\n  \u001b[36m<body>\u001b[39m\n    \u001b[36m<div>\u001b[39m\n      \u001b[0m \u001b[0m\n      \u001b[0m\u001b[0m\n      \u001b[0m \u001b[0m\n      \u001b[0m\u001b[0m\n    \u001b[36m</div>\u001b[39m\n    \u001b[36m<div>\u001b[39m\n      \u001b[0m \u001b[0m\n      \u001b[0m\u001b[0m\n      \u001b[0m \u001b[0m\n      \u001b[0m\u001b[0m\n    \u001b[36m</div>\u001b[39m\n  \u001b[36m</body>\u001b[39m\n\u001b[36m</html>\u001b[39m\n    at Proxy.<anonymous> (file:///C:/Users/benja/Documents/GitHub/StratoSortRust/node_modules/@vitest/expect/dist/index.js:1339:22)\n    at Proxy.<anonymous> (file:///C:/Users/benja/Documents/GitHub/StratoSortRust/node_modules/@vitest/expect/dist/index.js:972:17)\n    at Proxy.methodWrapper (file:///C:/Users/benja/Documents/GitHub/StratoSortRust/node_modules/chai/index.js:1686:25)\n    at C:\\Users\\benja\\Documents\\GitHub\\StratoSortRust\\src\\lib\\components\\ErrorBoundary.test.ts:300:21\n    at runWithExpensiveErrorDiagnosticsDisabled (C:\\Users\\benja\\Documents\\GitHub\\StratoSortRust\\node_modules\\@testing-library\\svelte\\node_modules\\@testing-library\\dom\\dist\\@testing-library\\dom.esm.js:342:12)\n    at checkCallback (C:\\Users\\benja\\Documents\\GitHub\\StratoSortRust\\node_modules\\@testing-library\\svelte\\node_modules\\@testing-library\\dom\\dist\\@testing-library\\dom.esm.js:1087:24)\n    at Timeout.checkRealTimersCallback (C:\\Users\\benja\\Documents\\GitHub\\StratoSortRust\\node_modules\\@testing-library\\svelte\\node_modules\\@testing-library\\dom\\dist\\@testing-library\\dom.esm.js:1081:16)\n    at listOnTimeout (node:internal/timers:588:17)\n    at processTimers (node:internal/timers:523:7)"],"meta":{}},{"ancestorTitles":["ErrorBoundary","User Interactions"],"fullName":"ErrorBoundary User Interactions should handle retry button click","status":"failed","title":"should handle retry button click","duration":1.664600000000064,"failureMessages":["TestingLibraryElementError: Unable to find an accessible element with the role \"button\" and name `/try again/i`\n\nThere are no accessible roles. But there might be some inaccessible roles. If you wish to access them, then set the `hidden` option to `true`. Learn more about this here: https://testing-library.com/docs/dom-testing-library/api-queries#byrole\n\nIgnored nodes: comments, script, style\n\u001b[36m<body>\u001b[39m\n  \u001b[36m<div>\u001b[39m\n    \u001b[0m \u001b[0m\n    \u001b[0m\u001b[0m\n    \u001b[0m \u001b[0m\n    \u001b[0m\u001b[0m\n  \u001b[36m</div>\u001b[39m\n\u001b[36m</body>\u001b[39m\n    at Object.getElementError (C:\\Users\\benja\\Documents\\GitHub\\StratoSortRust\\node_modules\\@testing-library\\svelte\\node_modules\\@testing-library\\dom\\dist\\@testing-library\\dom.esm.js:332:19)\n    at C:\\Users\\benja\\Documents\\GitHub\\StratoSortRust\\node_modules\\@testing-library\\svelte\\node_modules\\@testing-library\\dom\\dist\\@testing-library\\dom.esm.js:1196:25\n    at C:\\Users\\benja\\Documents\\GitHub\\StratoSortRust\\node_modules\\@testing-library\\svelte\\node_modules\\@testing-library\\dom\\dist\\@testing-library\\dom.esm.js:1175:17\n    at C:\\Users\\benja\\Documents\\GitHub\\StratoSortRust\\node_modules\\@testing-library\\svelte\\node_modules\\@testing-library\\dom\\dist\\@testing-library\\dom.esm.js:1218:19\n    at C:\\Users\\benja\\Documents\\GitHub\\StratoSortRust\\src\\lib\\components\\ErrorBoundary.test.ts:315:31\n    at file:///C:/Users/benja/Documents/GitHub/StratoSortRust/node_modules/@vitest/runner/dist/index.js:146:14\n    at file:///C:/Users/benja/Documents/GitHub/StratoSortRust/node_modules/@vitest/runner/dist/index.js:533:11\n    at runWithTimeout (file:///C:/Users/benja/Documents/GitHub/StratoSortRust/node_modules/@vitest/runner/dist/index.js:39:7)\n    at runTest (file:///C:/Users/benja/Documents/GitHub/StratoSortRust/node_modules/@vitest/runner/dist/index.js:1056:17)\n    at runSuite (file:///C:/Users/benja/Documents/GitHub/StratoSortRust/node_modules/@vitest/runner/dist/index.js:1205:15)"],"meta":{}},{"ancestorTitles":["ErrorBoundary","User Interactions"],"fullName":"ErrorBoundary User Interactions should copy error details to clipboard","status":"failed","title":"should copy error details to clipboard","duration":0.7685999999994237,"failureMessages":["TypeError: Cannot set property clipboard of [object Object] which has only a getter\n    at Function.assign (<anonymous>)\n    at C:\\Users\\benja\\Documents\\GitHub\\StratoSortRust\\src\\lib\\components\\ErrorBoundary.test.ts:327:11\n    at file:///C:/Users/benja/Documents/GitHub/StratoSortRust/node_modules/@vitest/runner/dist/index.js:146:14\n    at file:///C:/Users/benja/Documents/GitHub/StratoSortRust/node_modules/@vitest/runner/dist/index.js:533:11\n    at runWithTimeout (file:///C:/Users/benja/Documents/GitHub/StratoSortRust/node_modules/@vitest/runner/dist/index.js:39:7)\n    at runTest (file:///C:/Users/benja/Documents/GitHub/StratoSortRust/node_modules/@vitest/runner/dist/index.js:1056:17)\n    at runSuite (file:///C:/Users/benja/Documents/GitHub/StratoSortRust/node_modules/@vitest/runner/dist/index.js:1205:15)\n    at runSuite (file:///C:/Users/benja/Documents/GitHub/StratoSortRust/node_modules/@vitest/runner/dist/index.js:1205:15)\n    at runSuite (file:///C:/Users/benja/Documents/GitHub/StratoSortRust/node_modules/@vitest/runner/dist/index.js:1205:15)\n    at runFiles (file:///C:/Users/benja/Documents/GitHub/StratoSortRust/node_modules/@vitest/runner/dist/index.js:1262:5)"],"meta":{}},{"ancestorTitles":["ErrorBoundary","User Interactions"],"fullName":"ErrorBoundary User Interactions should show debug modal when requested","status":"failed","title":"should show debug modal when requested","duration":1.1683999999986554,"failureMessages":["TestingLibraryElementError: Unable to find an accessible element with the role \"button\" and name `/debug info/i`\n\nThere are no accessible roles. But there might be some inaccessible roles. If you wish to access them, then set the `hidden` option to `true`. Learn more about this here: https://testing-library.com/docs/dom-testing-library/api-queries#byrole\n\nIgnored nodes: comments, script, style\n\u001b[36m<body>\u001b[39m\n  \u001b[36m<div>\u001b[39m\n    \u001b[0m \u001b[0m\n    \u001b[0m\u001b[0m\n    \u001b[0m \u001b[0m\n    \u001b[0m\u001b[0m\n  \u001b[36m</div>\u001b[39m\n\u001b[36m</body>\u001b[39m\n    at Object.getElementError (C:\\Users\\benja\\Documents\\GitHub\\StratoSortRust\\node_modules\\@testing-library\\svelte\\node_modules\\@testing-library\\dom\\dist\\@testing-library\\dom.esm.js:332:19)\n    at C:\\Users\\benja\\Documents\\GitHub\\StratoSortRust\\node_modules\\@testing-library\\svelte\\node_modules\\@testing-library\\dom\\dist\\@testing-library\\dom.esm.js:1196:25\n    at C:\\Users\\benja\\Documents\\GitHub\\StratoSortRust\\node_modules\\@testing-library\\svelte\\node_modules\\@testing-library\\dom\\dist\\@testing-library\\dom.esm.js:1175:17\n    at C:\\Users\\benja\\Documents\\GitHub\\StratoSortRust\\node_modules\\@testing-library\\svelte\\node_modules\\@testing-library\\dom\\dist\\@testing-library\\dom.esm.js:1218:19\n    at C:\\Users\\benja\\Documents\\GitHub\\StratoSortRust\\src\\lib\\components\\ErrorBoundary.test.ts:358:31\n    at file:///C:/Users/benja/Documents/GitHub/StratoSortRust/node_modules/@vitest/runner/dist/index.js:146:14\n    at file:///C:/Users/benja/Documents/GitHub/StratoSortRust/node_modules/@vitest/runner/dist/index.js:533:11\n    at runWithTimeout (file:///C:/Users/benja/Documents/GitHub/StratoSortRust/node_modules/@vitest/runner/dist/index.js:39:7)\n    at runTest (file:///C:/Users/benja/Documents/GitHub/StratoSortRust/node_modules/@vitest/runner/dist/index.js:1056:17)\n    at runSuite (file:///C:/Users/benja/Documents/GitHub/StratoSortRust/node_modules/@vitest/runner/dist/index.js:1205:15)"],"meta":{}},{"ancestorTitles":["ErrorBoundary","User Interactions"],"fullName":"ErrorBoundary User Interactions should show report modal when requested","status":"failed","title":"should show report modal when requested","duration":0.9909000000006927,"failureMessages":["TestingLibraryElementError: Unable to find an accessible element with the role \"button\" and name `/report error/i`\n\nThere are no accessible roles. But there might be some inaccessible roles. If you wish to access them, then set the `hidden` option to `true`. Learn more about this here: https://testing-library.com/docs/dom-testing-library/api-queries#byrole\n\nIgnored nodes: comments, script, style\n\u001b[36m<body>\u001b[39m\n  \u001b[36m<div>\u001b[39m\n    \u001b[0m \u001b[0m\n    \u001b[0m\u001b[0m\n    \u001b[0m \u001b[0m\n    \u001b[0m\u001b[0m\n  \u001b[36m</div>\u001b[39m\n\u001b[36m</body>\u001b[39m\n    at Object.getElementError (C:\\Users\\benja\\Documents\\GitHub\\StratoSortRust\\node_modules\\@testing-library\\svelte\\node_modules\\@testing-library\\dom\\dist\\@testing-library\\dom.esm.js:332:19)\n    at C:\\Users\\benja\\Documents\\GitHub\\StratoSortRust\\node_modules\\@testing-library\\svelte\\node_modules\\@testing-library\\dom\\dist\\@testing-library\\dom.esm.js:1196:25\n    at C:\\Users\\benja\\Documents\\GitHub\\StratoSortRust\\node_modules\\@testing-library\\svelte\\node_modules\\@testing-library\\dom\\dist\\@testing-library\\dom.esm.js:1175:17\n    at C:\\Users\\benja\\Documents\\GitHub\\StratoSortRust\\node_modules\\@testing-library\\svelte\\node_modules\\@testing-library\\dom\\dist\\@testing-library\\dom.esm.js:1218:19\n    at C:\\Users\\benja\\Documents\\GitHub\\StratoSortRust\\src\\lib\\components\\ErrorBoundary.test.ts:375:32\n    at file:///C:/Users/benja/Documents/GitHub/StratoSortRust/node_modules/@vitest/runner/dist/index.js:146:14\n    at file:///C:/Users/benja/Documents/GitHub/StratoSortRust/node_modules/@vitest/runner/dist/index.js:533:11\n    at runWithTimeout (file:///C:/Users/benja/Documents/GitHub/StratoSortRust/node_modules/@vitest/runner/dist/index.js:39:7)\n    at runTest (file:///C:/Users/benja/Documents/GitHub/StratoSortRust/node_modules/@vitest/runner/dist/index.js:1056:17)\n    at runSuite (file:///C:/Users/benja/Documents/GitHub/StratoSortRust/node_modules/@vitest/runner/dist/index.js:1205:15)"],"meta":{}},{"ancestorTitles":["ErrorBoundary","Accessibility"],"fullName":"ErrorBoundary Accessibility should have proper ARIA attributes","status":"failed","title":"should have proper ARIA attributes","duration":0.9075999999986379,"failureMessages":["TestingLibraryElementError: Unable to find an accessible element with the role \"alert\"\n\nThere are no accessible roles. But there might be some inaccessible roles. If you wish to access them, then set the `hidden` option to `true`. Learn more about this here: https://testing-library.com/docs/dom-testing-library/api-queries#byrole\n\nIgnored nodes: comments, script, style\n\u001b[36m<body>\u001b[39m\n  \u001b[36m<div>\u001b[39m\n    \u001b[0m \u001b[0m\n    \u001b[0m\u001b[0m\n    \u001b[0m \u001b[0m\n    \u001b[0m\u001b[0m\n  \u001b[36m</div>\u001b[39m\n\u001b[36m</body>\u001b[39m\n    at Object.getElementError (C:\\Users\\benja\\Documents\\GitHub\\StratoSortRust\\node_modules\\@testing-library\\svelte\\node_modules\\@testing-library\\dom\\dist\\@testing-library\\dom.esm.js:332:19)\n    at C:\\Users\\benja\\Documents\\GitHub\\StratoSortRust\\node_modules\\@testing-library\\svelte\\node_modules\\@testing-library\\dom\\dist\\@testing-library\\dom.esm.js:1196:25\n    at C:\\Users\\benja\\Documents\\GitHub\\StratoSortRust\\node_modules\\@testing-library\\svelte\\node_modules\\@testing-library\\dom\\dist\\@testing-library\\dom.esm.js:1175:17\n    at C:\\Users\\benja\\Documents\\GitHub\\StratoSortRust\\node_modules\\@testing-library\\svelte\\node_modules\\@testing-library\\dom\\dist\\@testing-library\\dom.esm.js:1218:19\n    at C:\\Users\\benja\\Documents\\GitHub\\StratoSortRust\\src\\lib\\components\\ErrorBoundary.test.ts:392:34\n    at file:///C:/Users/benja/Documents/GitHub/StratoSortRust/node_modules/@vitest/runner/dist/index.js:146:14\n    at file:///C:/Users/benja/Documents/GitHub/StratoSortRust/node_modules/@vitest/runner/dist/index.js:533:11\n    at runWithTimeout (file:///C:/Users/benja/Documents/GitHub/StratoSortRust/node_modules/@vitest/runner/dist/index.js:39:7)\n    at runTest (file:///C:/Users/benja/Documents/GitHub/StratoSortRust/node_modules/@vitest/runner/dist/index.js:1056:17)\n    at runSuite (file:///C:/Users/benja/Documents/GitHub/StratoSortRust/node_modules/@vitest/runner/dist/index.js:1205:15)"],"meta":{}},{"ancestorTitles":["ErrorBoundary","Accessibility"],"fullName":"ErrorBoundary Accessibility should be focusable for screen readers","status":"failed","title":"should be focusable for screen readers","duration":1.2551999999996042,"failureMessages":["TestingLibraryElementError: Unable to find an accessible element with the role \"alert\"\n\nThere are no accessible roles. But there might be some inaccessible roles. If you wish to access them, then set the `hidden` option to `true`. Learn more about this here: https://testing-library.com/docs/dom-testing-library/api-queries#byrole\n\nIgnored nodes: comments, script, style\n\u001b[36m<body>\u001b[39m\n  \u001b[36m<div>\u001b[39m\n    \u001b[0m \u001b[0m\n    \u001b[0m\u001b[0m\n    \u001b[0m \u001b[0m\n    \u001b[0m\u001b[0m\n  \u001b[36m</div>\u001b[39m\n\u001b[36m</body>\u001b[39m\n    at Object.getElementError (C:\\Users\\benja\\Documents\\GitHub\\StratoSortRust\\node_modules\\@testing-library\\svelte\\node_modules\\@testing-library\\dom\\dist\\@testing-library\\dom.esm.js:332:19)\n    at C:\\Users\\benja\\Documents\\GitHub\\StratoSortRust\\node_modules\\@testing-library\\svelte\\node_modules\\@testing-library\\dom\\dist\\@testing-library\\dom.esm.js:1196:25\n    at C:\\Users\\benja\\Documents\\GitHub\\StratoSortRust\\node_modules\\@testing-library\\svelte\\node_modules\\@testing-library\\dom\\dist\\@testing-library\\dom.esm.js:1175:17\n    at C:\\Users\\benja\\Documents\\GitHub\\StratoSortRust\\node_modules\\@testing-library\\svelte\\node_modules\\@testing-library\\dom\\dist\\@testing-library\\dom.esm.js:1218:19\n    at C:\\Users\\benja\\Documents\\GitHub\\StratoSortRust\\src\\lib\\components\\ErrorBoundary.test.ts:403:34\n    at file:///C:/Users/benja/Documents/GitHub/StratoSortRust/node_modules/@vitest/runner/dist/index.js:146:14\n    at file:///C:/Users/benja/Documents/GitHub/StratoSortRust/node_modules/@vitest/runner/dist/index.js:533:11\n    at runWithTimeout (file:///C:/Users/benja/Documents/GitHub/StratoSortRust/node_modules/@vitest/runner/dist/index.js:39:7)\n    at runTest (file:///C:/Users/benja/Documents/GitHub/StratoSortRust/node_modules/@vitest/runner/dist/index.js:1056:17)\n    at runSuite (file:///C:/Users/benja/Documents/GitHub/StratoSortRust/node_modules/@vitest/runner/dist/index.js:1205:15)"],"meta":{}},{"ancestorTitles":["ErrorBoundary","Accessibility"],"fullName":"ErrorBoundary Accessibility should provide descriptive button labels","status":"failed","title":"should provide descriptive button labels","duration":1.1631999999990512,"failureMessages":["TestingLibraryElementError: Unable to find an accessible element with the role \"button\" and name `/try again/i`\n\nThere are no accessible roles. But there might be some inaccessible roles. If you wish to access them, then set the `hidden` option to `true`. Learn more about this here: https://testing-library.com/docs/dom-testing-library/api-queries#byrole\n\nIgnored nodes: comments, script, style\n\u001b[36m<body>\u001b[39m\n  \u001b[36m<div>\u001b[39m\n    \u001b[0m \u001b[0m\n    \u001b[0m\u001b[0m\n    \u001b[0m \u001b[0m\n    \u001b[0m\u001b[0m\n  \u001b[36m</div>\u001b[39m\n\u001b[36m</body>\u001b[39m\n    at Object.getElementError (C:\\Users\\benja\\Documents\\GitHub\\StratoSortRust\\node_modules\\@testing-library\\svelte\\node_modules\\@testing-library\\dom\\dist\\@testing-library\\dom.esm.js:332:19)\n    at C:\\Users\\benja\\Documents\\GitHub\\StratoSortRust\\node_modules\\@testing-library\\svelte\\node_modules\\@testing-library\\dom\\dist\\@testing-library\\dom.esm.js:1196:25\n    at C:\\Users\\benja\\Documents\\GitHub\\StratoSortRust\\node_modules\\@testing-library\\svelte\\node_modules\\@testing-library\\dom\\dist\\@testing-library\\dom.esm.js:1175:17\n    at C:\\Users\\benja\\Documents\\GitHub\\StratoSortRust\\node_modules\\@testing-library\\svelte\\node_modules\\@testing-library\\dom\\dist\\@testing-library\\dom.esm.js:1218:19\n    at C:\\Users\\benja\\Documents\\GitHub\\StratoSortRust\\src\\lib\\components\\ErrorBoundary.test.ts:416:18\n    at file:///C:/Users/benja/Documents/GitHub/StratoSortRust/node_modules/@vitest/runner/dist/index.js:146:14\n    at file:///C:/Users/benja/Documents/GitHub/StratoSortRust/node_modules/@vitest/runner/dist/index.js:533:11\n    at runWithTimeout (file:///C:/Users/benja/Documents/GitHub/StratoSortRust/node_modules/@vitest/runner/dist/index.js:39:7)\n    at runTest (file:///C:/Users/benja/Documents/GitHub/StratoSortRust/node_modules/@vitest/runner/dist/index.js:1056:17)\n    at runSuite (file:///C:/Users/benja/Documents/GitHub/StratoSortRust/node_modules/@vitest/runner/dist/index.js:1205:15)"],"meta":{}},{"ancestorTitles":["ErrorBoundary","Performance"],"fullName":"ErrorBoundary Performance should not cause infinite render loops","status":"passed","title":"should not cause infinite render loops","duration":101.3711000000003,"failureMessages":[],"meta":{}},{"ancestorTitles":["ErrorBoundary","Performance"],"fullName":"ErrorBoundary Performance should clean up timers on unmount","status":"passed","title":"should clean up timers on unmount","duration":1108.1286,"failureMessages":[],"meta":{}}],"startTime":1758579487122,"endTime":1758579496511.1287,"status":"failed","message":"","name":"C:/Users/benja/Documents/GitHub/StratoSortRust/src/lib/components/ErrorBoundary.test.ts"},{"assertionResults":[{"ancestorTitles":["Store Management","Basic stores"],"fullName":"Store Management Basic stores should manage current page state","status":"passed","title":"should manage current page state","duration":2.4168999999999414,"failureMessages":[],"meta":{}},{"ancestorTitles":["Store Management","Basic stores"],"fullName":"Store Management Basic stores should manage selected files","status":"passed","title":"should manage selected files","duration":2.289600000000064,"failureMessages":[],"meta":{}},{"ancestorTitles":["Store Management","Basic stores"],"fullName":"Store Management Basic stores should manage scanned files","status":"passed","title":"should manage scanned files","duration":0.6796999999999116,"failureMessages":[],"meta":{}},{"ancestorTitles":["Store Management","Basic stores"],"fullName":"Store Management Basic stores should manage analysis results","status":"passed","title":"should manage analysis results","duration":0.45479999999997744,"failureMessages":[],"meta":{}},{"ancestorTitles":["Store Management","Basic stores"],"fullName":"Store Management Basic stores should manage app settings with defaults","status":"passed","title":"should manage app settings with defaults","duration":0.5597999999999956,"failureMessages":[],"meta":{}},{"ancestorTitles":["Store Management","Derived stores"],"fullName":"Store Management Derived stores should derive hasSelectedFiles correctly","status":"passed","title":"should derive hasSelectedFiles correctly","duration":0.8960999999999331,"failureMessages":[],"meta":{}},{"ancestorTitles":["Store Management","Derived stores"],"fullName":"Store Management Derived stores should derive selectedFileCount correctly","status":"passed","title":"should derive selectedFileCount correctly","duration":0.564200000000028,"failureMessages":[],"meta":{}},{"ancestorTitles":["Store Management","Derived stores"],"fullName":"Store Management Derived stores should derive isAnalyzing correctly","status":"passed","title":"should derive isAnalyzing correctly","duration":0.733199999999897,"failureMessages":[],"meta":{}},{"ancestorTitles":["Store Management","Derived stores"],"fullName":"Store Management Derived stores should derive hasAnalysisResults correctly","status":"passed","title":"should derive hasAnalysisResults correctly","duration":0.8601999999998498,"failureMessages":[],"meta":{}},{"ancestorTitles":["Store Management","File selection helpers"],"fullName":"Store Management File selection helpers should toggle file selection","status":"passed","title":"should toggle file selection","duration":1.5528999999999087,"failureMessages":[],"meta":{}},{"ancestorTitles":["Store Management","File selection helpers"],"fullName":"Store Management File selection helpers should select all files","status":"passed","title":"should select all files","duration":0.484000000000151,"failureMessages":[],"meta":{}},{"ancestorTitles":["Store Management","File selection helpers"],"fullName":"Store Management File selection helpers should clear selection","status":"passed","title":"should clear selection","duration":0.5675999999998567,"failureMessages":[],"meta":{}},{"ancestorTitles":["Store Management","Analysis results management"],"fullName":"Store Management Analysis results management should add file analysis","status":"passed","title":"should add file analysis","duration":1.1436000000001059,"failureMessages":[],"meta":{}},{"ancestorTitles":["Store Management","Analysis results management"],"fullName":"Store Management Analysis results management should update existing analysis","status":"passed","title":"should update existing analysis","duration":0.8089999999999691,"failureMessages":[],"meta":{}},{"ancestorTitles":["Store Management","Analysis results management"],"fullName":"Store Management Analysis results management should remove file analysis","status":"passed","title":"should remove file analysis","duration":0.5920000000000982,"failureMessages":[],"meta":{}},{"ancestorTitles":["Store Management","Analysis results management"],"fullName":"Store Management Analysis results management should clear all analysis results","status":"passed","title":"should clear all analysis results","duration":0.4136000000000877,"failureMessages":[],"meta":{}},{"ancestorTitles":["Store Management","Progress management"],"fullName":"Store Management Progress management should update progress","status":"passed","title":"should update progress","duration":1.2475999999999203,"failureMessages":[],"meta":{}},{"ancestorTitles":["Store Management","Progress management"],"fullName":"Store Management Progress management should complete operation","status":"passed","title":"should complete operation","duration":0.54950000000008,"failureMessages":[],"meta":{}},{"ancestorTitles":["Store Management","Progress management"],"fullName":"Store Management Progress management should handle operation error","status":"passed","title":"should handle operation error","duration":0.47129999999992833,"failureMessages":[],"meta":{}},{"ancestorTitles":["Store Management","Ollama status management"],"fullName":"Store Management Ollama status management should update Ollama status","status":"passed","title":"should update Ollama status","duration":0.39010000000007494,"failureMessages":[],"meta":{}},{"ancestorTitles":["Store Management","Ollama status management"],"fullName":"Store Management Ollama status management should handle disconnected Ollama","status":"passed","title":"should handle disconnected Ollama","duration":0.3967999999999847,"failureMessages":[],"meta":{}},{"ancestorTitles":["Store Management","Event listeners"],"fullName":"Store Management Event listeners should initialize event listeners","status":"failed","title":"should initialize event listeners","duration":10.57939999999985,"failureMessages":["AssertionError: expected \"frontendReady\" to be called at least once\n    at Proxy.<anonymous> (file:///C:/Users/benja/Documents/GitHub/StratoSortRust/node_modules/@vitest/expect/dist/index.js:1448:13)\n    at Proxy.<anonymous> (file:///C:/Users/benja/Documents/GitHub/StratoSortRust/node_modules/@vitest/expect/dist/index.js:972:17)\n    at Proxy.methodWrapper (file:///C:/Users/benja/Documents/GitHub/StratoSortRust/node_modules/chai/index.js:1686:25)\n    at C:\\Users\\benja\\Documents\\GitHub\\StratoSortRust\\src\\lib\\stores\\index.test.ts:336:35\n    at processTicksAndRejections (node:internal/process/task_queues:105:5)\n    at file:///C:/Users/benja/Documents/GitHub/StratoSortRust/node_modules/@vitest/runner/dist/index.js:533:5\n    at runTest (file:///C:/Users/benja/Documents/GitHub/StratoSortRust/node_modules/@vitest/runner/dist/index.js:1056:11)\n    at runSuite (file:///C:/Users/benja/Documents/GitHub/StratoSortRust/node_modules/@vitest/runner/dist/index.js:1205:15)\n    at runSuite (file:///C:/Users/benja/Documents/GitHub/StratoSortRust/node_modules/@vitest/runner/dist/index.js:1205:15)\n    at runSuite (file:///C:/Users/benja/Documents/GitHub/StratoSortRust/node_modules/@vitest/runner/dist/index.js:1205:15)"],"meta":{}},{"ancestorTitles":["Store Management","Event listeners"],"fullName":"Store Management Event listeners should cleanup event listeners","status":"passed","title":"should cleanup event listeners","duration":1.1575000000000273,"failureMessages":[],"meta":{}},{"ancestorTitles":["Store Management","Settings persistence"],"fullName":"Store Management Settings persistence should load settings from localStorage","status":"passed","title":"should load settings from localStorage","duration":0.6049000000000433,"failureMessages":[],"meta":{}},{"ancestorTitles":["Store Management","Settings persistence"],"fullName":"Store Management Settings persistence should save settings to localStorage on change","status":"passed","title":"should save settings to localStorage on change","duration":0.45280000000002474,"failureMessages":[],"meta":{}}],"startTime":1758579471843,"endTime":1758579471875.453,"status":"failed","message":"","name":"C:/Users/benja/Documents/GitHub/StratoSortRust/src/lib/stores/index.test.ts"},{"assertionResults":[{"ancestorTitles":["Notifications Store","Basic operations"],"fullName":"Notifications Store Basic operations should add notification","status":"passed","title":"should add notification","duration":4.8034999999999854,"failureMessages":[],"meta":{}},{"ancestorTitles":["Notifications Store","Basic operations"],"fullName":"Notifications Store Basic operations should add multiple notifications","status":"passed","title":"should add multiple notifications","duration":0.7617999999999938,"failureMessages":[],"meta":{}},{"ancestorTitles":["Notifications Store","Basic operations"],"fullName":"Notifications Store Basic operations should remove notification by id","status":"passed","title":"should remove notification by id","duration":0.7635000000000218,"failureMessages":[],"meta":{}},{"ancestorTitles":["Notifications Store","Basic operations"],"fullName":"Notifications Store Basic operations should mark notification as read","status":"passed","title":"should mark notification as read","duration":0.5479000000000269,"failureMessages":[],"meta":{}},{"ancestorTitles":["Notifications Store","Basic operations"],"fullName":"Notifications Store Basic operations should mark all notifications as read","status":"passed","title":"should mark all notifications as read","duration":0.47689999999988686,"failureMessages":[],"meta":{}},{"ancestorTitles":["Notifications Store","Basic operations"],"fullName":"Notifications Store Basic operations should clear all notifications","status":"passed","title":"should clear all notifications","duration":0.4895000000001346,"failureMessages":[],"meta":{}},{"ancestorTitles":["Notifications Store","Unread count"],"fullName":"Notifications Store Unread count should calculate unread count correctly","status":"passed","title":"should calculate unread count correctly","duration":0.6919000000000324,"failureMessages":[],"meta":{}},{"ancestorTitles":["Notifications Store","Toast notifications"],"fullName":"Notifications Store Toast notifications should show info toast","status":"passed","title":"should show info toast","duration":0.5945000000001528,"failureMessages":[],"meta":{}},{"ancestorTitles":["Notifications Store","Toast notifications"],"fullName":"Notifications Store Toast notifications should show success toast","status":"passed","title":"should show success toast","duration":0.5287000000000717,"failureMessages":[],"meta":{}},{"ancestorTitles":["Notifications Store","Toast notifications"],"fullName":"Notifications Store Toast notifications should show warning toast","status":"passed","title":"should show warning toast","duration":0.30600000000004,"failureMessages":[],"meta":{}},{"ancestorTitles":["Notifications Store","Toast notifications"],"fullName":"Notifications Store Toast notifications should show error toast","status":"passed","title":"should show error toast","duration":0.24569999999994252,"failureMessages":[],"meta":{}},{"ancestorTitles":["Notifications Store","Toast notifications"],"fullName":"Notifications Store Toast notifications should use custom title for toast","status":"passed","title":"should use custom title for toast","duration":0.1791000000000622,"failureMessages":[],"meta":{}},{"ancestorTitles":["Notifications Store","Toast notifications"],"fullName":"Notifications Store Toast notifications should set duration for toast","status":"passed","title":"should set duration for toast","duration":0.17270000000007713,"failureMessages":[],"meta":{}},{"ancestorTitles":["Notifications Store","Toast notifications"],"fullName":"Notifications Store Toast notifications should add action to toast","status":"passed","title":"should add action to toast","duration":0.5075000000001637,"failureMessages":[],"meta":{}},{"ancestorTitles":["Notifications Store","Toast notifications"],"fullName":"Notifications Store Toast notifications should auto-dismiss toast after duration","status":"passed","title":"should auto-dismiss toast after duration","duration":0.6865999999999985,"failureMessages":[],"meta":{}},{"ancestorTitles":["Notifications Store","Notification ordering"],"fullName":"Notifications Store Notification ordering should add new notifications to the beginning","status":"passed","title":"should add new notifications to the beginning","duration":0.22900000000004184,"failureMessages":[],"meta":{}},{"ancestorTitles":["Notifications Store","Notification persistence"],"fullName":"Notifications Store Notification persistence should not persist dismissible notifications","status":"passed","title":"should not persist dismissible notifications","duration":0.4290000000000873,"failureMessages":[],"meta":{}},{"ancestorTitles":["Notifications Store","Notification persistence"],"fullName":"Notifications Store Notification persistence should persist important notifications","status":"passed","title":"should persist important notifications","duration":0.3405999999999949,"failureMessages":[],"meta":{}},{"ancestorTitles":["Notifications Store","Error handling"],"fullName":"Notifications Store Error handling should handle removing non-existent notification","status":"passed","title":"should handle removing non-existent notification","duration":0.31769999999983156,"failureMessages":[],"meta":{}},{"ancestorTitles":["Notifications Store","Error handling"],"fullName":"Notifications Store Error handling should handle marking non-existent notification as read","status":"passed","title":"should handle marking non-existent notification as read","duration":0.3293999999998505,"failureMessages":[],"meta":{}}],"startTime":1758579471752,"endTime":1758579471766.3406,"status":"passed","message":"","name":"C:/Users/benja/Documents/GitHub/StratoSortRust/src/lib/stores/notifications.test.ts"},{"assertionResults":[{"ancestorTitles":["Platform Path Utilities","Platform Detection"],"fullName":"Platform Path Utilities Platform Detection should detect Windows platform","status":"failed","title":"should detect Windows platform","duration":11.417500000000018,"failureMessages":["AssertionError: expected true to be false // Object.is equality\n    at C:\\Users\\benja\\Documents\\GitHub\\StratoSortRust\\src\\lib\\utils\\platform-paths.test.ts:47:31\n    at file:///C:/Users/benja/Documents/GitHub/StratoSortRust/node_modules/@vitest/runner/dist/index.js:146:14\n    at file:///C:/Users/benja/Documents/GitHub/StratoSortRust/node_modules/@vitest/runner/dist/index.js:533:11\n    at runWithTimeout (file:///C:/Users/benja/Documents/GitHub/StratoSortRust/node_modules/@vitest/runner/dist/index.js:39:7)\n    at runTest (file:///C:/Users/benja/Documents/GitHub/StratoSortRust/node_modules/@vitest/runner/dist/index.js:1056:17)\n    at processTicksAndRejections (node:internal/process/task_queues:105:5)\n    at runSuite (file:///C:/Users/benja/Documents/GitHub/StratoSortRust/node_modules/@vitest/runner/dist/index.js:1205:15)\n    at runSuite (file:///C:/Users/benja/Documents/GitHub/StratoSortRust/node_modules/@vitest/runner/dist/index.js:1205:15)\n    at runSuite (file:///C:/Users/benja/Documents/GitHub/StratoSortRust/node_modules/@vitest/runner/dist/index.js:1205:15)\n    at runFiles (file:///C:/Users/benja/Documents/GitHub/StratoSortRust/node_modules/@vitest/runner/dist/index.js:1262:5)"],"meta":{}},{"ancestorTitles":["Platform Path Utilities","Platform Detection"],"fullName":"Platform Path Utilities Platform Detection should detect macOS platform","status":"failed","title":"should detect macOS platform","duration":1.0340000000001055,"failureMessages":["AssertionError: expected true to be false // Object.is equality\n    at C:\\Users\\benja\\Documents\\GitHub\\StratoSortRust\\src\\lib\\utils\\platform-paths.test.ts:55:33\n    at file:///C:/Users/benja/Documents/GitHub/StratoSortRust/node_modules/@vitest/runner/dist/index.js:146:14\n    at file:///C:/Users/benja/Documents/GitHub/StratoSortRust/node_modules/@vitest/runner/dist/index.js:533:11\n    at runWithTimeout (file:///C:/Users/benja/Documents/GitHub/StratoSortRust/node_modules/@vitest/runner/dist/index.js:39:7)\n    at runTest (file:///C:/Users/benja/Documents/GitHub/StratoSortRust/node_modules/@vitest/runner/dist/index.js:1056:17)\n    at processTicksAndRejections (node:internal/process/task_queues:105:5)\n    at runSuite (file:///C:/Users/benja/Documents/GitHub/StratoSortRust/node_modules/@vitest/runner/dist/index.js:1205:15)\n    at runSuite (file:///C:/Users/benja/Documents/GitHub/StratoSortRust/node_modules/@vitest/runner/dist/index.js:1205:15)\n    at runSuite (file:///C:/Users/benja/Documents/GitHub/StratoSortRust/node_modules/@vitest/runner/dist/index.js:1205:15)\n    at runFiles (file:///C:/Users/benja/Documents/GitHub/StratoSortRust/node_modules/@vitest/runner/dist/index.js:1262:5)"],"meta":{}},{"ancestorTitles":["Platform Path Utilities","Platform Detection"],"fullName":"Platform Path Utilities Platform Detection should detect Linux platform","status":"failed","title":"should detect Linux platform","duration":0.9451999999998861,"failureMessages":["AssertionError: expected true to be false // Object.is equality\n    at C:\\Users\\benja\\Documents\\GitHub\\StratoSortRust\\src\\lib\\utils\\platform-paths.test.ts:65:33\n    at file:///C:/Users/benja/Documents/GitHub/StratoSortRust/node_modules/@vitest/runner/dist/index.js:146:14\n    at file:///C:/Users/benja/Documents/GitHub/StratoSortRust/node_modules/@vitest/runner/dist/index.js:533:11\n    at runWithTimeout (file:///C:/Users/benja/Documents/GitHub/StratoSortRust/node_modules/@vitest/runner/dist/index.js:39:7)\n    at runTest (file:///C:/Users/benja/Documents/GitHub/StratoSortRust/node_modules/@vitest/runner/dist/index.js:1056:17)\n    at processTicksAndRejections (node:internal/process/task_queues:105:5)\n    at runSuite (file:///C:/Users/benja/Documents/GitHub/StratoSortRust/node_modules/@vitest/runner/dist/index.js:1205:15)\n    at runSuite (file:///C:/Users/benja/Documents/GitHub/StratoSortRust/node_modules/@vitest/runner/dist/index.js:1205:15)\n    at runSuite (file:///C:/Users/benja/Documents/GitHub/StratoSortRust/node_modules/@vitest/runner/dist/index.js:1205:15)\n    at runFiles (file:///C:/Users/benja/Documents/GitHub/StratoSortRust/node_modules/@vitest/runner/dist/index.js:1262:5)"],"meta":{}},{"ancestorTitles":["Platform Path Utilities","Platform Detection"],"fullName":"Platform Path Utilities Platform Detection should provide correct path separators for Windows","status":"failed","title":"should provide correct path separators for Windows","duration":1.3705999999999676,"failureMessages":["AssertionError: expected [Function pathSeparator] to be '\\' // Object.is equality\n    at C:\\Users\\benja\\Documents\\GitHub\\StratoSortRust\\src\\lib\\utils\\platform-paths.test.ts:75:35\n    at file:///C:/Users/benja/Documents/GitHub/StratoSortRust/node_modules/@vitest/runner/dist/index.js:146:14\n    at file:///C:/Users/benja/Documents/GitHub/StratoSortRust/node_modules/@vitest/runner/dist/index.js:533:11\n    at runWithTimeout (file:///C:/Users/benja/Documents/GitHub/StratoSortRust/node_modules/@vitest/runner/dist/index.js:39:7)\n    at runTest (file:///C:/Users/benja/Documents/GitHub/StratoSortRust/node_modules/@vitest/runner/dist/index.js:1056:17)\n    at processTicksAndRejections (node:internal/process/task_queues:105:5)\n    at runSuite (file:///C:/Users/benja/Documents/GitHub/StratoSortRust/node_modules/@vitest/runner/dist/index.js:1205:15)\n    at runSuite (file:///C:/Users/benja/Documents/GitHub/StratoSortRust/node_modules/@vitest/runner/dist/index.js:1205:15)\n    at runSuite (file:///C:/Users/benja/Documents/GitHub/StratoSortRust/node_modules/@vitest/runner/dist/index.js:1205:15)\n    at runFiles (file:///C:/Users/benja/Documents/GitHub/StratoSortRust/node_modules/@vitest/runner/dist/index.js:1262:5)"],"meta":{}},{"ancestorTitles":["Platform Path Utilities","Platform Detection"],"fullName":"Platform Path Utilities Platform Detection should provide correct path separators for Unix-like systems","status":"failed","title":"should provide correct path separators for Unix-like systems","duration":1.0916999999999462,"failureMessages":["AssertionError: expected [Function pathSeparator] to be '/' // Object.is equality\n    at C:\\Users\\benja\\Documents\\GitHub\\StratoSortRust\\src\\lib\\utils\\platform-paths.test.ts:84:35\n    at file:///C:/Users/benja/Documents/GitHub/StratoSortRust/node_modules/@vitest/runner/dist/index.js:146:14\n    at file:///C:/Users/benja/Documents/GitHub/StratoSortRust/node_modules/@vitest/runner/dist/index.js:533:11\n    at runWithTimeout (file:///C:/Users/benja/Documents/GitHub/StratoSortRust/node_modules/@vitest/runner/dist/index.js:39:7)\n    at runTest (file:///C:/Users/benja/Documents/GitHub/StratoSortRust/node_modules/@vitest/runner/dist/index.js:1056:17)\n    at processTicksAndRejections (node:internal/process/task_queues:105:5)\n    at runSuite (file:///C:/Users/benja/Documents/GitHub/StratoSortRust/node_modules/@vitest/runner/dist/index.js:1205:15)\n    at runSuite (file:///C:/Users/benja/Documents/GitHub/StratoSortRust/node_modules/@vitest/runner/dist/index.js:1205:15)\n    at runSuite (file:///C:/Users/benja/Documents/GitHub/StratoSortRust/node_modules/@vitest/runner/dist/index.js:1205:15)\n    at runFiles (file:///C:/Users/benja/Documents/GitHub/StratoSortRust/node_modules/@vitest/runner/dist/index.js:1262:5)"],"meta":{}},{"ancestorTitles":["Platform Path Utilities","Path Normalization"],"fullName":"Platform Path Utilities Path Normalization should normalize Windows paths","status":"passed","title":"should normalize Windows paths","duration":0.796500000000151,"failureMessages":[],"meta":{}},{"ancestorTitles":["Platform Path Utilities","Path Normalization"],"fullName":"Platform Path Utilities Path Normalization should normalize Unix paths","status":"failed","title":"should normalize Unix paths","duration":2.7036000000000513,"failureMessages":["AssertionError: expected '\\home\\test\\documents' to be '/home/test/documents' // Object.is equality\n    at C:\\Users\\benja\\Documents\\GitHub\\StratoSortRust\\src\\lib\\utils\\platform-paths.test.ts:104:50\n    at file:///C:/Users/benja/Documents/GitHub/StratoSo
[...]
\u001b[39m\n      \u001b[36m</div>\u001b[39m\n    \u001b[36m</div>\u001b[39m\n    \u001b[0m \u001b[0m\n    \u001b[0m\u001b[0m\n  \u001b[36m</div>\u001b[39m\n\u001b[36m</body>\u001b[39m\n    at Object.getElementError (C:\\Users\\benja\\Documents\\GitHub\\StratoSortRust\\node_modules\\@testing-library\\svelte\\node_modules\\@testing-library\\dom\\dist\\@testing-library\\dom.esm.js:332:19)\n    at C:\\Users\\benja\\Documents\\GitHub\\StratoSortRust\\node_modules\\@testing-library\\svelte\\node_modules\\@testing-library\\dom\\dist\\@testing-library\\dom.esm.js:1196:25\n    at C:\\Users\\benja\\Documents\\GitHub\\StratoSortRust\\node_modules\\@testing-library\\svelte\\node_modules\\@testing-library\\dom\\dist\\@testing-library\\dom.esm.js:1175:17\n    at C:\\Users\\benja\\Documents\\GitHub\\StratoSortRust\\node_modules\\@testing-library\\svelte\\node_modules\\@testing-library\\dom\\dist\\@testing-library\\dom.esm.js:1218:19\n    at C:\\Users\\benja\\Documents\\GitHub\\StratoSortRust\\src\\lib\\components\\ui\\virtual-list\\VirtualList.test.ts:407:18\n    at file:///C:/Users/benja/Documents/GitHub/StratoSortRust/node_modules/@vitest/runner/dist/index.js:146:14\n    at file:///C:/Users/benja/Documents/GitHub/StratoSortRust/node_modules/@vitest/runner/dist/index.js:533:11\n    at runWithTimeout (file:///C:/Users/benja/Documents/GitHub/StratoSortRust/node_modules/@vitest/runner/dist/index.js:39:7)\n    at runTest (file:///C:/Users/benja/Documents/GitHub/StratoSortRust/node_modules/@vitest/runner/dist/index.js:1056:17)\n    at runSuite (file:///C:/Users/benja/Documents/GitHub/StratoSortRust/node_modules/@vitest/runner/dist/index.js:1205:15)"],"meta":{}},{"ancestorTitles":["VirtualList","Custom Rendering"],"fullName":"VirtualList Custom Rendering should render loading state","status":"failed","title":"should render loading state","duration":0.9400999999998021,"failureMessages":["TestingLibraryElementError: Unable to find an element by: [data-testid=\"loading-state\"]\n\nIgnored nodes: comments, script, style\n\u001b[36m<body>\u001b[39m\n  \u001b[36m<div>\u001b[39m\n    \u001b[36m<div\u001b[39m\n      \u001b[33mclass\u001b[39m=\u001b[32m\"virtual-list-container overflow-y-auto svelte-1orzzex\"\u001b[39m\n      \u001b[33mstyle\u001b[39m=\u001b[32m\"height: 400px; width: 100%;\"\u001b[39m\n    \u001b[36m>\u001b[39m\n      \u001b[36m<div\u001b[39m\n        \u001b[33maria-label\u001b[39m=\u001b[32m\"Virtualized list\"\u001b[39m\n        \u001b[33mclass\u001b[39m=\u001b[32m\"virtual-list-scroll overflow-y-auto overflow-x-hidden h-full w-full svelte-1orzzex\"\u001b[39m\n        \u001b[33mrole\u001b[39m=\u001b[32m\"list\"\u001b[39m\n      \u001b[36m>\u001b[39m\n        \u001b[36m<div\u001b[39m\n          \u001b[33mclass\u001b[39m=\u001b[32m\"virtual-list-spacer relative svelte-1orzzex\"\u001b[39m\n          \u001b[33mstyle\u001b[39m=\u001b[32m\"height: 250px; width: 100%\"\u001b[39m\n        \u001b[36m/>\u001b[39m\n      \u001b[36m</div>\u001b[39m\n    \u001b[36m</div>\u001b[39m\n    \u001b[0m \u001b[0m\n    \u001b[0m\u001b[0m\n  \u001b[36m</div>\u001b[39m\n\u001b[36m</body>\u001b[39m\n    at Object.getElementError (C:\\Users\\benja\\Documents\\GitHub\\StratoSortRust\\node_modules\\@testing-library\\svelte\\node_modules\\@testing-library\\dom\\dist\\@testing-library\\dom.esm.js:332:19)\n    at C:\\Users\\benja\\Documents\\GitHub\\StratoSortRust\\node_modules\\@testing-library\\svelte\\node_modules\\@testing-library\\dom\\dist\\@testing-library\\dom.esm.js:1196:25\n    at C:\\Users\\benja\\Documents\\GitHub\\StratoSortRust\\node_modules\\@testing-library\\svelte\\node_modules\\@testing-library\\dom\\dist\\@testing-library\\dom.esm.js:1175:17\n    at C:\\Users\\benja\\Documents\\GitHub\\StratoSortRust\\node_modules\\@testing-library\\svelte\\node_modules\\@testing-library\\dom\\dist\\@testing-library\\dom.esm.js:1218:19\n    at C:\\Users\\benja\\Documents\\GitHub\\StratoSortRust\\src\\lib\\components\\ui\\virtual-list\\VirtualList.test.ts:426:18\n    at file:///C:/Users/benja/Documents/GitHub/StratoSortRust/node_modules/@vitest/runner/dist/index.js:146:14\n    at file:///C:/Users/benja/Documents/GitHub/StratoSortRust/node_modules/@vitest/runner/dist/index.js:533:11\n    at runWithTimeout (file:///C:/Users/benja/Documents/GitHub/StratoSortRust/node_modules/@vitest/runner/dist/index.js:39:7)\n    at runTest (file:///C:/Users/benja/Documents/GitHub/StratoSortRust/node_modules/@vitest/runner/dist/index.js:1056:17)\n    at runSuite (file:///C:/Users/benja/Documents/GitHub/StratoSortRust/node_modules/@vitest/runner/dist/index.js:1205:15)"],"meta":{}},{"ancestorTitles":["VirtualList","Edge Cases"],"fullName":"VirtualList Edge Cases should handle single item","status":"failed","title":"should handle single item","duration":0.8701000000000931,"failureMessages":["TestingLibraryElementError: Unable to find an element by: [data-testid=\"single-item\"]\n\nIgnored nodes: comments, script, style\n\u001b[36m<body>\u001b[39m\n  \u001b[36m<div>\u001b[39m\n    \u001b[36m<div\u001b[39m\n      \u001b[33mclass\u001b[39m=\u001b[32m\"virtual-list-container overflow-y-auto svelte-1orzzex\"\u001b[39m\n      \u001b[33mstyle\u001b[39m=\u001b[32m\"height: 400px; width: 100%;\"\u001b[39m\n    \u001b[36m>\u001b[39m\n      \u001b[36m<div\u001b[39m\n        \u001b[33maria-label\u001b[39m=\u001b[32m\"Virtualized list\"\u001b[39m\n        \u001b[33mclass\u001b[39m=\u001b[32m\"virtual-list-scroll overflow-y-auto overflow-x-hidden h-full w-full svelte-1orzzex\"\u001b[39m\n        \u001b[33mrole\u001b[39m=\u001b[32m\"list\"\u001b[39m\n      \u001b[36m>\u001b[39m\n        \u001b[36m<div\u001b[39m\n          \u001b[33mclass\u001b[39m=\u001b[32m\"virtual-list-spacer relative svelte-1orzzex\"\u001b[39m\n          \u001b[33mstyle\u001b[39m=\u001b[32m\"height: 50px; width: 100%\"\u001b[39m\n        \u001b[36m/>\u001b[39m\n      \u001b[36m</div>\u001b[39m\n    \u001b[36m</div>\u001b[39m\n    \u001b[0m \u001b[0m\n    \u001b[0m\u001b[0m\n  \u001b[36m</div>\u001b[39m\n\u001b[36m</body>\u001b[39m\n    at Object.getElementError (C:\\Users\\benja\\Documents\\GitHub\\StratoSortRust\\node_modules\\@testing-library\\svelte\\node_modules\\@testing-library\\dom\\dist\\@testing-library\\dom.esm.js:332:19)\n    at C:\\Users\\benja\\Documents\\GitHub\\StratoSortRust\\node_modules\\@testing-library\\svelte\\node_modules\\@testing-library\\dom\\dist\\@testing-library\\dom.esm.js:1196:25\n    at C:\\Users\\benja\\Documents\\GitHub\\StratoSortRust\\node_modules\\@testing-library\\svelte\\node_modules\\@testing-library\\dom\\dist\\@testing-library\\dom.esm.js:1175:17\n    at C:\\Users\\benja\\Documents\\GitHub\\StratoSortRust\\node_modules\\@testing-library\\svelte\\node_modules\\@testing-library\\dom\\dist\\@testing-library\\dom.esm.js:1218:19\n    at C:\\Users\\benja\\Documents\\GitHub\\StratoSortRust\\src\\lib\\components\\ui\\virtual-list\\VirtualList.test.ts:445:18\n    at file:///C:/Users/benja/Documents/GitHub/StratoSortRust/node_modules/@vitest/runner/dist/index.js:146:14\n    at file:///C:/Users/benja/Documents/GitHub/StratoSortRust/node_modules/@vitest/runner/dist/index.js:533:11\n    at runWithTimeout (file:///C:/Users/benja/Documents/GitHub/StratoSortRust/node_modules/@vitest/runner/dist/index.js:39:7)\n    at runTest (file:///C:/Users/benja/Documents/GitHub/StratoSortRust/node_modules/@vitest/runner/dist/index.js:1056:17)\n    at runSuite (file:///C:/Users/benja/Documents/GitHub/StratoSortRust/node_modules/@vitest/runner/dist/index.js:1205:15)"],"meta":{}},{"ancestorTitles":["VirtualList","Edge Cases"],"fullName":"VirtualList Edge Cases should handle very small container height","status":"passed","title":"should handle very small container height","duration":1.0752999999999702,"failureMessages":[],"meta":{}},{"ancestorTitles":["VirtualList","Edge Cases"],"fullName":"VirtualList Edge Cases should handle zero item height gracefully","status":"passed","title":"should handle zero item height gracefully","duration":2.6932999999999083,"failureMessages":[],"meta":{}},{"ancestorTitles":["VirtualList","Edge Cases"],"fullName":"VirtualList Edge Cases should handle rapid item updates","status":"failed","title":"should handle rapid item updates","duration":1.6305999999999585,"failureMessages":["TestingLibraryElementError: Unable to find an element by: [data-testid=\"item-item-0\"]\n\nIgnored nodes: comments, script, style\n\u001b[36m<body>\u001b[39m\n  \u001b[36m<div>\u001b[39m\n    \u001b[36m<div\u001b[39m\n      \u001b[33mclass\u001b[39m=\u001b[32m\"virtual-list-container overflow-y-auto svelte-1orzzex\"\u001b[39m\n      \u001b[33mstyle\u001b[39m=\u001b[32m\"height: 400px; width: 100%;\"\u001b[39m\n    \u001b[36m>\u001b[39m\n      \u001b[36m<div\u001b[39m\n        \u001b[33maria-label\u001b[39m=\u001b[32m\"Virtualized list\"\u001b[39m\n        \u001b[33mclass\u001b[39m=\u001b[32m\"virtual-list-scroll overflow-y-auto overflow-x-hidden h-full w-full svelte-1orzzex\"\u001b[39m\n        \u001b[33mrole\u001b[39m=\u001b[32m\"list\"\u001b[39m\n      \u001b[36m>\u001b[39m\n        \u001b[36m<div\u001b[39m\n          \u001b[33mclass\u001b[39m=\u001b[32m\"virtual-list-spacer relative svelte-1orzzex\"\u001b[39m\n          \u001b[33mstyle\u001b[39m=\u001b[32m\"height: 500px; width: 100%\"\u001b[39m\n        \u001b[36m/>\u001b[39m\n      \u001b[36m</div>\u001b[39m\n    \u001b[36m</div>\u001b[39m\n    \u001b[0m \u001b[0m\n    \u001b[0m\u001b[0m\n  \u001b[36m</div>\u001b[39m\n\u001b[36m</body>\u001b[39m\n    at Object.getElementError (C:\\Users\\benja\\Documents\\GitHub\\StratoSortRust\\node_modules\\@testing-library\\svelte\\node_modules\\@testing-library\\dom\\dist\\@testing-library\\dom.esm.js:332:19)\n    at C:\\Users\\benja\\Documents\\GitHub\\StratoSortRust\\node_modules\\@testing-library\\svelte\\node_modules\\@testing-library\\dom\\dist\\@testing-library\\dom.esm.js:1196:25\n    at C:\\Users\\benja\\Documents\\GitHub\\StratoSortRust\\node_modules\\@testing-library\\svelte\\node_modules\\@testing-library\\dom\\dist\\@testing-library\\dom.esm.js:1175:17\n    at C:\\Users\\benja\\Documents\\GitHub\\StratoSortRust\\node_modules\\@testing-library\\svelte\\node_modules\\@testing-library\\dom\\dist\\@testing-library\\dom.esm.js:1218:19\n    at C:\\Users\\benja\\Documents\\GitHub\\StratoSortRust\\src\\lib\\components\\ui\\virtual-list\\VirtualList.test.ts:497:18\n    at file:///C:/Users/benja/Documents/GitHub/StratoSortRust/node_modules/@vitest/runner/dist/index.js:533:5\n    at runTest (file:///C:/Users/benja/Documents/GitHub/StratoSortRust/node_modules/@vitest/runner/dist/index.js:1056:11)\n    at runSuite (file:///C:/Users/benja/Documents/GitHub/StratoSortRust/node_modules/@vitest/runner/dist/index.js:1205:15)\n    at runSuite (file:///C:/Users/benja/Documents/GitHub/StratoSortRust/node_modules/@vitest/runner/dist/index.js:1205:15)\n    at runSuite (file:///C:/Users/benja/Documents/GitHub/StratoSortRust/node_modules/@vitest/runner/dist/index.js:1205:15)"],"meta":{}},{"ancestorTitles":["VirtualList","Edge Cases"],"fullName":"VirtualList Edge Cases should handle items with missing data","status":"failed","title":"should handle items with missing data","duration":1.7184000000002015,"failureMessages":["TestingLibraryElementError: Unable to find an element with the text: No title. This could be because the text is broken up by multiple elements. In this case, you can provide a function for your text matcher to make your matcher more flexible.\n\nIgnored nodes: comments, script, style\n\u001b[36m<body>\u001b[39m\n  \u001b[36m<div>\u001b[39m\n    \u001b[36m<div\u001b[39m\n      \u001b[33mclass\u001b[39m=\u001b[32m\"virtual-list-container overflow-y-auto svelte-1orzzex\"\u001b[39m\n      \u001b[33mstyle\u001b[39m=\u001b[32m\"height: 400px; width: 100%;\"\u001b[39m\n    \u001b[36m>\u001b[39m\n      \u001b[36m<div\u001b[39m\n        \u001b[33maria-label\u001b[39m=\u001b[32m\"Virtualized list\"\u001b[39m\n        \u001b[33mclass\u001b[39m=\u001b[32m\"virtual-list-scroll overflow-y-auto overflow-x-hidden h-full w-full svelte-1orzzex\"\u001b[39m\n        \u001b[33mrole\u001b[39m=\u001b[32m\"list\"\u001b[39m\n      \u001b[36m>\u001b[39m\n        \u001b[36m<div\u001b[39m\n          \u001b[33mclass\u001b[39m=\u001b[32m\"virtual-list-spacer relative svelte-1orzzex\"\u001b[39m\n          \u001b[33mstyle\u001b[39m=\u001b[32m\"height: 150px; width: 100%\"\u001b[39m\n        \u001b[36m/>\u001b[39m\n      \u001b[36m</div>\u001b[39m\n    \u001b[36m</div>\u001b[39m\n    \u001b[0m \u001b[0m\n    \u001b[0m\u001b[0m\n  \u001b[36m</div>\u001b[39m\n\u001b[36m</body>\u001b[39m\n    at Object.getElementError (C:\\Users\\benja\\Documents\\GitHub\\StratoSortRust\\node_modules\\@testing-library\\svelte\\node_modules\\@testing-library\\dom\\dist\\@testing-library\\dom.esm.js:332:19)\n    at C:\\Users\\benja\\Documents\\GitHub\\StratoSortRust\\node_modules\\@testing-library\\svelte\\node_modules\\@testing-library\\dom\\dist\\@testing-library\\dom.esm.js:1196:25\n    at C:\\Users\\benja\\Documents\\GitHub\\StratoSortRust\\node_modules\\@testing-library\\svelte\\node_modules\\@testing-library\\dom\\dist\\@testing-library\\dom.esm.js:1175:17\n    at C:\\Users\\benja\\Documents\\GitHub\\StratoSortRust\\node_modules\\@testing-library\\svelte\\node_modules\\@testing-library\\dom\\dist\\@testing-library\\dom.esm.js:1218:19\n    at C:\\Users\\benja\\Documents\\GitHub\\StratoSortRust\\src\\lib\\components\\ui\\virtual-list\\VirtualList.test.ts:524:18\n    at file:///C:/Users/benja/Documents/GitHub/StratoSortRust/node_modules/@vitest/runner/dist/index.js:146:14\n    at file:///C:/Users/benja/Documents/GitHub/StratoSortRust/node_modules/@vitest/runner/dist/index.js:533:11\n    at runWithTimeout (file:///C:/Users/benja/Documents/GitHub/StratoSortRust/node_modules/@vitest/runner/dist/index.js:39:7)\n    at runTest (file:///C:/Users/benja/Documents/GitHub/StratoSortRust/node_modules/@vitest/runner/dist/index.js:1056:17)\n    at runSuite (file:///C:/Users/benja/Documents/GitHub/StratoSortRust/node_modules/@vitest/runner/dist/index.js:1205:15)"],"meta":{}},{"ancestorTitles":["VirtualList","Events"],"fullName":"VirtualList Events should emit scroll events","status":"failed","title":"should emit scroll events","duration":1017.5583000000001,"failureMessages":["AssertionError: expected \"spy\" to be called at least once\n\nIgnored nodes: comments, script, style\n\u001b[36m<html>\u001b[39m\n  \u001b[36m<head />\u001b[39m\n  \u001b[36m<body>\u001b[39m\n    \u001b[36m<div>\u001b[39m\n      \u001b[36m<div\u001b[39m\n        \u001b[33mclass\u001b[39m=\u001b[32m\"virtual-list-container overflow-y-auto svelte-1orzzex\"\u001b[39m\n        \u001b[33mstyle\u001b[39m=\u001b[32m\"height: 400px; width: 100%;\"\u001b[39m\n      \u001b[36m>\u001b[39m\n        \u001b[36m<div\u001b[39m\n          \u001b[33maria-label\u001b[39m=\u001b[32m\"Virtualized list\"\u001b[39m\n          \u001b[33mclass\u001b[39m=\u001b[32m\"virtual-list-scroll overflow-y-auto overflow-x-hidden h-full w-full svelte-1orzzex\"\u001b[39m\n          \u001b[33mrole\u001b[39m=\u001b[32m\"list\"\u001b[39m\n        \u001b[36m>\u001b[39m\n          \u001b[36m<div\u001b[39m\n            \u001b[33mclass\u001b[39m=\u001b[32m\"virtual-list-spacer relative svelte-1orzzex\"\u001b[39m\n            \u001b[33mstyle\u001b[39m=\u001b[32m\"height: 2500px; width: 100%\"\u001b[39m\n          \u001b[36m/>\u001b[39m\n        \u001b[36m</div>\u001b[39m\n      \u001b[36m</div>\u001b[39m\n      \u001b[0m \u001b[0m\n      \u001b[0m\u001b[0m\n    \u001b[36m</div>\u001b[39m\n  \u001b[36m</body>\u001b[39m\n\u001b[36m</html>\u001b[39m\n    at Proxy.<anonymous> (file:///C:/Users/benja/Documents/GitHub/StratoSortRust/node_modules/@vitest/expect/dist/index.js:1448:13)\n    at Proxy.<anonymous> (file:///C:/Users/benja/Documents/GitHub/StratoSortRust/node_modules/@vitest/expect/dist/index.js:972:17)\n    at Proxy.methodWrapper (file:///C:/Users/benja/Documents/GitHub/StratoSortRust/node_modules/chai/index.js:1686:25)\n    at C:\\Users\\benja\\Documents\\GitHub\\StratoSortRust\\src\\lib\\components\\ui\\virtual-list\\VirtualList.test.ts:548:22\n    at runWithExpensiveErrorDiagnosticsDisabled (C:\\Users\\benja\\Documents\\GitHub\\StratoSortRust\\node_modules\\@testing-library\\svelte\\node_modules\\@testing-library\\dom\\dist\\@testing-library\\dom.esm.js:342:12)\n    at checkCallback (C:\\Users\\benja\\Documents\\GitHub\\StratoSortRust\\node_modules\\@testing-library\\svelte\\node_modules\\@testing-library\\dom\\dist\\@testing-library\\dom.esm.js:1087:24)\n    at Timeout.checkRealTimersCallback (C:\\Users\\benja\\Documents\\GitHub\\StratoSortRust\\node_modules\\@testing-library\\svelte\\node_modules\\@testing-library\\dom\\dist\\@testing-library\\dom.esm.js:1081:16)\n    at listOnTimeout (node:internal/timers:588:17)\n    at processTimers (node:internal/timers:523:7)"],"meta":{}},{"ancestorTitles":["VirtualList","Events"],"fullName":"VirtualList Events should emit item selection events","status":"failed","title":"should emit item selection events","duration":1.4729999999999563,"failureMessages":["TestingLibraryElementError: Unable to find an element by: [data-testid=\"item-0\"]\n\nIgnored nodes: comments, script, style\n\u001b[36m<body>\u001b[39m\n  \u001b[36m<div>\u001b[39m\n    \u001b[36m<div\u001b[39m\n      \u001b[33mclass\u001b[39m=\u001b[32m\"virtual-list-container overflow-y-auto svelte-1orzzex\"\u001b[39m\n      \u001b[33mstyle\u001b[39m=\u001b[32m\"height: 400px; width: 100%;\"\u001b[39m\n    \u001b[36m>\u001b[39m\n      \u001b[36m<div\u001b[39m\n        \u001b[33maria-label\u001b[39m=\u001b[32m\"Virtualized list\"\u001b[39m\n        \u001b[33mclass\u001b[39m=\u001b[32m\"virtual-list-scroll overflow-y-auto overflow-x-hidden h-full w-full svelte-1orzzex\"\u001b[39m\n        \u001b[33mrole\u001b[39m=\u001b[32m\"list\"\u001b[39m\n      \u001b[36m>\u001b[39m\n        \u001b[36m<div\u001b[39m\n          \u001b[33mclass\u001b[39m=\u001b[32m\"virtual-list-spacer relative svelte-1orzzex\"\u001b[39m\n          \u001b[33mstyle\u001b[39m=\u001b[32m\"height: 500px; width: 100%\"\u001b[39m\n        \u001b[36m/>\u001b[39m\n      \u001b[36m</div>\u001b[39m\n    \u001b[36m</div>\u001b[39m\n    \u001b[0m \u001b[0m\n    \u001b[0m\u001b[0m\n  \u001b[36m</div>\u001b[39m\n\u001b[36m</body>\u001b[39m\n    at Object.getElementError (C:\\Users\\benja\\Documents\\GitHub\\StratoSortRust\\node_modules\\@testing-library\\svelte\\node_modules\\@testing-library\\dom\\dist\\@testing-library\\dom.esm.js:332:19)\n    at C:\\Users\\benja\\Documents\\GitHub\\StratoSortRust\\node_modules\\@testing-library\\svelte\\node_modules\\@testing-library\\dom\\dist\\@testing-library\\dom.esm.js:1196:25\n    at C:\\Users\\benja\\Documents\\GitHub\\StratoSortRust\\node_modules\\@testing-library\\svelte\\node_modules\\@testing-library\\dom\\dist\\@testing-library\\dom.esm.js:1175:17\n    at C:\\Users\\benja\\Documents\\GitHub\\StratoSortRust\\node_modules\\@testing-library\\svelte\\node_modules\\@testing-library\\dom\\dist\\@testing-library\\dom.esm.js:1218:19\n    at C:\\Users\\benja\\Documents\\GitHub\\StratoSortRust\\src\\lib\\components\\ui\\virtual-list\\VirtualList.test.ts:572:29\n    at file:///C:/Users/benja/Documents/GitHub/StratoSortRust/node_modules/@vitest/runner/dist/index.js:146:14\n    at file:///C:/Users/benja/Documents/GitHub/StratoSortRust/node_modules/@vitest/runner/dist/index.js:533:11\n    at runWithTimeout (file:///C:/Users/benja/Documents/GitHub/StratoSortRust/node_modules/@vitest/runner/dist/index.js:39:7)\n    at runTest (file:///C:/Users/benja/Documents/GitHub/StratoSortRust/node_modules/@vitest/runner/dist/index.js:1056:17)\n    at runSuite (file:///C:/Users/benja/Documents/GitHub/StratoSortRust/node_modules/@vitest/runner/dist/index.js:1205:15)"],"meta":{}}],"startTime":1758579473579,"endTime":1758579474763.473,"status":"failed","message":"","name":"C:/Users/benja/Documents/GitHub/StratoSortRust/src/lib/components/ui/virtual-list/VirtualList.test.ts"}]}