{"numTotalTestSuites":137,"numPassedTestSuites":80,"numFailedTestSuites":57,"numPendingTestSuites":0,"numTotalTests":347,"numPassedTests":272,"numFailedTests":75,"numPendingTests":0,"numTodoTests":0,"snapshot":{"added":0,"failure":false,"filesAdded":0,"filesRemoved":0,"filesRemovedList":[],"filesUnmatched":0,"filesUpdated":0,"matched":0,"total":0,"unchecked":0,"uncheckedKeysByFile":[],"unmatched":0,"updated":0,"didUpdate":false},"startTime":1758984448790,"success":false,"testResults":[{"assertionResults":[{"ancestorTitles":["CSRF Protection","secureInvoke"],"fullName":"CSRF Protection secureInvoke should add CSRF token to command arguments","status":"passed","title":"should add CSRF token to command arguments","duration":3.6217999999998938,"failureMessages":[],"meta":{}},{"ancestorTitles":["CSRF Protection","secureInvoke"],"fullName":"CSRF Protection secureInvoke should work with commands without arguments","status":"passed","title":"should work with commands without arguments","duration":1.0090000000000146,"failureMessages":[],"meta":{}},{"ancestorTitles":["CSRF Protection","secureInvoke"],"fullName":"CSRF Protection secureInvoke should invalidate token after sensitive operations","status":"passed","title":"should invalidate token after sensitive operations","duration":0.8219000000001415,"failureMessages":[],"meta":{}},{"ancestorTitles":["CSRF Protection","secureInvoke"],"fullName":"CSRF Protection secureInvoke should retry once on CSRF validation failure","status":"passed","title":"should retry once on CSRF validation failure","duration":0.5934999999999491,"failureMessages":[],"meta":{}},{"ancestorTitles":["CSRF Protection","secureInvoke"],"fullName":"CSRF Protection secureInvoke should not retry on non-CSRF errors","status":"passed","title":"should not retry on non-CSRF errors","duration":1.1282999999998538,"failureMessages":[],"meta":{}},{"ancestorTitles":["CSRF Protection","secureInvoke"],"fullName":"CSRF Protection secureInvoke should maintain token consistency within TTL","status":"passed","title":"should maintain token consistency within TTL","duration":0.3731000000000222,"failureMessages":[],"meta":{}},{"ancestorTitles":["CSRF Protection","secureInvoke"],"fullName":"CSRF Protection secureInvoke should validate token correctly","status":"passed","title":"should validate token correctly","duration":0.30989999999997053,"failureMessages":[],"meta":{}},{"ancestorTitles":["CSRF Protection","secureInvoke"],"fullName":"CSRF Protection secureInvoke should handle token invalidation properly","status":"passed","title":"should handle token invalidation properly","duration":0.5126000000000204,"failureMessages":[],"meta":{}},{"ancestorTitles":["CSRF Protection","Sensitive operations detection"],"fullName":"CSRF Protection Sensitive operations detection should invalidate token after delete_files","status":"passed","title":"should invalidate token after delete_files","duration":0.5517999999999574,"failureMessages":[],"meta":{}},{"ancestorTitles":["CSRF Protection","Sensitive operations detection"],"fullName":"CSRF Protection Sensitive operations detection should invalidate token after move_files","status":"passed","title":"should invalidate token after move_files","duration":0.3083000000001448,"failureMessages":[],"meta":{}},{"ancestorTitles":["CSRF Protection","Sensitive operations detection"],"fullName":"CSRF Protection Sensitive operations detection should invalidate token after apply_organization","status":"passed","title":"should invalidate token after apply_organization","duration":0.26799999999980173,"failureMessages":[],"meta":{}},{"ancestorTitles":["CSRF Protection","Sensitive operations detection"],"fullName":"CSRF Protection Sensitive operations detection should invalidate token after update_settings","status":"passed","title":"should invalidate token after update_settings","duration":0.2760999999998148,"failureMessages":[],"meta":{}},{"ancestorTitles":["CSRF Protection","Sensitive operations detection"],"fullName":"CSRF Protection Sensitive operations detection should invalidate token after create_smart_folder","status":"passed","title":"should invalidate token after create_smart_folder","duration":0.2863999999999578,"failureMessages":[],"meta":{}},{"ancestorTitles":["CSRF Protection","Sensitive operations detection"],"fullName":"CSRF Protection Sensitive operations detection should invalidate token after delete_smart_folder","status":"passed","title":"should invalidate token after delete_smart_folder","duration":0.22910000000001673,"failureMessages":[],"meta":{}},{"ancestorTitles":["CSRF Protection","Sensitive operations detection"],"fullName":"CSRF Protection Sensitive operations detection should not invalidate token for non-sensitive operations","status":"passed","title":"should not invalidate token for non-sensitive operations","duration":0.24250000000006366,"failureMessages":[],"meta":{}},{"ancestorTitles":["CSRF Protection","Token generation"],"fullName":"CSRF Protection Token generation should generate cryptographically secure tokens","status":"passed","title":"should generate cryptographically secure tokens","duration":2.4044000000001233,"failureMessages":[],"meta":{}},{"ancestorTitles":["CSRF Protection","Token generation"],"fullName":"CSRF Protection Token generation should include session ID in token","status":"passed","title":"should include session ID in token","duration":0.40459999999984575,"failureMessages":[],"meta":{}}],"startTime":1758984450494,"endTime":1758984450508.4045,"status":"passed","message":"","name":"C:/Users/benja/Documents/GitHub/StratoSortRust/src/tests/csrf-protection.test.ts"},{"assertionResults":[{"ancestorTitles":["AccessibilityManager","Component Rendering"],"fullName":"AccessibilityManager Component Rendering should render without errors","status":"passed","title":"should render without errors","duration":6.357000000000426,"failureMessages":[],"meta":{}},{"ancestorTitles":["AccessibilityManager","Component Rendering"],"fullName":"AccessibilityManager Component Rendering should initialize with default accessibility preferences","status":"passed","title":"should initialize with default accessibility preferences","duration":1.3123999999997977,"failureMessages":[],"meta":{}},{"ancestorTitles":["AccessibilityManager","Accessibility Store"],"fullName":"AccessibilityManager Accessibility Store should update preferences when store is changed","status":"passed","title":"should update preferences when store is changed","duration":0.16170000000010987,"failureMessages":[],"meta":{}},{"ancestorTitles":["AccessibilityManager","Accessibility Store"],"fullName":"AccessibilityManager Accessibility Store should persist partial preference updates","status":"passed","title":"should persist partial preference updates","duration":0.2418999999999869,"failureMessages":[],"meta":{}},{"ancestorTitles":["AccessibilityManager","Public API Functions"],"fullName":"AccessibilityManager Public API Functions should handle announcements gracefully in test environment","status":"failed","title":"should handle announcements gracefully in test environment","duration":4.456900000000132,"failureMessages":["ReferenceError: announce is not defined\n    at C:\\Users\\benja\\Documents\\GitHub\\StratoSortRust\\src\\lib\\components\\AccessibilityManager.test.ts:129:4\n    at file:///C:/Users/benja/Documents/GitHub/StratoSortRust/node_modules/@vitest/runner/dist/index.js:146:14\n    at file:///C:/Users/benja/Documents/GitHub/StratoSortRust/node_modules/@vitest/runner/dist/index.js:533:11\n    at runWithTimeout (file:///C:/Users/benja/Documents/GitHub/StratoSortRust/node_modules/@vitest/runner/dist/index.js:39:7)\n    at runTest (file:///C:/Users/benja/Documents/GitHub/StratoSortRust/node_modules/@vitest/runner/dist/index.js:1056:17)\n    at processTicksAndRejections (node:internal/process/task_queues:105:5)\n    at runSuite (file:///C:/Users/benja/Documents/GitHub/StratoSortRust/node_modules/@vitest/runner/dist/index.js:1205:15)\n    at runSuite (file:///C:/Users/benja/Documents/GitHub/StratoSortRust/node_modules/@vitest/runner/dist/index.js:1205:15)\n    at runSuite (file:///C:/Users/benja/Documents/GitHub/StratoSortRust/node_modules/@vitest/runner/dist/index.js:1205:15)\n    at runFiles (file:///C:/Users/benja/Documents/GitHub/StratoSortRust/node_modules/@vitest/runner/dist/index.js:1262:5)"],"meta":{}},{"ancestorTitles":["AccessibilityManager","Public API Functions"],"fullName":"AccessibilityManager Public API Functions should handle urgent announcements","status":"failed","title":"should handle urgent announcements","duration":0.5804000000002816,"failureMessages":["ReferenceError: announce is not defined\n    at C:\\Users\\benja\\Documents\\GitHub\\StratoSortRust\\src\\lib\\components\\AccessibilityManager.test.ts:139:4\n    at file:///C:/Users/benja/Documents/GitHub/StratoSortRust/node_modules/@vitest/runner/dist/index.js:146:14\n    at file:///C:/Users/benja/Documents/GitHub/StratoSortRust/node_modules/@vitest/runner/dist/index.js:533:11\n    at runWithTimeout (file:///C:/Users/benja/Documents/GitHub/StratoSortRust/node_modules/@vitest/runner/dist/index.js:39:7)\n    at runTest (file:///C:/Users/benja/Documents/GitHub/StratoSortRust/node_modules/@vitest/runner/dist/index.js:1056:17)\n    at processTicksAndRejections (node:internal/process/task_queues:105:5)\n    at runSuite (file:///C:/Users/benja/Documents/GitHub/StratoSortRust/node_modules/@vitest/runner/dist/index.js:1205:15)\n    at runSuite (file:///C:/Users/benja/Documents/GitHub/StratoSortRust/node_modules/@vitest/runner/dist/index.js:1205:15)\n    at runSuite (file:///C:/Users/benja/Documents/GitHub/StratoSortRust/node_modules/@vitest/runner/dist/index.js:1205:15)\n    at runFiles (file:///C:/Users/benja/Documents/GitHub/StratoSortRust/node_modules/@vitest/runner/dist/index.js:1262:5)"],"meta":{}},{"ancestorTitles":["AccessibilityManager","Public API Functions"],"fullName":"AccessibilityManager Public API Functions should handle focus actions in test environment","status":"failed","title":"should handle focus actions in test environment","duration":0.37729999999965,"failureMessages":["ReferenceError: setFocusToMain is not defined\n    at C:\\Users\\benja\\Documents\\GitHub\\StratoSortRust\\src\\lib\\components\\AccessibilityManager.test.ts:149:4\n    at file:///C:/Users/benja/Documents/GitHub/StratoSortRust/node_modules/@vitest/runner/dist/index.js:146:14\n    at file:///C:/Users/benja/Documents/GitHub/StratoSortRust/node_modules/@vitest/runner/dist/index.js:533:11\n    at runWithTimeout (file:///C:/Users/benja/Documents/GitHub/StratoSortRust/node_modules/@vitest/runner/dist/index.js:39:7)\n    at runTest (file:///C:/Users/benja/Documents/GitHub/StratoSortRust/node_modules/@vitest/runner/dist/index.js:1056:17)\n    at processTicksAndRejections (node:internal/process/task_queues:105:5)\n    at runSuite (file:///C:/Users/benja/Documents/GitHub/StratoSortRust/node_modules/@vitest/runner/dist/index.js:1205:15)\n    at runSuite (file:///C:/Users/benja/Documents/GitHub/StratoSortRust/node_modules/@vitest/runner/dist/index.js:1205:15)\n    at runSuite (file:///C:/Users/benja/Documents/GitHub/StratoSortRust/node_modules/@vitest/runner/dist/index.js:1205:15)\n    at runFiles (file:///C:/Users/benja/Documents/GitHub/StratoSortRust/node_modules/@vitest/runner/dist/index.js:1262:5)"],"meta":{}},{"ancestorTitles":["AccessibilityManager","Color Contrast Utility"],"fullName":"AccessibilityManager Color Contrast Utility should calculate color contrast ratios","status":"failed","title":"should calculate color contrast ratios","duration":0.3467000000000553,"failureMessages":["ReferenceError: checkColorContrast is not defined\n    at C:\\Users\\benja\\Documents\\GitHub\\StratoSortRust\\src\\lib\\components\\AccessibilityManager.test.ts:161:19\n    at file:///C:/Users/benja/Documents/GitHub/StratoSortRust/node_modules/@vitest/runner/dist/index.js:146:14\n    at file:///C:/Users/benja/Documents/GitHub/StratoSortRust/node_modules/@vitest/runner/dist/index.js:533:11\n    at runWithTimeout (file:///C:/Users/benja/Documents/GitHub/StratoSortRust/node_modules/@vitest/runner/dist/index.js:39:7)\n    at runTest (file:///C:/Users/benja/Documents/GitHub/StratoSortRust/node_modules/@vitest/runner/dist/index.js:1056:17)\n    at processTicksAndRejections (node:internal/process/task_queues:105:5)\n    at runSuite (file:///C:/Users/benja/Documents/GitHub/StratoSortRust/node_modules/@vitest/runner/dist/index.js:1205:15)\n    at runSuite (file:///C:/Users/benja/Documents/GitHub/StratoSortRust/node_modules/@vitest/runner/dist/index.js:1205:15)\n    at runSuite (file:///C:/Users/benja/Documents/GitHub/StratoSortRust/node_modules/@vitest/runner/dist/index.js:1205:15)\n    at runFiles (file:///C:/Users/benja/Documents/GitHub/StratoSortRust/node_modules/@vitest/runner/dist/index.js:1262:5)"],"meta":{}},{"ancestorTitles":["AccessibilityManager","Color Contrast Utility"],"fullName":"AccessibilityManager Color Contrast Utility should handle invalid color formats","status":"failed","title":"should handle invalid color formats","duration":0.3392999999996391,"failureMessages":["ReferenceError: checkColorContrast is not defined\n    at C:\\Users\\benja\\Documents\\GitHub\\StratoSortRust\\src\\lib\\components\\AccessibilityManager.test.ts:173:19\n    at file:///C:/Users/benja/Documents/GitHub/StratoSortRust/node_modules/@vitest/runner/dist/index.js:146:14\n    at file:///C:/Users/benja/Documents/GitHub/StratoSortRust/node_modules/@vitest/runner/dist/index.js:533:11\n    at runWithTimeout (file:///C:/Users/benja/Documents/GitHub/StratoSortRust/node_modules/@vitest/runner/dist/index.js:39:7)\n    at runTest (file:///C:/Users/benja/Documents/GitHub/StratoSortRust/node_modules/@vitest/runner/dist/index.js:1056:17)\n    at processTicksAndRejections (node:internal/process/task_queues:105:5)\n    at runSuite (file:///C:/Users/benja/Documents/GitHub/StratoSortRust/node_modules/@vitest/runner/dist/index.js:1205:15)\n    at runSuite (file:///C:/Users/benja/Documents/GitHub/StratoSortRust/node_modules/@vitest/runner/dist/index.js:1205:15)\n    at runSuite (file:///C:/Users/benja/Documents/GitHub/StratoSortRust/node_modules/@vitest/runner/dist/index.js:1205:15)\n    at runFiles (file:///C:/Users/benja/Documents/GitHub/StratoSortRust/node_modules/@vitest/runner/dist/index.js:1262:5)"],"meta":{}},{"ancestorTitles":["AccessibilityManager","Browser Integration"],"fullName":"AccessibilityManager Browser Integration should detect reduced motion preference","status":"passed","title":"should detect reduced motion preference","duration":0.9483000000000175,"failureMessages":[],"meta":{}},{"ancestorTitles":["AccessibilityManager","Browser Integration"],"fullName":"AccessibilityManager Browser Integration should detect high contrast preference","status":"passed","title":"should detect high contrast preference","duration":0.654700000000048,"failureMessages":[],"meta":{}},{"ancestorTitles":["AccessibilityManager","Screen Reader Detection"],"fullName":"AccessibilityManager Screen Reader Detection should detect NVDA screen reader","status":"passed","title":"should detect NVDA screen reader","duration":0.5072000000000116,"failureMessages":[],"meta":{}},{"ancestorTitles":["AccessibilityManager","Screen Reader Detection"],"fullName":"AccessibilityManager Screen Reader Detection should detect JAWS screen reader","status":"passed","title":"should detect JAWS screen reader","duration":0.3445000000001528,"failureMessages":[],"meta":{}},{"ancestorTitles":["AccessibilityManager","Screen Reader Detection"],"fullName":"AccessibilityManager Screen Reader Detection should not detect screen reader in normal browser","status":"passed","title":"should not detect screen reader in normal browser","duration":0.3524999999999636,"failureMessages":[],"meta":{}},{"ancestorTitles":["AccessibilityManager","Error Handling"],"fullName":"AccessibilityManager Error Handling should handle missing window object gracefully","status":"passed","title":"should handle missing window object gracefully","duration":0.44250000000010914,"failureMessages":[],"meta":{}},{"ancestorTitles":["AccessibilityManager","Error Handling"],"fullName":"AccessibilityManager Error Handling should handle missing localStorage gracefully","status":"passed","title":"should handle missing localStorage gracefully","duration":0.7618999999999687,"failureMessages":[],"meta":{}},{"ancestorTitles":["AccessibilityManager","Performance"],"fullName":"AccessibilityManager Performance should not cause memory leaks with repeated mounts/unmounts","status":"passed","title":"should not cause memory leaks with repeated mounts/unmounts","duration":1.3537000000001171,"failureMessages":[],"meta":{}},{"ancestorTitles":["AccessibilityManager","Performance"],"fullName":"AccessibilityManager Performance should debounce preference updates","status":"passed","title":"should debounce preference updates","duration":110.09879999999976,"failureMessages":[],"meta":{}}],"startTime":1758984452283,"endTime":1758984452413.0989,"status":"failed","message":"","name":"C:/Users/benja/Documents/GitHub/StratoSortRust/src/lib/components/AccessibilityManager.test.ts"},{"assertionResults":[{"ancestorTitles":["ErrorBoundary","Normal Operation"],"fullName":"ErrorBoundary Normal Operation should render children when no error occurs","status":"failed","title":"should render children when no error occurs","duration":7.677200000001903,"failureMessages":["TypeError: Cannot read properties of undefined (reading 'ctx')\n    at get_slot_context (C:\\Users\\benja\\Documents\\GitHub\\StratoSortRust\\node_modules\\svelte\\src\\runtime\\internal\\utils.js:189:93)\n    at Module.create_slot (C:\\Users\\benja\\Documents\\GitHub\\StratoSortRust\\node_modules\\svelte\\src\\runtime\\internal\\utils.js:182:20)\n    at Array.create_else_block (C:\\Users\\benja\\Documents\\GitHub\\StratoSortRust\\src\\lib\\components\\ErrorBoundary.svelte:50:45)\n    at create_fragment (C:\\Users\\benja\\Documents\\GitHub\\StratoSortRust\\src\\lib\\components\\ErrorBoundary.svelte:2864:94)\n    at Module.init (C:\\Users\\benja\\Documents\\GitHub\\StratoSortRust\\node_modules\\svelte\\src\\runtime\\internal\\Component.js:143:34)\n    at new ErrorBoundary (C:\\Users\\benja\\Documents\\GitHub\\StratoSortRust\\src\\lib\\components\\ErrorBoundary.svelte:3594:25)\n    at SvelteTestingLibrary.renderComponent (C:\\Users\\benja\\Documents\\GitHub\\StratoSortRust\\node_modules\\@testing-library\\svelte\\src\\pure.js:97:23)\n    at SvelteTestingLibrary.render (C:\\Users\\benja\\Documents\\GitHub\\StratoSortRust\\node_modules\\@testing-library\\svelte\\src\\pure.js:65:28)\n    at C:\\Users\\benja\\Documents\\GitHub\\StratoSortRust\\src\\lib\\components\\ErrorBoundary.test.ts:64:26\n    at file:///C:/Users/benja/Documents/GitHub/StratoSortRust/node_modules/@vitest/runner/dist/index.js:146:14"],"meta":{}},{"ancestorTitles":["ErrorBoundary","Normal Operation"],"fullName":"ErrorBoundary Normal Operation should not show error state initially","status":"passed","title":"should not show error state initially","duration":7.67699999999968,"failureMessages":[],"meta":{}},{"ancestorTitles":["ErrorBoundary","Error Handling"],"fullName":"ErrorBoundary Error Handling should catch and display runtime errors","status":"failed","title":"should catch and display runtime errors","duration":0.7135999999991327,"failureMessages":["TypeError: Cannot read properties of undefined (reading 'ctx')\n    at get_slot_context (C:\\Users\\benja\\Documents\\GitHub\\StratoSortRust\\node_modules\\svelte\\src\\runtime\\internal\\utils.js:189:93)\n    at Module.create_slot (C:\\Users\\benja\\Documents\\GitHub\\StratoSortRust\\node_modules\\svelte\\src\\runtime\\internal\\utils.js:182:20)\n    at Array.create_else_block (C:\\Users\\benja\\Documents\\GitHub\\StratoSortRust\\src\\lib\\components\\ErrorBoundary.svelte:50:45)\n    at create_fragment (C:\\Users\\benja\\Documents\\GitHub\\StratoSortRust\\src\\lib\\components\\ErrorBoundary.svelte:2864:94)\n    at Module.init (C:\\Users\\benja\\Documents\\GitHub\\StratoSortRust\\node_modules\\svelte\\src\\runtime\\internal\\Component.js:143:34)\n    at new ErrorBoundary (C:\\Users\\benja\\Documents\\GitHub\\StratoSortRust\\src\\lib\\components\\ErrorBoundary.svelte:3594:25)\n    at SvelteTestingLibrary.renderComponent (C:\\Users\\benja\\Documents\\GitHub\\StratoSortRust\\node_modules\\@testing-library\\svelte\\src\\pure.js:97:23)\n    at SvelteTestingLibrary.render (C:\\Users\\benja\\Documents\\GitHub\\StratoSortRust\\node_modules\\@testing-library\\svelte\\src\\pure.js:65:28)\n    at C:\\Users\\benja\\Documents\\GitHub\\StratoSortRust\\src\\lib\\components\\ErrorBoundary.test.ts:88:26\n    at file:///C:/Users/benja/Documents/GitHub/StratoSortRust/node_modules/@vitest/runner/dist/index.js:146:14"],"meta":{}},{"ancestorTitles":["ErrorBoundary","Error Handling"],"fullName":"ErrorBoundary Error Handling should display custom error message","status":"passed","title":"should display custom error message","duration":25.968000000000757,"failureMessages":[],"meta":{}},{"ancestorTitles":["ErrorBoundary","Error Handling"],"fullName":"ErrorBoundary Error Handling should show retry button after error","status":"passed","title":"should show retry button after error","duration":16.076399999998102,"failureMessages":[],"meta":{}},{"ancestorTitles":["ErrorBoundary","Error Handling"],"fullName":"ErrorBoundary Error Handling should show home button after error","status":"passed","title":"should show home button after error","duration":10.937600000001112,"failureMessages":[],"meta":{}},{"ancestorTitles":["ErrorBoundary","Error Categorization"],"fullName":"ErrorBoundary Error Categorization should categorize network errors correctly","status":"failed","title":"should categorize network errors correctly","duration":1004.7258000000002,"failureMessages":["Error: Unable to find an element with the text: /network error/i. This could be because the text is broken up by multiple elements. In this case, you can provide a function for your text matcher to make your matcher more flexible.\n\nIgnored nodes: comments, script, style\n\u001b[36m<body>\u001b[39m\n  \u001b[36m<div>\u001b[39m\n    \u001b[0m \u001b[0m\n    \u001b[0m\u001b[0m\n    \u001b[0m \u001b[0m\n    \u001b[0m\u001b[0m\n  \u001b[36m</div>\u001b[39m\n\u001b[36m</body>\u001b[39m\n    at Module.waitForWrapper (C:\\Users\\benja\\Documents\\GitHub\\StratoSortRust\\node_modules\\@testing-library\\svelte\\node_modules\\@testing-library\\dom\\dist\\@testing-library\\dom.esm.js:1126:27)\n    at C:\\Users\\benja\\Documents\\GitHub\\StratoSortRust\\src\\lib\\components\\ErrorBoundary.test.ts:155:10\n    at file:///C:/Users/benja/Documents/GitHub/StratoSortRust/node_modules/@vitest/runner/dist/index.js:146:14\n    at file:///C:/Users/benja/Documents/GitHub/StratoSortRust/node_modules/@vitest/runner/dist/index.js:533:11\n    at runWithTimeout (file:///C:/Users/benja/Documents/GitHub/StratoSortRust/node_modules/@vitest/runner/dist/index.js:39:7)\n    at runTest (file:///C:/Users/benja/Documents/GitHub/StratoSortRust/node_modules/@vitest/runner/dist/index.js:1056:17)\n    at runSuite (file:///C:/Users/benja/Documents/GitHub/StratoSortRust/node_modules/@vitest/runner/dist/index.js:1205:15)\n    at runSuite (file:///C:/Users/benja/Documents/GitHub/StratoSortRust/node_modules/@vitest/runner/dist/index.js:1205:15)\n    at runSuite (file:///C:/Users/benja/Documents/GitHub/StratoSortRust/node_modules/@vitest/runner/dist/index.js:1205:15)\n    at runFiles (file:///C:/Users/benja/Documents/GitHub/StratoSortRust/node_modules/@vitest/runner/dist/index.js:1262:5)"],"meta":{}},{"ancestorTitles":["ErrorBoundary","Error Categorization"],"fullName":"ErrorBoundary Error Categorization should categorize permission errors correctly","status":"failed","title":"should categorize permission errors correctly","duration":1011.0910000000003,"failureMessages":["Error: Unable to find an element with the text: /permission/i. This could be because the text is broken up by multiple elements. In this case, you can provide a function for your text matcher to make your matcher more flexible.\n\nIgnored nodes: comments, script, style\n\u001b[36m<body>\u001b[39m\n  \u001b[36m<div>\u001b[39m\n    \u001b[0m \u001b[0m\n    \u001b[0m\u001b[0m\n    \u001b[0m \u001b[0m\n    \u001b[0m\u001b[0m\n  \u001b[36m</div>\u001b[39m\n\u001b[36m</body>\u001b[39m\n    at Module.waitForWrapper (C:\\Users\\benja\\Documents\\GitHub\\StratoSortRust\\node_modules\\@testing-library\\svelte\\node_modules\\@testing-library\\dom\\dist\\@testing-library\\dom.esm.js:1126:27)\n    at C:\\Users\\benja\\Documents\\GitHub\\StratoSortRust\\src\\lib\\components\\ErrorBoundary.test.ts:171:10\n    at file:///C:/Users/benja/Documents/GitHub/StratoSortRust/node_modules/@vitest/runner/dist/index.js:146:14\n    at file:///C:/Users/benja/Documents/GitHub/StratoSortRust/node_modules/@vitest/runner/dist/index.js:533:11\n    at runWithTimeout (file:///C:/Users/benja/Documents/GitHub/StratoSortRust/node_modules/@vitest/runner/dist/index.js:39:7)\n    at runTest (file:///C:/Users/benja/Documents/GitHub/StratoSortRust/node_modules/@vitest/runner/dist/index.js:1056:17)\n    at runSuite (file:///C:/Users/benja/Documents/GitHub/StratoSortRust/node_modules/@vitest/runner/dist/index.js:1205:15)\n    at runSuite (file:///C:/Users/benja/Documents/GitHub/StratoSortRust/node_modules/@vitest/runner/dist/index.js:1205:15)\n    at runSuite (file:///C:/Users/benja/Documents/GitHub/StratoSortRust/node_modules/@vitest/runner/dist/index.js:1205:15)\n    at runFiles (file:///C:/Users/benja/Documents/GitHub/StratoSortRust/node_modules/@vitest/runner/dist/index.js:1262:5)"],"meta":{}},{"ancestorTitles":["ErrorBoundary","Error Categorization"],"fullName":"ErrorBoundary Error Categorization should provide contextual help based on error type","status":"failed","title":"should provide contextual help based on error type","duration":1011.5347000000002,"failureMessages":["Error: Unable to find an element with the text: /check your internet connection/i. This could be because the text is broken up by multiple elements. In this case, you can provide a function for your text matcher to make your matcher more flexible.\n\nIgnored nodes: comments, script, style\n\u001b[36m<body>\u001b[39m\n  \u001b[36m<div>\u001b[39m\n    \u001b[0m \u001b[0m\n    \u001b[0m\u001b[0m\n    \u001b[0m \u001b[0m\n    \u001b[0m\u001b[0m\n  \u001b[36m</div>\u001b[39m\n\u001b[36m</body>\u001b[39m\n    at Module.waitForWrapper (C:\\Users\\benja\\Documents\\GitHub\\StratoSortRust\\node_modules\\@testing-library\\svelte\\node_modules\\@testing-library\\dom\\dist\\@testing-library\\dom.esm.js:1126:27)\n    at C:\\Users\\benja\\Documents\\GitHub\\StratoSortRust\\src\\lib\\components\\ErrorBoundary.test.ts:187:10\n    at file:///C:/Users/benja/Documents/GitHub/StratoSortRust/node_modules/@vitest/runner/dist/index.js:146:14\n    at file:///C:/Users/benja/Documents/GitHub/StratoSortRust/node_modules/@vitest/runner/dist/index.js:533:11\n    at runWithTimeout (file:///C:/Users/benja/Documents/GitHub/StratoSortRust/node_modules/@vitest/runner/dist/index.js:39:7)\n    at runTest (file:///C:/Users/benja/Documents/GitHub/StratoSortRust/node_modules/@vitest/runner/dist/index.js:1056:17)\n    at runSuite (file:///C:/Users/benja/Documents/GitHub/StratoSortRust/node_modules/@vitest/runner/dist/index.js:1205:15)\n    at runSuite (file:///C:/Users/benja/Documents/GitHub/StratoSortRust/node_modules/@vitest/runner/dist/index.js:1205:15)\n    at runSuite (file:///C:/Users/benja/Documents/GitHub/StratoSortRust/node_modules/@vitest/runner/dist/index.js:1205:15)\n    at runFiles (file:///C:/Users/benja/Documents/GitHub/StratoSortRust/node_modules/@vitest/runner/dist/index.js:1262:5)"],"meta":{}},{"ancestorTitles":["ErrorBoundary","Auto-Retry Functionality"],"fullName":"ErrorBoundary Auto-Retry Functionality should enable auto-retry for transient errors","status":"failed","title":"should enable auto-retry for transient errors","duration":1014.8020000000033,"failureMessages":["Error: Unable to find an element with the text: /retrying automatically/i. This could be because the text is broken up by multiple elements. In this case, you can provide a function for your text matcher to make your matcher more flexible.\n\nIgnored nodes: comments, script, style\n\u001b[36m<body>\u001b[39m\n  \u001b[36m<div>\u001b[39m\n    \u001b[0m \u001b[0m\n    \u001b[0m\u001b[0m\n    \u001b[0m \u001b[0m\n    \u001b[0m\u001b[0m\n  \u001b[36m</div>\u001b[39m\n\u001b[36m</body>\u001b[39m\n    at Module.waitForWrapper (C:\\Users\\benja\\Documents\\GitHub\\StratoSortRust\\node_modules\\@testing-library\\svelte\\node_modules\\@testing-library\\dom\\dist\\@testing-library\\dom.esm.js:1126:27)\n    at C:\\Users\\benja\\Documents\\GitHub\\StratoSortRust\\src\\lib\\components\\ErrorBoundary.test.ts:207:10\n    at file:///C:/Users/benja/Documents/GitHub/StratoSortRust/node_modules/@vitest/runner/dist/index.js:146:14\n    at file:///C:/Users/benja/Documents/GitHub/StratoSortRust/node_modules/@vitest/runner/dist/index.js:533:11\n    at runWithTimeout (file:///C:/Users/benja/Documents/GitHub/StratoSortRust/node_modules/@vitest/runner/dist/index.js:39:7)\n    at runTest (file:///C:/Users/benja/Documents/GitHub/StratoSortRust/node_modules/@vitest/runner/dist/index.js:1056:17)\n    at runSuite (file:///C:/Users/benja/Documents/GitHub/StratoSortRust/node_modules/@vitest/runner/dist/index.js:1205:15)\n    at runSuite (file:///C:/Users/benja/Documents/GitHub/StratoSortRust/node_modules/@vitest/runner/dist/index.js:1205:15)\n    at runSuite (file:///C:/Users/benja/Documents/GitHub/StratoSortRust/node_modules/@vitest/runner/dist/index.js:1205:15)\n    at runFiles (file:///C:/Users/benja/Documents/GitHub/StratoSortRust/node_modules/@vitest/runner/dist/index.js:1262:5)"],"meta":{}},{"ancestorTitles":["ErrorBoundary","Auto-Retry Functionality"],"fullName":"ErrorBoundary Auto-Retry Functionality should not auto-retry for permanent errors","status":"passed","title":"should not auto-retry for permanent errors","duration":1.4852000000028056,"failureMessages":[],"meta":{}},{"ancestorTitles":["ErrorBoundary","Auto-Retry Functionality"],"fullName":"ErrorBoundary Auto-Retry Functionality should stop auto-retry after max attempts","status":"failed","title":"should stop auto-retry after max attempts","duration":1011.543099999999,"failureMessages":["Error: Unable to find an element with the text: /maximum retry attempts/i. This could be because the text is broken up by multiple elements. In this case, you can provide a function for your text matcher to make your matcher more flexible.\n\nIgnored nodes: comments, script, style\n\u001b[36m<body>\u001b[39m\n  \u001b[36m<div>\u001b[39m\n    \u001b[0m \u001b[0m\n    \u001b[0m\u001b[0m\n    \u001b[0m \u001b[0m\n    \u001b[0m\u001b[0m\n  \u001b[36m</div>\u001b[39m\n\u001b[36m</body>\u001b[39m\n    at Module.waitForWrapper (C:\\Users\\benja\\Documents\\GitHub\\StratoSortRust\\node_modules\\@testing-library\\svelte\\node_modules\\@testing-library\\dom\\dist\\@testing-library\\dom.esm.js:1126:27)\n    at C:\\Users\\benja\\Documents\\GitHub\\StratoSortRust\\src\\lib\\components\\ErrorBoundary.test.ts:238:10\n    at file:///C:/Users/benja/Documents/GitHub/StratoSortRust/node_modules/@vitest/runner/dist/index.js:146:14\n    at file:///C:/Users/benja/Documents/GitHub/StratoSortRust/node_modules/@vitest/runner/dist/index.js:533:11\n    at runWithTimeout (file:///C:/Users/benja/Documents/GitHub/StratoSortRust/node_modules/@vitest/runner/dist/index.js:39:7)\n    at runTest (file:///C:/Users/benja/Documents/GitHub/StratoSortRust/node_modules/@vitest/runner/dist/index.js:1056:17)\n    at runSuite (file:///C:/Users/benja/Documents/GitHub/StratoSortRust/node_modules/@vitest/runner/dist/index.js:1205:15)\n    at runSuite (file:///C:/Users/benja/Documents/GitHub/StratoSortRust/node_modules/@vitest/runner/dist/index.js:1205:15)\n    at runSuite (file:///C:/Users/benja/Documents/GitHub/StratoSortRust/node_modules/@vitest/runner/dist/index.js:1205:15)\n    at runFiles (file:///C:/Users/benja/Documents/GitHub/StratoSortRust/node_modules/@vitest/runner/dist/index.js:1262:5)"],"meta":{}},{"ancestorTitles":["ErrorBoundary","Error History"],"fullName":"ErrorBoundary Error History should track error history in store","status":"failed","title":"should track error history in store","duration":1016.7330000000002,"failureMessages":["AssertionError: expected [] to have a length of 1 but got +0\n\nIgnored nodes: comments, script, style\n\u001b[36m<html>\u001b[39m\n  \u001b[36m<head />\u001b[39m\n  \u001b[36m<body>\u001b[39m\n    \u001b[36m<div>\u001b[39m\n      \u001b[0m \u001b[0m\n      \u001b[0m\u001b[0m\n      \u001b[0m \u001b[0m\n      \u001b[0m\u001b[0m\n    \u001b[36m</div>\u001b[39m\n  \u001b[36m</body>\u001b[39m\n\u001b[36m</html>\u001b[39m\n    at Proxy.<anonymous> (file:///C:/Users/benja/Documents/GitHub/StratoSortRust/node_modules/@vitest/expect/dist/index.js:1339:22)\n    at Proxy.<anonymous> (file:///C:/Users/benja/Documents/GitHub/StratoSortRust/node_modules/@vitest/expect/dist/index.js:972:17)\n    at Proxy.methodWrapper (file:///C:/Users/benja/Documents/GitHub/StratoSortRust/node_modules/chai/index.js:1686:25)\n    at C:\\Users\\benja\\Documents\\GitHub\\StratoSortRust\\src\\lib\\components\\ErrorBoundary.test.ts:258:21\n    at runWithExpensiveErrorDiagnosticsDisabled (C:\\Users\\benja\\Documents\\GitHub\\StratoSortRust\\node_modules\\@testing-library\\svelte\\node_modules\\@testing-library\\dom\\dist\\@testing-library\\dom.esm.js:342:12)\n    at checkCallback (C:\\Users\\benja\\Documents\\GitHub\\StratoSortRust\\node_modules\\@testing-library\\svelte\\node_modules\\@testing-library\\dom\\dist\\@testing-library\\dom.esm.js:1087:24)\n    at Timeout.checkRealTimersCallback (C:\\Users\\benja\\Documents\\GitHub\\StratoSortRust\\node_modules\\@testing-library\\svelte\\node_modules\\@testing-library\\dom\\dist\\@testing-library\\dom.esm.js:1081:16)\n    at listOnTimeout (node:internal/timers:588:17)\n    at processTimers (node:internal/timers:523:7)"],"meta":{}},{"ancestorTitles":["ErrorBoundary","Error History"],"fullName":"ErrorBoundary Error History should include context information in error records","status":"failed","title":"should include context information in error records","duration":1012.3657000000021,"failureMessages":["TypeError: Cannot read properties of undefined (reading 'context')\n\nIgnored nodes: comments, script, style\n\u001b[36m<html>\u001b[39m\n  \u001b[36m<head />\u001b[39m\n  \u001b[36m<body>\u001b[39m\n    \u001b[36m<div>\u001b[39m\n      \u001b[0m \u001b[0m\n      \u001b[0m\u001b[0m\n      \u001b[0m \u001b[0m\n      \u001b[0m\u001b[0m\n    \u001b[36m</div>\u001b[39m\n  \u001b[36m</body>\u001b[39m\n\u001b[36m</html>\u001b[39m\n    at C:\\Users\\benja\\Documents\\GitHub\\StratoSortRust\\src\\lib\\components\\ErrorBoundary.test.ts:277:23\n    at runWithExpensiveErrorDiagnosticsDisabled (C:\\Users\\benja\\Documents\\GitHub\\StratoSortRust\\node_modules\\@testing-library\\svelte\\node_modules\\@testing-library\\dom\\dist\\@testing-library\\dom.esm.js:342:12)\n    at checkCallback (C:\\Users\\benja\\Documents\\GitHub\\StratoSortRust\\node_modules\\@testing-library\\svelte\\node_modules\\@testing-library\\dom\\dist\\@testing-library\\dom.esm.js:1087:24)\n    at Timeout.checkRealTimersCallback (C:\\Users\\benja\\Documents\\GitHub\\StratoSortRust\\node_modules\\@testing-library\\svelte\\node_modules\\@testing-library\\dom\\dist\\@testing-library\\dom.esm.js:1081:16)\n    at listOnTimeout (node:internal/timers:588:17)\n    at processTimers (node:internal/timers:523:7)"],"meta":{}},{"ancestorTitles":["ErrorBoundary","Error History"],"fullName":"ErrorBoundary Error History should generate unique error IDs","status":"failed","title":"should generate unique error IDs","duration":1015.7486000000026,"failureMessages":["AssertionError: expected [] to have a length of 2 but got +0\n\nIgnored nodes: comments, script, style\n\u001b[36m<html>\u001b[39m\n  \u001b[36m<head />\u001b[39m\n  \u001b[36m<body>\u001b[39m\n    \u001b[36m<div>\u001b[39m\n      \u001b[0m \u001b[0m\n      \u001b[0m\u001b[0m\n      \u001b[0m \u001b[0m\n      \u001b[0m\u001b[0m\n    \u001b[36m</div>\u001b[39m\n    \u001b[36m<div>\u001b[39m\n      \u001b[0m \u001b[0m\n      \u001b[0m\u001b[0m\n      \u001b[0m \u001b[0m\n      \u001b[0m\u001b[0m\n    \u001b[36m</div>\u001b[39m\n  \u001b[36m</body>\u001b[39m\n\u001b[36m</html>\u001b[39m\n    at Proxy.<anonymous> (file:///C:/Users/benja/Documents/GitHub/StratoSortRust/node_modules/@vitest/expect/dist/index.js:1339:22)\n    at Proxy.<anonymous> (file:///C:/Users/benja/Documents/GitHub/StratoSortRust/node_modules/@vitest/expect/dist/index.js:972:17)\n    at Proxy.methodWrapper (file:///C:/Users/benja/Documents/GitHub/StratoSortRust/node_modules/chai/index.js:1686:25)\n    at C:\\Users\\benja\\Documents\\GitHub\\StratoSortRust\\src\\lib\\components\\ErrorBoundary.test.ts:300:21\n    at runWithExpensiveErrorDiagnosticsDisabled (C:\\Users\\benja\\Documents\\GitHub\\StratoSortRust\\node_modules\\@testing-library\\svelte\\node_modules\\@testing-library\\dom\\dist\\@testing-library\\dom.esm.js:342:12)\n    at checkCallback (C:\\Users\\benja\\Documents\\GitHub\\StratoSortRust\\node_modules\\@testing-library\\svelte\\node_modules\\@testing-library\\dom\\dist\\@testing-library\\dom.esm.js:1087:24)\n    at Timeout.checkRealTimersCallback (C:\\Users\\benja\\Documents\\GitHub\\StratoSortRust\\node_modules\\@testing-library\\svelte\\node_modules\\@testing-library\\dom\\dist\\@testing-library\\dom.esm.js:1081:16)\n    at listOnTimeout (node:internal/timers:588:17)\n    at processTimers (node:internal/timers:523:7)"],"meta":{}},{"ancestorTitles":["ErrorBoundary","User Interactions"],"fullName":"ErrorBoundary User Interactions should handle retry button click","status":"failed","title":"should handle retry button click","duration":2.0216999999975087,"failureMessages":["TestingLibraryElementError: Unable to find an accessible element with the role \"button\" and name `/try again/i`\n\nThere are no accessible roles. But there might be some inaccessible roles. If you wish to access them, then set the `hidden` option to `true`. Learn more about this here: https://testing-library.com/docs/dom-testing-library/api-queries#byrole\n\nIgnored nodes: comments, script, style\n\u001b[36m<body>\u001b[39m\n  \u001b[36m<div>\u001b[39m\n    \u001b[0m \u001b[0m\n    \u001b[0m\u001b[0m\n    \u001b[0m \u001b[0m\n    \u001b[0m\u001b[0m\n  \u001b[36m</div>\u001b[39m\n\u001b[36m</body>\u001b[39m\n    at Object.getElementError (C:\\Users\\benja\\Documents\\GitHub\\StratoSortRust\\node_modules\\@testing-library\\svelte\\node_modules\\@testing-library\\dom\\dist\\@testing-library\\dom.esm.js:332:19)\n    at C:\\Users\\benja\\Documents\\GitHub\\StratoSortRust\\node_modules\\@testing-library\\svelte\\node_modules\\@testing-library\\dom\\dist\\@testing-library\\dom.esm.js:1196:25\n    at C:\\Users\\benja\\Documents\\GitHub\\StratoSortRust\\node_modules\\@testing-library\\svelte\\node_modules\\@testing-library\\dom\\dist\\@testing-library\\dom.esm.js:1175:17\n    at C:\\Users\\benja\\Documents\\GitHub\\StratoSortRust\\node_modules\\@testing-library\\svelte\\node_modules\\@testing-library\\dom\\dist\\@testing-library\\dom.esm.js:1218:19\n    at C:\\Users\\benja\\Documents\\GitHub\\StratoSortRust\\src\\lib\\components\\ErrorBoundary.test.ts:315:31\n    at file:///C:/Users/benja/Documents/GitHub/StratoSortRust/node_modules/@vitest/runner/dist/index.js:146:14\n    at file:///C:/Users/benja/Documents/GitHub/StratoSortRust/node_modules/@vitest/runner/dist/index.js:533:11\n    at runWithTimeout (file:///C:/Users/benja/Documents/GitHub/StratoSortRust/node_modules/@vitest/runner/dist/index.js:39:7)\n    at runTest (file:///C:/Users/benja/Documents/GitHub/StratoSortRust/node_modules/@vitest/runner/dist/index.js:1056:17)\n    at runSuite (file:///C:/Users/benja/Documents/GitHub/StratoSortRust/node_modules/@vitest/runner/dist/index.js:1205:15)"],"meta":{}},{"ancestorTitles":["ErrorBoundary","User Interactions"],"fullName":"ErrorBoundary User Interactions should copy error details to clipboard","status":"failed","title":"should copy error details to clipboard","duration":0.4599999999991269,"failureMessages":["TypeError: Cannot set property clipboard of [object Object] which has only a getter\n    at Function.assign (<anonymous>)\n    at C:\\Users\\benja\\Documents\\GitHub\\StratoSortRust\\src\\lib\\components\\ErrorBoundary.test.ts:327:11\n    at file:///C:/Users/benja/Documents/GitHub/StratoSortRust/node_modules/@vitest/runner/dist/index.js:146:14\n    at file:///C:/Users/benja/Documents/GitHub/StratoSortRust/node_modules/@vitest/runner/dist/index.js:533:11\n    at runWithTimeout (file:///C:/Users/benja/Documents/GitHub/StratoSortRust/node_modules/@vitest/runner/dist/index.js:39:7)\n    at runTest (file:///C:/Users/benja/Documents/GitHub/StratoSortRust/node_modules/@vitest/runner/dist/index.js:1056:17)\n    at runSuite (file:///C:/Users/benja/Documents/GitHub/StratoSortRust/node_modules/@vitest/runner/dist/index.js:1205:15)\n    at runSuite (file:///C:/Users/benja/Documents/GitHub/StratoSortRust/node_modules/@vitest/runner/dist/index.js:1205:15)\n    at runSuite (file:///C:/Users/benja/Documents/GitHub/StratoSortRust/node_modules/@vitest/runner/dist/index.js:1205:15)\n    at runFiles (file:///C:/Users/benja/Documents/GitHub/StratoSortRust/node_modules/@vitest/runner/dist/index.js:1262:5)"],"meta":{}},{"ancestorTitles":["ErrorBoundary","User Interactions"],"fullName":"ErrorBoundary User Interactions should show debug modal when requested","status":"failed","title":"should show debug modal when requested","duration":1.1310000000012224,"failureMessages":["TestingLibraryElementError: Unable to find an accessible element with the role \"button\" and name `/debug info/i`\n\nThere are no accessible roles. But there might be some inaccessible roles. If you wish to access them, then set the `hidden` option to `true`. Learn more about this here: https://testing-library.com/docs/dom-testing-library/api-queries#byrole\n\nIgnored nodes: comments, script, style\n\u001b[36m<body>\u001b[39m\n  \u001b[36m<div>\u001b[39m\n    \u001b[0m \u001b[0m\n    \u001b[0m\u001b[0m\n    \u001b[0m \u001b[0m\n    \u001b[0m\u001b[0m\n  \u001b[36m</div>\u001b[39m\n\u001b[36m</body>\u001b[39m\n    at Object.getElementError (C:\\Users\\benja\\Documents\\GitHub\\StratoSortRust\\node_modules\\@testing-library\\svelte\\node_modules\\@testing-library\\dom\\dist\\@testing-library\\dom.esm.js:332:19)\n    at C:\\Users\\benja\\Documents\\GitHub\\StratoSortRust\\node_modules\\@testing-library\\svelte\\node_modules\\@testing-library\\dom\\dist\\@testing-library\\dom.esm.js:1196:25\n    at C:\\Users\\benja\\Documents\\GitHub\\StratoSortRust\\node_modules\\@testing-library\\svelte\\node_modules\\@testing-library\\dom\\dist\\@testing-library\\dom.esm.js:1175:17\n    at C:\\Users\\benja\\Documents\\GitHub\\StratoSortRust\\node_modules\\@testing-library\\svelte\\node_modules\\@testing-library\\dom\\dist\\@testing-library\\dom.esm.js:1218:19\n    at C:\\Users\\benja\\Documents\\GitHub\\StratoSortRust\\src\\lib\\components\\ErrorBoundary.test.ts:358:31\n    at file:///C:/Users/benja/Documents/GitHub/StratoSortRust/node_modules/@vitest/runner/dist/index.js:146:14\n    at file:///C:/Users/benja/Documents/GitHub/StratoSortRust/node_modules/@vitest/runner/dist/index.js:533:11\n    at runWithTimeout (file:///C:/Users/benja/Documents/GitHub/StratoSortRust/node_modules/@vitest/runner/dist/index.js:39:7)\n    at runTest (file:///C:/Users/benja/Documents/GitHub/StratoSortRust/node_modules/@vitest/runner/dist/index.js:1056:17)\n    at runSuite (file:///C:/Users/benja/Documents/GitHub/StratoSortRust/node_modules/@vitest/runner/dist/index.js:1205:15)"],"meta":{}},{"ancestorTitles":["ErrorBoundary","User Interactions"],"fullName":"ErrorBoundary User Interactions should show report modal when requested","status":"failed","title":"should show report modal when requested","duration":1.022899999999936,"failureMessages":["TestingLibraryElementError: Unable to find an accessible element with the role \"button\" and name `/report error/i`\n\nThere are no accessible roles. But there might be some inaccessible roles. If you wish to access them, then set the `hidden` option to `true`. Learn more about this here: https://testing-library.com/docs/dom-testing-library/api-queries#byrole\n\nIgnored nodes: comments, script, style\n\u001b[36m<body>\u001b[39m\n  \u001b[36m<div>\u001b[39m\n    \u001b[0m \u001b[0m\n    \u001b[0m\u001b[0m\n    \u001b[0m \u001b[0m\n    \u001b[0m\u001b[0m\n  \u001b[36m</div>\u001b[39m\n\u001b[36m</body>\u001b[39m\n    at Object.getElementError (C:\\Users\\benja\\Documents\\GitHub\\StratoSortRust\\node_modules\\@testing-library\\svelte\\node_modules\\@testing-library\\dom\\dist\\@testing-library\\dom.esm.js:332:19)\n    at C:\\Users\\benja\\Documents\\GitHub\\StratoSortRust\\node_modules\\@testing-library\\svelte\\node_modules\\@testing-library\\dom\\dist\\@testing-library\\dom.esm.js:1196:25\n    at C:\\Users\\benja\\Documents\\GitHub\\StratoSortRust\\node_modules\\@testing-library\\svelte\\node_modules\\@testing-library\\dom\\dist\\@testing-library\\dom.esm.js:1175:17\n    at C:\\Users\\benja\\Documents\\GitHub\\StratoSortRust\\node_modules\\@testing-library\\svelte\\node_modules\\@testing-library\\dom\\dist\\@testing-library\\dom.esm.js:1218:19\n    at C:\\Users\\benja\\Documents\\GitHub\\StratoSortRust\\src\\lib\\components\\ErrorBoundary.test.ts:375:32\n    at file:///C:/Users/benja/Documents/GitHub/StratoSortRust/node_modules/@vitest/runner/dist/index.js:146:14\n    at file:///C:/Users/benja/Documents/GitHub/StratoSortRust/node_modules/@vitest/runner/dist/index.js:533:11\n    at runWithTimeout (file:///C:/Users/benja/Documents/GitHub/StratoSortRust/node_modules/@vitest/runner/dist/index.js:39:7)\n    at runTest (file:///C:/Users/benja/Documents/GitHub/StratoSortRust/node_modules/@vitest/runner/dist/index.js:1056:17)\n    at runSuite (file:///C:/Users/benja/Documents/GitHub/StratoSortRust/node_modules/@vitest/runner/dist/index.js:1205:15)"],"meta":{}},{"ancestorTitles":["ErrorBoundary","Accessibility"],"fullName":"ErrorBoundary Accessibility should have proper ARIA attributes","status":"failed","title":"should have proper ARIA attributes","duration":1.0023000000001048,"failureMessages":["TestingLibraryElementError: Unable to find an accessible element with the role \"alert\"\n\nThere are no accessible roles. But there might be some inaccessible roles. If you wish to access them, then set the `hidden` option to `true`. Learn more about this here: https://testing-library.com/docs/dom-testing-library/api-queries#byrole\n\nIgnored nodes: comments, script, style\n\u001b[36m<body>\u001b[39m\n  \u001b[36m<div>\u001b[39m\n    \u001b[0m \u001b[0m\n    \u001b[0m\u001b[0m\n    \u001b[0m \u001b[0m\n    \u001b[0m\u001b[0m\n  \u001b[36m</div>\u001b[39m\n\u001b[36m</body>\u001b[39m\n    at Object.getElementError (C:\\Users\\benja\\Documents\\GitHub\\StratoSortRust\\node_modules\\@testing-library\\svelte\\node_modules\\@testing-library\\dom\\dist\\@testing-library\\dom.esm.js:332:19)\n    at C:\\Users\\benja\\Documents\\GitHub\\StratoSortRust\\node_modules\\@testing-library\\svelte\\node_modules\\@testing-library\\dom\\dist\\@testing-library\\dom.esm.js:1196:25\n    at C:\\Users\\benja\\Documents\\GitHub\\StratoSortRust\\node_modules\\@testing-library\\svelte\\node_modules\\@testing-library\\dom\\dist\\@testing-library\\dom.esm.js:1175:17\n    at C:\\Users\\benja\\Documents\\GitHub\\StratoSortRust\\node_modules\\@testing-library\\svelte\\node_modules\\@testing-library\\dom\\dist\\@testing-library\\dom.esm.js:1218:19\n    at C:\\Users\\benja\\Documents\\GitHub\\StratoSortRust\\src\\lib\\components\\ErrorBoundary.test.ts:392:34\n    at file:///C:/Users/benja/Documents/GitHub/StratoSortRust/node_modules/@vitest/runner/dist/index.js:146:14\n    at file:///C:/Users/benja/Documents/GitHub/StratoSortRust/node_modules/@vitest/runner/dist/index.js:533:11\n    at runWithTimeout (file:///C:/Users/benja/Documents/GitHub/StratoSortRust/node_modules/@vitest/runner/dist/index.js:39:7)\n    at runTest (file:///C:/Users/benja/Documents/GitHub/StratoSortRust/node_modules/@vitest/runner/dist/index.js:1056:17)\n    at runSuite (file:///C:/Users/benja/Documents/GitHub/StratoSortRust/node_modules/@vitest/runner/dist/index.js:1205:15)"],"meta":{}},{"ancestorTitles":["ErrorBoundary","Accessibility"],"fullName":"ErrorBoundary Accessibility should be focusable for screen readers","status":"failed","title":"should be focusable for screen readers","duration":1.195899999998801,"failureMessages":["TestingLibraryElementError: Unable to find an accessible element with the role \"alert\"\n\nThere are no accessible roles. But there might be some inaccessible roles. If you wish to access them, then set the `hidden` option to `true`. Learn more about this here: https://testing-library.com/docs/dom-testing-library/api-queries#byrole\n\nIgnored nodes: comments, script, style\n\u001b[36m<body>\u001b[39m\n  \u001b[36m<div>\u001b[39m\n    \u001b[0m \u001b[0m\n    \u001b[0m\u001b[0m\n    \u001b[0m \u001b[0m\n    \u001b[0m\u001b[0m\n  \u001b[36m</div>\u001b[39m\n\u001b[36m</body>\u001b[39m\n    at Object.getElementError (C:\\Users\\benja\\Documents\\GitHub\\StratoSortRust\\node_modules\\@testing-library\\svelte\\node_modules\\@testing-library\\dom\\dist\\@testing-library\\dom.esm.js:332:19)\n    at C:\\Users\\benja\\Documents\\GitHub\\StratoSortRust\\node_modules\\@testing-library\\svelte\\node_modules\\@testing-library\\dom\\dist\\@testing-library\\dom.esm.js:1196:25\n    at C:\\Users\\benja\\Documents\\GitHub\\StratoSortRust\\node_modules\\@testing-library\\svelte\\node_modules\\@testing-library\\dom\\dist\\@testing-library\\dom.esm.js:1175:17\n    at C:\\Users\\benja\\Documents\\GitHub\\StratoSortRust\\node_modules\\@testing-library\\svelte\\node_modules\\@testing-library\\dom\\dist\\@testing-library\\dom.esm.js:1218:19\n    at C:\\Users\\benja\\Documents\\GitHub\\StratoSortRust\\src\\lib\\components\\ErrorBoundary.test.ts:403:34\n    at file:///C:/Users/benja/Documents/GitHub/StratoSortRust/node_modules/@vitest/runner/dist/index.js:146:14\n    at file:///C:/Users/benja/Documents/GitHub/StratoSortRust/node_modules/@vitest/runner/dist/index.js:533:11\n    at runWithTimeout (file:///C:/Users/benja/Documents/GitHub/StratoSortRust/node_modules/@vitest/runner/dist/index.js:39:7)\n    at runTest (file:///C:/Users/benja/Documents/GitHub/StratoSortRust/node_modules/@vitest/runner/dist/index.js:1056:17)\n    at runSuite (file:///C:/Users/benja/Documents/GitHub/StratoSortRust/node_modules/@vitest/runner/dist/index.js:1205:15)"],"meta":{}},{"ancestorTitles":["ErrorBoundary","Accessibility"],"fullName":"ErrorBoundary Accessibility should provide descriptive button labels","status":"failed","title":"should provide descriptive button labels","duration":0.9738000000033935,"failureMessages":["TestingLibraryElementError: Unable to find an accessible element with the role \"button\" and name `/try again/i`\n\nThere are no accessible roles. But there might be some inaccessible roles. If you wish to access them, then set the `hidden` option to `true`. Learn more about this here: https://testing-library.com/docs/dom-testing-library/api-queries#byrole\n\nIgnored nodes: comments, script, style\n\u001b[36m<body>\u001b[39m\n  \u001b[36m<div>\u001b[39m\n    \u001b[0m \u001b[0m\n    \u001b[0m\u001b[0m\n    \u001b[0m \u001b[0m\n    \u001b[0m\u001b[0m\n  \u001b[36m</div>\u001b[39m\n\u001b[36m</body>\u001b[39m\n    at Object.getElementError (C:\\Users\\benja\\Documents\\GitHub\\StratoSortRust\\node_modules\\@testing-library\\svelte\\node_modules\\@testing-library\\dom\\dist\\@testing-library\\dom.esm.js:332:19)\n    at C:\\Users\\benja\\Documents\\GitHub\\StratoSortRust\\node_modules\\@testing-library\\svelte\\node_modules\\@testing-library\\dom\\dist\\@testing-library\\dom.esm.js:1196:25\n    at C:\\Users\\benja\\Documents\\GitHub\\StratoSortRust\\node_modules\\@testing-library\\svelte\\node_modules\\@testing-library\\dom\\dist\\@testing-library\\dom.esm.js:1175:17\n    at C:\\Users\\benja\\Documents\\GitHub\\StratoSortRust\\node_modules\\@testing-library\\svelte\\node_modules\\@testing-library\\dom\\dist\\@testing-library\\dom.esm.js:1218:19\n    at C:\\Users\\benja\\Documents\\GitHub\\StratoSortRust\\src\\lib\\components\\ErrorBoundary.test.ts:416:18\n    at file:///C:/Users/benja/Documents/GitHub/StratoSortRust/node_modules/@vitest/runner/dist/index.js:146:14\n    at file:///C:/Users/benja/Documents/GitHub/StratoSortRust/node_modules/@vitest/runner/dist/index.js:533:11\n    at runWithTimeout (file:///C:/Users/benja/Documents/GitHub/StratoSortRust/node_modules/@vitest/runner/dist/index.js:39:7)\n    at runTest (file:///C:/Users/benja/Documents/GitHub/StratoSortRust/node_modules/@vitest/runner/dist/index.js:1056:17)\n    at runSuite (file:///C:/Users/benja/Documents/GitHub/StratoSortRust/node_modules/@vitest/runner/dist/index.js:1205:15)"],"meta":{}},{"ancestorTitles":["ErrorBoundary","Performance"],"fullName":"ErrorBoundary Performance should not cause infinite render loops","status":"passed","title":"should not cause infinite render loops","duration":116.67130000000179,"failureMessages":[],"meta":{}},{"ancestorTitles":["ErrorBoundary","Performance"],"fullName":"ErrorBoundary Performance should clean up timers on unmount","status":"passed","title":"should clean up timers on unmount","duration":1112.3943,"failureMessages":[],"meta":{}}],"startTime":1758984465594,"endTime":1758984475001.3943,"status":"failed","message":"","name":"C:/Users/benja/Documents/GitHub/StratoSortRust/src/lib/components/ErrorBoundary.test.ts"},{"assertionResults":[{"ancestorTitles":["Tauri API","File Operations","scanDirectory"],"fullName":"Tauri API File Operations scanDirectory should scan directory and return file list","status":"failed","title":"should scan directory and return file list","duration":12.186799999999948,"failureMessages":["AssertionError: expected \"invoke\" to be called with arguments: [ 'scan_directory', …(1) ]\u001b[90m\n\nReceived: \n\n\u001b[1m  1st invoke call:\n\n\u001b[22m\u001b[2m  Array [\u001b[22m\n\u001b[2m    \"scan_directory\",\u001b[22m\n\u001b[2m    Object {\u001b[22m\n\u001b[31m+     \"__csrf_token\": \"MjYyNzI4OTgwNjQ4ZGNkZWJjOGU2NGEwZTRmMDQ4NTBhNjg4Yzg2MjY2OTNiZjQ2MGI2NmViMTU2OGZiZDhiYi0xNzU4OTg0NDUwNzE3LTRmZTRjZThlN2JhMWMyM2EzNmMzYWY3NTRlYTEwNzY0YWI3YTkwYzM5NzI0MjNlYmEwNmQxNGVjZDM4NzhhZWM=\",\u001b[90m\n\u001b[2m      \"path\": \"/test\",\u001b[22m\n\u001b[2m      \"recursive\": false,\u001b[22m\n\u001b[2m    },\u001b[22m\n\u001b[2m  ]\u001b[22m\n\u001b[39m\u001b[90m\n\nNumber of calls: \u001b[1m1\u001b[22m\n\u001b[39m\n    at Proxy.<anonymous> (file:///C:/Users/benja/Documents/GitHub/StratoSortRust/node_modules/@vitest/expect/dist/index.js:1465:13)\n    at Proxy.<anonymous> (file:///C:/Users/benja/Documents/GitHub/StratoSortRust/node_modules/@vitest/expect/dist/index.js:972:17)\n    at Proxy.methodWrapper (file:///C:/Users/benja/Documents/GitHub/StratoSortRust/node_modules/chai/index.js:1686:25)\n    at C:\\Users\\benja\\Documents\\GitHub\\StratoSortRust\\src\\lib\\api\\tauri.test.ts:59:20\n    at processTicksAndRejections (node:internal/process/task_queues:105:5)\n    at file:///C:/Users/benja/Documents/GitHub/StratoSortRust/node_modules/@vitest/runner/dist/index.js:533:5\n    at runTest (file:///C:/Users/benja/Documents/GitHub/StratoSortRust/node_modules/@vitest/runner/dist/index.js:1056:11)\n    at runSuite (file:///C:/Users/benja/Documents/GitHub/StratoSortRust/node_modules/@vitest/runner/dist/index.js:1205:15)\n    at runSuite (file:///C:/Users/benja/Documents/GitHub/StratoSortRust/node_modules/@vitest/runner/dist/index.js:1205:15)\n    at runSuite (file:///C:/Users/benja/Documents/GitHub/StratoSortRust/node_modules/@vitest/runner/dist/index.js:1205:15)"],"meta":{}},{"ancestorTitles":["Tauri API","File Operations","scanDirectory"],"fullName":"Tauri API File Operations scanDirectory should handle recursive scanning","status":"failed","title":"should handle recursive scanning","duration":1.3963000000001102,"failureMessages":["AssertionError: expected \"invoke\" to be called with arguments: [ 'scan_directory', …(1) ]\u001b[90m\n\nReceived: \n\n\u001b[1m  1st invoke call:\n\n\u001b[22m\u001b[2m  Array [\u001b[22m\n\u001b[2m    \"scan_directory\",\u001b[22m\n\u001b[2m    Object {\u001b[22m\n\u001b[31m+     \"__csrf_token\": \"MjYyNzI4OTgwNjQ4ZGNkZWJjOGU2NGEwZTRmMDQ4NTBhNjg4Yzg2MjY2OTNiZjQ2MGI2NmViMTU2OGZiZDhiYi0xNzU4OTg0NDUwNzE3LTRmZTRjZThlN2JhMWMyM2EzNmMzYWY3NTRlYTEwNzY0YWI3YTkwYzM5NzI0MjNlYmEwNmQxNGVjZDM4NzhhZWM=\",\u001b[90m\n\u001b[2m      \"path\": \"/test\",\u001b[22m\n\u001b[2m      \"recursive\": true,\u001b[22m\n\u001b[2m    },\u001b[22m\n\u001b[2m  ]\u001b[22m\n\u001b[39m\u001b[90m\n\nNumber of calls: \u001b[1m1\u001b[22m\n\u001b[39m\n    at Proxy.<anonymous> (file:///C:/Users/benja/Documents/GitHub/StratoSortRust/node_modules/@vitest/expect/dist/index.js:1465:13)\n    at Proxy.<anonymous> (file:///C:/Users/benja/Documents/GitHub/StratoSortRust/node_modules/@vitest/expect/dist/index.js:972:17)\n    at Proxy.methodWrapper (file:///C:/Users/benja/Documents/GitHub/StratoSortRust/node_modules/chai/index.js:1686:25)\n    at C:\\Users\\benja\\Documents\\GitHub\\StratoSortRust\\src\\lib\\api\\tauri.test.ts:72:20\n    at processTicksAndRejections (node:internal/process/task_queues:105:5)\n    at file:///C:/Users/benja/Documents/GitHub/StratoSortRust/node_modules/@vitest/runner/dist/index.js:533:5\n    at runTest (file:///C:/Users/benja/Documents/GitHub/StratoSortRust/node_modules/@vitest/runner/dist/index.js:1056:11)\n    at runSuite (file:///C:/Users/benja/Documents/GitHub/StratoSortRust/node_modules/@vitest/runner/dist/index.js:1205:15)\n    at runSuite (file:///C:/Users/benja/Documents/GitHub/StratoSortRust/node_modules/@vitest/runner/dist/index.js:1205:15)\n    at runSuite (file:///C:/Users/benja/Documents/GitHub/StratoSortRust/node_modules/@vitest/runner/dist/index.js:1205:15)"],"meta":{}},{"ancestorTitles":["Tauri API","File Operations","scanDirectory"],"fullName":"Tauri API File Operations scanDirectory should retry on failure and handle errors","status":"passed","title":"should retry on failure and handle errors","duration":511.7468000000001,"failureMessages":[],"meta":{}},{"ancestorTitles":["Tauri API","File Operations","analyzeFile"],"fullName":"Tauri API File Operations analyzeFile should analyze text file with AI","status":"failed","title":"should analyze text file with AI","duration":1.8524999999999636,"failureMessages":["AssertionError: expected \"invoke\" to be called with arguments: [ 'get_file_info_command', …(1) ]\u001b[90m\n\nReceived: \n\n\u001b[1m  1st invoke call:\n\n\u001b[22m\u001b[2m  Array [\u001b[22m\n\u001b[2m    \"get_file_info_command\",\u001b[22m\n\u001b[2m    Object {\u001b[22m\n\u001b[31m+     \"__csrf_token\": \"MjYyNzI4OTgwNjQ4ZGNkZWJjOGU2NGEwZTRmMDQ4NTBhNjg4Yzg2MjY2OTNiZjQ2MGI2NmViMTU2OGZiZDhiYi0xNzU4OTg0NDUwNzE3LTRmZTRjZThlN2JhMWMyM2EzNmMzYWY3NTRlYTEwNzY0YWI3YTkwYzM5NzI0MjNlYmEwNmQxNGVjZDM4NzhhZWM=\",\u001b[90m\n\u001b[2m      \"path\": \"/test/file.txt\",\u001b[22m\n\u001b[2m    },\u001b[22m\n\u001b[2m  ]\u001b[22m\n\n\u001b[1m  2nd invoke call:\n\n\u001b[22m\u001b[2m  Array [\u001b[22m\n\u001b[32m-   \"get_file_info_command\",\u001b[90m\n\u001b[31m+   \"get_file_content\",\u001b[90m\n\u001b[2m    Object {\u001b[22m\n\u001b[31m+     \"__csrf_token\": \"MjYyNzI4OTgwNjQ4ZGNkZWJjOGU2NGEwZTRmMDQ4NTBhNjg4Yzg2MjY2OTNiZjQ2MGI2NmViMTU2OGZiZDhiYi0xNzU4OTg0NDUwNzE3LTRmZTRjZThlN2JhMWMyM2EzNmMzYWY3NTRlYTEwNzY0YWI3YTkwYzM5NzI0MjNlYmEwNmQxNGVjZDM4NzhhZWM=\",\u001b[90m\n\u001b[2m      \"path\": \"/test/file.txt\",\u001b[22m\n\u001b[2m    },\u001b[22m\n\u001b[2m  ]\u001b[22m\n\n\u001b[1m  3rd invoke call:\n\n\u001b[22m\u001b[2m  Array [\u001b[22m\n\u001b[32m-   \"get_file_info_command\",\u001b[90m\n\u001b[31m+   \"analyze_with_ai\",\u001b[90m\n\u001b[2m    Object {\u001b[22m\n\u001b[32m-     \"path\": \"/test/file.txt\",\u001b[90m\n\u001b[31m+     \"__csrf_token\": \"MjYyNzI4OTgwNjQ4ZGNkZWJjOGU2NGEwZTRmMDQ4NTBhNjg4Yzg2MjY2OTNiZjQ2MGI2NmViMTU2OGZiZDhiYi0xNzU4OTg0NDUwNzE3LTRmZTRjZThlN2JhMWMyM2EzNmMzYWY3NTRlYTEwNzY0YWI3YTkwYzM5NzI0MjNlYmEwNmQxNGVjZDM4NzhhZWM=\",\u001b[90m\n\u001b[31m+     \"content\": \"File content\",\u001b[90m\n\u001b[31m+     \"mime_type\": \"text/plain\",\u001b[90m\n\u001b[2m    },\u001b[22m\n\u001b[2m  ]\u001b[22m\n\u001b[39m\u001b[90m\n\nNumber of calls: \u001b[1m3\u001b[22m\n\u001b[39m\n    at Proxy.<anonymous> (file:///C:/Users/benja/Documents/GitHub/StratoSortRust/node_modules/@vitest/expect/dist/index.js:1465:13)\n    at Proxy.<anonymous> (file:///C:/Users/benja/Documents/GitHub/StratoSortRust/node_modules/@vitest/expect/dist/index.js:972:17)\n    at Proxy.methodWrapper (file:///C:/Users/benja/Documents/GitHub/StratoSortRust/node_modules/chai/index.js:1686:25)\n    at C:\\Users\\benja\\Documents\\GitHub\\StratoSortRust\\src\\lib\\api\\tauri.test.ts:103:20\n    at file:///C:/Users/benja/Documents/GitHub/StratoSortRust/node_modules/@vitest/runner/dist/index.js:533:5\n    at runTest (file:///C:/Users/benja/Documents/GitHub/StratoSortRust/node_modules/@vitest/runner/dist/index.js:1056:11)\n    at runSuite (file:///C:/Users/benja/Documents/GitHub/StratoSortRust/node_modules/@vitest/runner/dist/index.js:1205:15)\n    at runSuite (file:///C:/Users/benja/Documents/GitHub/StratoSortRust/node_modules/@vitest/runner/dist/index.js:1205:15)\n    at runSuite (file:///C:/Users/benja/Documents/GitHub/StratoSortRust/node_modules/@vitest/runner/dist/index.js:1205:15)\n    at runSuite (file:///C:/Users/benja/Documents/GitHub/StratoSortRust/node_modules/@vitest/runner/dist/index.js:1205:15)"],"meta":{}},{"ancestorTitles":["Tauri API","File Operations","analyzeFile"],"fullName":"Tauri API File Operations analyzeFile should analyze image file with vision model","status":"failed","title":"should analyze image file with vision model","duration":1.2910999999999149,"failureMessages":["AssertionError: expected \"invoke\" to be called with arguments: [ 'analyze_with_ai', { …(2) } ]\u001b[90m\n\nReceived: \n\n\u001b[1m  1st invoke call:\n\n\u001b[22m\u001b[2m  Array [\u001b[22m\n\u001b[32m-   \"analyze_with_ai\",\u001b[90m\n\u001b[31m+   \"get_file_info_command\",\u001b[90m\n\u001b[2m    Object {\u001b[22m\n\u001b[32m-     \"content\": StringContaining \"\\\"path\\\":\\\"/test/image.jpg\\\"\",\u001b[90m\n\u001b[32m-     \"mime_type\": \"application/json\",\u001b[90m\n\u001b[31m+     \"__csrf_token\": \"MjYyNzI4OTgwNjQ4ZGNkZWJjOGU2NGEwZTRmMDQ4NTBhNjg4Yzg2MjY2OTNiZjQ2MGI2NmViMTU2OGZiZDhiYi0xNzU4OTg0NDUwNzE3LTRmZTRjZThlN2JhMWMyM2EzNmMzYWY3NTRlYTEwNzY0YWI3YTkwYzM5NzI0MjNlYmEwNmQxNGVjZDM4NzhhZWM=\",\u001b[90m\n\u001b[31m+     \"path\": \"/test/image.jpg\",\u001b[90m\n\u001b[2m    },\u001b[22m\n\u001b[2m  ]\u001b[22m\n\n\u001b[1m  2nd invoke call:\n\n\u001b[22m\u001b[2m  Array [\u001b[22m\n\u001b[2m    \"analyze_with_ai\",\u001b[22m\n\u001b[2m    Object {\u001b[22m\n\u001b[32m-     \"content\": StringContaining \"\\\"path\\\":\\\"/test/image.jpg\\\"\",\u001b[90m\n\u001b[31m+     \"__csrf_token\": \"MjYyNzI4OTgwNjQ4ZGNkZWJjOGU2NGEwZTRmMDQ4NTBhNjg4Yzg2MjY2OTNiZjQ2MGI2NmViMTU2OGZiZDhiYi0xNzU4OTg0NDUwNzE3LTRmZTRjZThlN2JhMWMyM2EzNmMzYWY3NTRlYTEwNzY0YWI3YTkwYzM5NzI0MjNlYmEwNmQxNGVjZDM4NzhhZWM=\",\u001b[90m\n\u001b[31m+     \"content\": \"{\\\"path\\\":\\\"/test/image.jpg\\\",\\\"name\\\":\\\"file.txt\\\",\\\"size\\\":1024,\\\"type\\\":\\\"image/jpeg\\\",\\\"modified\\\":1758984451244}\",\u001b[90m\n\u001b[2m      \"mime_type\": \"application/json\",\u001b[22m\n\u001b[2m    },\u001b[22m\n\u001b[2m  ]\u001b[22m\n\u001b[39m\u001b[90m\n\nNumber of calls: \u001b[1m2\u001b[22m\n\u001b[39m\n    at Proxy.<anonymous> (file:///C:/Users/benja/Documents/GitHub/StratoSortRust/node_modules/@vitest/expect/dist/index.js:1465:13)\n    at Proxy.<anonymous> (file:///C:/Users/benja/Documents/GitHub/StratoSortRust/node_modules/@vitest/expect/dist/index.js:972:17)\n    at Proxy.methodWrapper (file:///C:/Users/benja/Documents/GitHub/StratoSortRust/node_modules/chai/index.js:1686:25)\n    at C:\\Users\\benja\\Documents\\GitHub\\StratoSortRust\\src\\lib\\api\\tauri.test.ts:122:20\n    at file:///C:/Users/benja/Documents/GitHub/StratoSortRust/node_modules/@vitest/runner/dist/index.js:533:5\n    at runTest (file:///C:/Users/benja/Documents/GitHub/StratoSortRust/node_modules/@vitest/runner/dist/index.js:1056:11)\n    at runSuite (file:///C:/Users/benja/Documents/GitHub/StratoSortRust/node_modules/@vitest/runner/dist/index.js:1205:15)\n    at runSuite (file:///C:/Users/benja/Documents/GitHub/StratoSortRust/node_modules/@vitest/runner/dist/index.js:1205:15)\n    at runSuite (file:///C:/Users/benja/Documents/GitHub/StratoSortRust/node_modules/@vitest/runner/dist/index.js:1205:15)\n    at runSuite (file:///C:/Users/benja/Documents/GitHub/StratoSortRust/node_modules/@vitest/runner/dist/index.js:1205:15)"],"meta":{}},{"ancestorTitles":["Tauri API","File Operations","analyzeFile"],"fullName":"Tauri API File Operations analyzeFile should analyze binary files with metadata only","status":"passed","title":"should analyze binary files with metadata only","duration":0.6546999999995933,"failureMessages":[],"meta":{}},{"ancestorTitles":["Tauri API","File Operations","File manipulation"],"fullName":"Tauri API File Operations File manipulation should move file to new location","status":"failed","title":"should move file to new location","duration":0.677599999999984,"failureMessages":["AssertionError: expected \"invoke\" to be called with arguments: [ 'move_file', { …(2) } ]\u001b[90m\n\nReceived: \n\n\u001b[1m  1st invoke call:\n\n\u001b[22m\u001b[2m  Array [\u001b[22m\n\u001b[2m    \"move_file\",\u001b[22m\n\u001b[2m    Object {\u001b[22m\n\u001b[31m+     \"__csrf_token\": \"MjYyNzI4OTgwNjQ4ZGNkZWJjOGU2NGEwZTRmMDQ4NTBhNjg4Yzg2MjY2OTNiZjQ2MGI2NmViMTU2OGZiZDhiYi0xNzU4OTg0NDUwNzE3LTRmZTRjZThlN2JhMWMyM2EzNmMzYWY3NTRlYTEwNzY0YWI3YTkwYzM5NzI0MjNlYmEwNmQxNGVjZDM4NzhhZWM=\",\u001b[90m\n\u001b[2m      \"source_path\": \"/source/file.txt\",\u001b[22m\n\u001b[2m      \"target_path\": \"/dest/file.txt\",\u001b[22m\n\u001b[2m    },\u001b[22m\n\u001b[2m  ]\u001b[22m\n\u001b[39m\u001b[90m\n\nNumber of calls: \u001b[1m1\u001b[22m\n\u001b[39m\n    at Proxy.<anonymous> (file:///C:/Users/benja/Documents/GitHub/StratoSortRust/node_modules/@vitest/expect/dist/index.js:1465:13)\n    at Proxy.<anonymous> (file:///C:/Users/benja/Documents/GitHub/StratoSortRust/node_modules/@vitest/expect/dist/index.js:972:17)\n    at Proxy.methodWrapper (file:///C:/Users/benja/Documents/GitHub/StratoSortRust/node_modules/chai/index.js:1686:25)\n    at C:\\Users\\benja\\Documents\\GitHub\\StratoSortRust\\src\\lib\\api\\tauri.test.ts:155:20\n    at file:///C:/Users/benja/Documents/GitHub/StratoSortRust/node_modules/@vitest/runner/dist/index.js:533:5\n    at runTest (file:///C:/Users/benja/Documents/GitHub/StratoSortRust/node_modules/@vitest/runner/dist/index.js:1056:11)\n    at runSuite (file:///C:/Users/benja/Documents/GitHub/StratoSortRust/node_modules/@vitest/runner/dist/index.js:1205:15)\n    at runSuite (file:///C:/Users/benja/Documents/GitHub/StratoSortRust/node_modules/@vitest/runner/dist/index.js:1205:15)\n    at runSuite (file:///C:/Users/benja/Documents/GitHub/StratoSortRust/node_modules/@vitest/runner/dist/index.js:1205:15)\n    at runSuite (file:///C:/Users/benja/Documents/GitHub/StratoSortRust/node_modules/@vitest/runner/dist/index.js:1205:15)"],"meta":{}},{"ancestorTitles":["Tauri API","File Operations","File manipulation"],"fullName":"Tauri API File Operations File manipulation should copy file to new location","status":"failed","title":"should copy file to new location","duration":0.7662000000000262,"failureMessages":["AssertionError: expected \"invoke\" to be called with arguments: [ 'copy_file', { …(2) } ]\u001b[90m\n\nReceived: \n\n\u001b[1m  1st invoke call:\n\n\u001b[22m\u001b[2m  Array [\u001b[22m\n\u001b[2m    \"copy_file\",\u001b[22m\n\u001b[2m    Object {\u001b[22m\n\u001b[31m+     \"__csrf_token\": \"MjYyNzI4OTgwNjQ4ZGNkZWJjOGU2NGEwZTRmMDQ4NTBhNjg4Yzg2MjY2OTNiZjQ2MGI2NmViMTU2OGZiZDhiYi0xNzU4OTg0NDUwNzE3LTRmZTRjZThlN2JhMWMyM2EzNmMzYWY3NTRlYTEwNzY0YWI3YTkwYzM5NzI0MjNlYmEwNmQxNGVjZDM4NzhhZWM=\",\u001b[90m\n\u001b[2m      \"source_path\": \"/source/file.txt\",\u001b[22m\n\u001b[2m      \"target_path\": \"/dest/file.txt\",\u001b[22m\n\u001b[2m    },\u001b[22m\n\u001b[2m  ]\u001b[22m\n\u001b[39m\u001b[90m\n\nNumber of calls: \u001b[1m1\u001b[22m\n\u001b[39m\n    at Proxy.<anonymous> (file:///C:/Users/benja/Documents/GitHub/StratoSortRust/node_modules/@vitest/expect/dist/index.js:1465:13)\n    at Proxy.<anonymous> (file:///C:/Users/benja/Documents/GitHub/StratoSortRust/node_modules/@vitest/expect/dist/index.js:972:17)\n    at Proxy.methodWrapper (file:///C:/Users/benja/Documents/GitHub/StratoSortRust/node_modules/chai/index.js:1686:25)\n    at C:\\Users\\benja\\Documents\\GitHub\\StratoSortRust\\src\\lib\\api\\tauri.test.ts:167:20\n    at file:///C:/Users/benja/Documents/GitHub/StratoSortRust/node_modules/@vitest/runner/dist/index.js:533:5\n    at runTest (file:///C:/Users/benja/Documents/GitHub/StratoSortRust/node_modules/@vitest/runner/dist/index.js:1056:11)\n    at runSuite (file:///C:/Users/benja/Documents/GitHub/StratoSortRust/node_modules/@vitest/runner/dist/index.js:1205:15)\n    at runSuite (file:///C:/Users/benja/Documents/GitHub/StratoSortRust/node_modules/@vitest/runner/dist/index.js:1205:15)\n    at runSuite (file:///C:/Users/benja/Documents/GitHub/StratoSortRust/node_modules/@vitest/runner/dist/index.js:1205:15)\n    at runSuite (file:///C:/Users/benja/Documents/GitHub/StratoSortRust/node_modules/@vitest/runner/dist/index.js:1205:15)"],"meta":{}},{"ancestorTitles":["Tauri API","File Operations","File manipulation"],"fullName":"Tauri API File Operations File manipulation should delete file","status":"failed","title":"should delete file","duration":0.664299999999912,"failureMessages":["AssertionError: expected \"invoke\" to be called with arguments: [ 'delete_file', …(1) ]\u001b[90m\n\nReceived: \n\n\u001b[1m  1st invoke call:\n\n\u001b[22m\u001b[2m  Array [\u001b[22m\n\u001b[2m    \"delete_file\",\u001b[22m\n\u001b[2m    Object {\u001b[22m\n\u001b[31m+     \"__csrf_token\": \"MjYyNzI4OTgwNjQ4ZGNkZWJjOGU2NGEwZTRmMDQ4NTBhNjg4Yzg2MjY2OTNiZjQ2MGI2NmViMTU2OGZiZDhiYi0xNzU4OTg0NDUwNzE3LTRmZTRjZThlN2JhMWMyM2EzNmMzYWY3NTRlYTEwNzY0YWI3YTkwYzM5NzI0MjNlYmEwNmQxNGVjZDM4NzhhZWM=\",\u001b[90m\n\u001b[2m      \"file_path\": \"/test/file.txt\",\u001b[22m\n\u001b[2m    },\u001b[22m\n\u001b[2m  ]\u001b[22m\n\u001b[39m\u001b[90m\n\nNumber of calls: \u001b[1m1\u001b[22m\n\u001b[39m\n    at Proxy.<anonymous> (file:///C:/Users/benja/Documents/GitHub/StratoSortRust/node_modules/@vitest/expect/dist/index.js:1465:13)\n    at Proxy.<anonymous> (file:///C:/Users/benja/Documents/GitHub/StratoSortRust/node_modules/@vitest/expect/dist/index.js:972:17)\n    at Proxy.methodWrapper (file:///C:/Users/benja/Documents/GitHub/StratoSortRust/node_modules/chai/index.js:1686:25)\n    at C:\\Users\\benja\\Documents\\GitHub\\StratoSortRust\\src\\lib\\api\\tauri.test.ts:179:20\n    at file:///C:/Users/benja/Documents/GitHub/StratoSortRust/node_modules/@vitest/runner/dist/index.js:533:5\n    at runTest (file:///C:/Users/benja/Documents/GitHub/StratoSortRust/node_modules/@vitest/runner/dist/index.js:1056:11)\n    at runSuite (file:///C:/Users/benja/Documents/GitHub/StratoSortRust/node_modules/@vitest/runner/dist/index.js:1205:15)\n    at runSuite (file:///C:/Users/benja/Documents/GitHub/StratoSortRust/node_modules/@vitest/runner/dist/index.js:1205:15)\n    at runSuite (file:///C:/Users/benja/Documents/GitHub/StratoSortRust/node_modules/@vitest/runner/dist/index.js:1205:15)\n    at runSuite (file:///C:/Users/benja/Documents/GitHub/StratoSortRust/node_modules/@vitest/runner/dist/index.js:1205:15)"],"meta":{}},{"ancestorTitles":["Tauri API","File Operations","File manipulation"],"fullName":"Tauri API File Operations File manipulation should rename file","status":"failed","title":"should rename file","duration":0.6294000000002598,"failureMessages":["AssertionError: expected \"invoke\" to be called with arguments: [ 'rename_file', { …(2) } ]\u001b[90m\n\nReceived: \n\n\u001b[1m  1st invoke call:\n\n\u001b[22m\u001b[2m  Array [\u001b[22m\n\u001b[2m    \"rename_file\",\u001b[22m\n\u001b[2m    Object {\u001b[22m\n\u001b[31m+     \"__csrf_token\": \"MjYyNzI4OTgwNjQ4ZGNkZWJjOGU2NGEwZTRmMDQ4NTBhNjg4Yzg2MjY2OTNiZjQ2MGI2NmViMTU2OGZiZDhiYi0xNzU4OTg0NDUwNzE3LTRmZTRjZThlN2JhMWMyM2EzNmMzYWY3NTRlYTEwNzY0YWI3YTkwYzM5NzI0MjNlYmEwNmQxNGVjZDM4NzhhZWM=\",\u001b[90m\n\u001b[2m      \"new_path\": \"new.txt\",\u001b[22m\n\u001b[2m      \"old_path\": \"/test/old.txt\",\u001b[22m\n\u001b[2m    },\u001b[22m\n\u001b[2m  ]\u001b[22m\n\u001b[39m\u001b[90m\n\nNumber of calls: \u001b[1m1\u001b[22m\n\u001b[39m\n    at Proxy.<anonymous> (file:///C:/Users/benja/Documents/GitHub/StratoSortRust/node_modules/@vitest/expect/dist/index.js:1465:13)\n    at Proxy.<anonymous> (file:///C:/Users/benja/Documents/GitHub/StratoSortRust/node_modules/@vitest/expect/dist/index.js:972:17)\n    at Proxy.methodWrapper (file:///C:/Users/benja/Documents/GitHub/StratoSortRust/node_modules/chai/index.js:1686:25)\n    at C:\\Users\\benja\\Documents\\GitHub\\StratoSortRust\\src\\lib\\api\\tauri.test.ts:190:20\n    at file:///C:/Users/benja/Documents/GitHub/StratoSortRust/node_modules/@vitest/runner/dist/index.js:533:5\n    at runTest (file:///C:/Users/benja/Documents/GitHub/StratoSortRust/node_modules/@vitest/runner/dist/index.js:1056:11)\n    at runSuite (file:///C:/Users/benja/Documents/GitHub/StratoSortRust/node_modules/@vitest/runner/dist/index.js:1205:15)\n    at runSuite (file:///C:/Users/benja/Documents/GitHub/StratoSortRust/node_modules/@vitest/runner/dist/index.js:1205:15)\n    at runSuite (file:///C:/Users/benja/Documents/GitHub/StratoSortRust/node_modules/@vitest/runner/dist/index.js:1205:15)\n    at runSuite (file:///C:/Users/benja/Documents/GitHub/StratoSortRust/node_modules/@vitest/runner/dist/index.js:1205:15)"],"meta":{}},{"ancestorTitles":["Tauri API","File Operations","Batch operations"],"fullName":"Tauri API File Operations Batch operations should analyze multiple files in batch","status":"failed","title":"should analyze multiple files in batch","duration":0.7746999999999389,"failureMessages":["AssertionError: expected \"invoke\" to be called with arguments: [ 'batch_analyze_files', …(1) ]\u001b[90m\n\nReceived: \n\n\u001b[1m  1st invoke call:\n\n\u001b[22m\u001b[2m  Array [\u001b[22m\n\u001b[2m    \"batch_analyze_files\",\u001b[22m\n\u001b[2m    Object {\u001b[22m\n\u001b[31m+     \"__csrf_token\": \"MjYyNzI4OTgwNjQ4ZGNkZWJjOGU2NGEwZTRmMDQ4NTBhNjg4Yzg2MjY2OTNiZjQ2MGI2NmViMTU2OGZiZDhiYi0xNzU4OTg0NDUwNzE3LTRmZTRjZThlN2JhMWMyM2EzNmMzYWY3NTRlYTEwNzY0YWI3YTkwYzM5NzI0MjNlYmEwNmQxNGVjZDM4NzhhZWM=\",\u001b[90m\n\u001b[2m      \"paths\": Array [\u001b[22m\n\u001b[2m        \"/test/file1.txt\",\u001b[22m\n\u001b[2m        \"/test/file2.txt\",\u001b[22m\n\u001b[2m      ],\u001b[22m\n\u001b[2m    },\u001b[22m\n\u001b[2m  ]\u001b[22m\n\u001b[39m\u001b[90m\n\nNumber of calls: \u001b[1m1\u001b[22m\n\u001b[39m\n    at Proxy.<anonymous> (file:///C:/Users/benja/Documents/GitHub/StratoSortRust/node_modules/@vitest/expect/dist/index.js:1465:13)\n    at Proxy.<anonymous> (file:///C:/Users/benja/Documents/GitHub/StratoSortRust/node_modules/@vitest/expect/dist/index.js:972:17)\n    at Proxy.methodWrapper (file:///C:/Users/benja/Documents/GitHub/StratoSortRust/node_modules/chai/index.js:1686:25)\n    at C:\\Users\\benja\\Documents\\GitHub\\StratoSortRust\\src\\lib\\api\\tauri.test.ts:209:20\n    at file:///C:/Users/benja/Documents/GitHub/StratoSortRust/node_modules/@vitest/runner/dist/index.js:533:5\n    at runTest (file:///C:/Users/benja/Documents/GitHub/StratoSortRust/node_modules/@vitest/runner/dist/index.js:1056:11)\n    at runSuite (file:///C:/Users/benja/Documents/GitHub/StratoSortRust/node_modules/@vitest/runner/dist/index.js:1205:15)\n    at runSuite (file:///C:/Users/benja/Documents/GitHub/StratoSortRust/node_modules/@vitest/runner/dist/index.js:1205:15)\n    at runSuite (file:///C:/Users/benja/Documents/GitHub/StratoSortRust/node_modules/@vitest/runner/dist/index.js:1205:15)\n    at runSuite (file:///C:/Users/benja/Documents/GitHub/StratoSortRust/node_modules/@vitest/runner/dist/index.js:1205:15)"],"meta":{}},{"ancestorTitles":["Tauri API","AI Operations","Ollama integration"],"fullName":"Tauri API AI Operations Ollama integration should check Ollama status","status":"failed","title":"should check Ollama status","duration":1.371599999999944,"failureMessages":["AssertionError: expected \"invoke\" to be called with arguments: [ 'check_ollama_status' ]\u001b[90m\n\nReceived: \n\n\u001b[1m  1st invoke call:\n\n\u001b[22m\u001b[2m  Array [\u001b[22m\n\u001b[2m    \"check_ollama_status\",\u001b[22m\n\u001b[31m+   Object {\u001b[90m\n\u001b[31m+     \"__csrf_token\": \"MjYyNzI4OTgwNjQ4ZGNkZWJjOGU2NGEwZTRmMDQ4NTBhNjg4Yzg2MjY2OTNiZjQ2MGI2NmViMTU2OGZiZDhiYi0xNzU4OTg0NDUwNzE3LTRmZTRjZThlN2JhMWMyM2EzNmMzYWY3NTRlYTEwNzY0YWI3YTkwYzM5NzI0MjNlYmEwNmQxNGVjZDM4NzhhZWM=\",\u001b[90m\n\u001b[31m+   },\u001b[90m\n\u001b[2m  ]\u001b[22m\n\u001b[39m\u001b[90m\n\nNumber of calls: \u001b[1m1\u001b[22m\n\u001b[39m\n    at Proxy.<anonymous> (file:///C:/Users/benja/Documents/GitHub/StratoSortRust/node_modules/@vitest/expect/dist/index.js:1465:13)\n    at Proxy.<anonymous> (file:///C:/Users/benja/Documents/GitHub/StratoSortRust/node_modules/@vitest/expect/dist/index.js:972:17)\n    at Proxy.methodWrapper (file:///C:/Users/benja/Documents/GitHub/StratoSortRust/node_modules/chai/index.js:1686:25)\n    at C:\\Users\\benja\\Documents\\GitHub\\StratoSortRust\\src\\lib\\api\\tauri.test.ts:225:20\n    at file:///C:/Users/benja/Documents/GitHub/StratoSortRust/node_modules/@vitest/runner/dist/index.js:533:5\n    at runTest (file:///C:/Users/benja/Documents/GitHub/StratoSortRust/node_modules/@vitest/runner/dist/index.js:1056:11)\n    at runSuite (file:///C:/Users/benja/Documents/GitHub/StratoSortRust/node_modules/@vitest/runner/dist/index.js:1205:15)\n    at runSuite (file:///C:/Users/benja/Documents/GitHub/StratoSortRust/node_modules/@vitest/runner/dist/index.js:1205:15)\n    at runSuite (file:///C:/Users/benja/Documents/GitHub/StratoSortRust/node_modules/@vitest/runner/dist/index.js:1205:15)\n    at runSuite (file:///C:/Users/benja/Documents/GitHub/StratoSortRust/node_modules/@vitest/runner/dist/index.js:1205:15)"],"meta":{}},{"ancestorTitles":["Tauri API","AI Operations","Ollama integration"],"fullName":"Tauri API AI Operations Ollama integration should list available models","status":"failed","title":"should list available models","duration":0.5154999999999745,"failureMessages":["AssertionError: expected \"invoke\" to be called with arguments: [ 'list_models' ]\u001b[90m\n\nReceived: \n\n\u001b[1m  1st invoke call:\n\n\u001b[22m\u001b[2m  Array [\u001b[22m\n\u001b[2m    \"list_models\",\u001b[22m\n\u001b[31m+   Object {\u001b[90m\n\u001b[31m+     \"__csrf_token\": \"MjYyNzI4OTgwNjQ4ZGNkZWJjOGU2NGEwZTRmMDQ4NTBhNjg4Yzg2MjY2OTNiZjQ2MGI2NmViMTU2OGZiZDhiYi0xNzU4OTg0NDUwNzE3LTRmZTRjZThlN2JhMWMyM2EzNmMzYWY3NTRlYTEwNzY0YWI3YTkwYzM5NzI0MjNlYmEwNmQxNGVjZDM4NzhhZWM=\",\u001b[90m\n\u001b[31m+   },\u001b[90m\n\u001b[2m  ]\u001b[22m\n\u001b[39m\u001b[90m\n\nNumber of calls: \u001b[1m1\u001b[22m\n\u001b[39m\n    at Proxy.<anonymous> (file:///C:/Users/benja/Documents/GitHub/StratoSortRust/node_modules/@vitest/expect/dist/index.js:1465:13)\n    at Proxy.<anonymous> (file:///C:/Users/benja/Documents/GitHub/StratoSortRust/node_modules/@
[...]
u001b[39m\n      \u001b[36m</div>\u001b[39m\n    \u001b[36m</div>\u001b[39m\n    \u001b[0m \u001b[0m\n    \u001b[0m\u001b[0m\n  \u001b[36m</div>\u001b[39m\n\u001b[36m</body>\u001b[39m\n    at Object.getElementError (C:\\Users\\benja\\Documents\\GitHub\\StratoSortRust\\node_modules\\@testing-library\\svelte\\node_modules\\@testing-library\\dom\\dist\\@testing-library\\dom.esm.js:332:19)\n    at C:\\Users\\benja\\Documents\\GitHub\\StratoSortRust\\node_modules\\@testing-library\\svelte\\node_modules\\@testing-library\\dom\\dist\\@testing-library\\dom.esm.js:1196:25\n    at C:\\Users\\benja\\Documents\\GitHub\\StratoSortRust\\node_modules\\@testing-library\\svelte\\node_modules\\@testing-library\\dom\\dist\\@testing-library\\dom.esm.js:1175:17\n    at C:\\Users\\benja\\Documents\\GitHub\\StratoSortRust\\node_modules\\@testing-library\\svelte\\node_modules\\@testing-library\\dom\\dist\\@testing-library\\dom.esm.js:1218:19\n    at C:\\Users\\benja\\Documents\\GitHub\\StratoSortRust\\src\\lib\\components\\ui\\virtual-list\\VirtualList.test.ts:407:18\n    at file:///C:/Users/benja/Documents/GitHub/StratoSortRust/node_modules/@vitest/runner/dist/index.js:146:14\n    at file:///C:/Users/benja/Documents/GitHub/StratoSortRust/node_modules/@vitest/runner/dist/index.js:533:11\n    at runWithTimeout (file:///C:/Users/benja/Documents/GitHub/StratoSortRust/node_modules/@vitest/runner/dist/index.js:39:7)\n    at runTest (file:///C:/Users/benja/Documents/GitHub/StratoSortRust/node_modules/@vitest/runner/dist/index.js:1056:17)\n    at runSuite (file:///C:/Users/benja/Documents/GitHub/StratoSortRust/node_modules/@vitest/runner/dist/index.js:1205:15)"],"meta":{}},{"ancestorTitles":["VirtualList","Custom Rendering"],"fullName":"VirtualList Custom Rendering should render loading state","status":"failed","title":"should render loading state","duration":1.3656999999998334,"failureMessages":["TestingLibraryElementError: Unable to find an element by: [data-testid=\"loading-state\"]\n\nIgnored nodes: comments, script, style\n\u001b[36m<body>\u001b[39m\n  \u001b[36m<div>\u001b[39m\n    \u001b[36m<div\u001b[39m\n      \u001b[33mclass\u001b[39m=\u001b[32m\"virtual-list-container overflow-y-auto svelte-1orzzex\"\u001b[39m\n      \u001b[33mstyle\u001b[39m=\u001b[32m\"height: 400px; width: 100%;\"\u001b[39m\n    \u001b[36m>\u001b[39m\n      \u001b[36m<div\u001b[39m\n        \u001b[33maria-label\u001b[39m=\u001b[32m\"Virtualized list\"\u001b[39m\n        \u001b[33mclass\u001b[39m=\u001b[32m\"virtual-list-scroll overflow-y-auto overflow-x-hidden h-full w-full svelte-1orzzex\"\u001b[39m\n        \u001b[33mrole\u001b[39m=\u001b[32m\"list\"\u001b[39m\n      \u001b[36m>\u001b[39m\n        \u001b[36m<div\u001b[39m\n          \u001b[33mclass\u001b[39m=\u001b[32m\"virtual-list-spacer relative svelte-1orzzex\"\u001b[39m\n          \u001b[33mstyle\u001b[39m=\u001b[32m\"height: 250px; width: 100%\"\u001b[39m\n        \u001b[36m/>\u001b[39m\n      \u001b[36m</div>\u001b[39m\n    \u001b[36m</div>\u001b[39m\n    \u001b[0m \u001b[0m\n    \u001b[0m\u001b[0m\n  \u001b[36m</div>\u001b[39m\n\u001b[36m</body>\u001b[39m\n    at Object.getElementError (C:\\Users\\benja\\Documents\\GitHub\\StratoSortRust\\node_modules\\@testing-library\\svelte\\node_modules\\@testing-library\\dom\\dist\\@testing-library\\dom.esm.js:332:19)\n    at C:\\Users\\benja\\Documents\\GitHub\\StratoSortRust\\node_modules\\@testing-library\\svelte\\node_modules\\@testing-library\\dom\\dist\\@testing-library\\dom.esm.js:1196:25\n    at C:\\Users\\benja\\Documents\\GitHub\\StratoSortRust\\node_modules\\@testing-library\\svelte\\node_modules\\@testing-library\\dom\\dist\\@testing-library\\dom.esm.js:1175:17\n    at C:\\Users\\benja\\Documents\\GitHub\\StratoSortRust\\node_modules\\@testing-library\\svelte\\node_modules\\@testing-library\\dom\\dist\\@testing-library\\dom.esm.js:1218:19\n    at C:\\Users\\benja\\Documents\\GitHub\\StratoSortRust\\src\\lib\\components\\ui\\virtual-list\\VirtualList.test.ts:426:18\n    at file:///C:/Users/benja/Documents/GitHub/StratoSortRust/node_modules/@vitest/runner/dist/index.js:146:14\n    at file:///C:/Users/benja/Documents/GitHub/StratoSortRust/node_modules/@vitest/runner/dist/index.js:533:11\n    at runWithTimeout (file:///C:/Users/benja/Documents/GitHub/StratoSortRust/node_modules/@vitest/runner/dist/index.js:39:7)\n    at runTest (file:///C:/Users/benja/Documents/GitHub/StratoSortRust/node_modules/@vitest/runner/dist/index.js:1056:17)\n    at runSuite (file:///C:/Users/benja/Documents/GitHub/StratoSortRust/node_modules/@vitest/runner/dist/index.js:1205:15)"],"meta":{}},{"ancestorTitles":["VirtualList","Edge Cases"],"fullName":"VirtualList Edge Cases should handle single item","status":"failed","title":"should handle single item","duration":1.1449999999999818,"failureMessages":["TestingLibraryElementError: Unable to find an element by: [data-testid=\"single-item\"]\n\nIgnored nodes: comments, script, style\n\u001b[36m<body>\u001b[39m\n  \u001b[36m<div>\u001b[39m\n    \u001b[36m<div\u001b[39m\n      \u001b[33mclass\u001b[39m=\u001b[32m\"virtual-list-container overflow-y-auto svelte-1orzzex\"\u001b[39m\n      \u001b[33mstyle\u001b[39m=\u001b[32m\"height: 400px; width: 100%;\"\u001b[39m\n    \u001b[36m>\u001b[39m\n      \u001b[36m<div\u001b[39m\n        \u001b[33maria-label\u001b[39m=\u001b[32m\"Virtualized list\"\u001b[39m\n        \u001b[33mclass\u001b[39m=\u001b[32m\"virtual-list-scroll overflow-y-auto overflow-x-hidden h-full w-full svelte-1orzzex\"\u001b[39m\n        \u001b[33mrole\u001b[39m=\u001b[32m\"list\"\u001b[39m\n      \u001b[36m>\u001b[39m\n        \u001b[36m<div\u001b[39m\n          \u001b[33mclass\u001b[39m=\u001b[32m\"virtual-list-spacer relative svelte-1orzzex\"\u001b[39m\n          \u001b[33mstyle\u001b[39m=\u001b[32m\"height: 50px; width: 100%\"\u001b[39m\n        \u001b[36m/>\u001b[39m\n      \u001b[36m</div>\u001b[39m\n    \u001b[36m</div>\u001b[39m\n    \u001b[0m \u001b[0m\n    \u001b[0m\u001b[0m\n  \u001b[36m</div>\u001b[39m\n\u001b[36m</body>\u001b[39m\n    at Object.getElementError (C:\\Users\\benja\\Documents\\GitHub\\StratoSortRust\\node_modules\\@testing-library\\svelte\\node_modules\\@testing-library\\dom\\dist\\@testing-library\\dom.esm.js:332:19)\n    at C:\\Users\\benja\\Documents\\GitHub\\StratoSortRust\\node_modules\\@testing-library\\svelte\\node_modules\\@testing-library\\dom\\dist\\@testing-library\\dom.esm.js:1196:25\n    at C:\\Users\\benja\\Documents\\GitHub\\StratoSortRust\\node_modules\\@testing-library\\svelte\\node_modules\\@testing-library\\dom\\dist\\@testing-library\\dom.esm.js:1175:17\n    at C:\\Users\\benja\\Documents\\GitHub\\StratoSortRust\\node_modules\\@testing-library\\svelte\\node_modules\\@testing-library\\dom\\dist\\@testing-library\\dom.esm.js:1218:19\n    at C:\\Users\\benja\\Documents\\GitHub\\StratoSortRust\\src\\lib\\components\\ui\\virtual-list\\VirtualList.test.ts:445:18\n    at file:///C:/Users/benja/Documents/GitHub/StratoSortRust/node_modules/@vitest/runner/dist/index.js:146:14\n    at file:///C:/Users/benja/Documents/GitHub/StratoSortRust/node_modules/@vitest/runner/dist/index.js:533:11\n    at runWithTimeout (file:///C:/Users/benja/Documents/GitHub/StratoSortRust/node_modules/@vitest/runner/dist/index.js:39:7)\n    at runTest (file:///C:/Users/benja/Documents/GitHub/StratoSortRust/node_modules/@vitest/runner/dist/index.js:1056:17)\n    at runSuite (file:///C:/Users/benja/Documents/GitHub/StratoSortRust/node_modules/@vitest/runner/dist/index.js:1205:15)"],"meta":{}},{"ancestorTitles":["VirtualList","Edge Cases"],"fullName":"VirtualList Edge Cases should handle very small container height","status":"passed","title":"should handle very small container height","duration":1.4906999999998334,"failureMessages":[],"meta":{}},{"ancestorTitles":["VirtualList","Edge Cases"],"fullName":"VirtualList Edge Cases should handle zero item height gracefully","status":"passed","title":"should handle zero item height gracefully","duration":0.7653000000000247,"failureMessages":[],"meta":{}},{"ancestorTitles":["VirtualList","Edge Cases"],"fullName":"VirtualList Edge Cases should handle rapid item updates","status":"failed","title":"should handle rapid item updates","duration":1.5871000000001914,"failureMessages":["TestingLibraryElementError: Unable to find an element by: [data-testid=\"item-item-0\"]\n\nIgnored nodes: comments, script, style\n\u001b[36m<body>\u001b[39m\n  \u001b[36m<div>\u001b[39m\n    \u001b[36m<div\u001b[39m\n      \u001b[33mclass\u001b[39m=\u001b[32m\"virtual-list-container overflow-y-auto svelte-1orzzex\"\u001b[39m\n      \u001b[33mstyle\u001b[39m=\u001b[32m\"height: 400px; width: 100%;\"\u001b[39m\n    \u001b[36m>\u001b[39m\n      \u001b[36m<div\u001b[39m\n        \u001b[33maria-label\u001b[39m=\u001b[32m\"Virtualized list\"\u001b[39m\n        \u001b[33mclass\u001b[39m=\u001b[32m\"virtual-list-scroll overflow-y-auto overflow-x-hidden h-full w-full svelte-1orzzex\"\u001b[39m\n        \u001b[33mrole\u001b[39m=\u001b[32m\"list\"\u001b[39m\n      \u001b[36m>\u001b[39m\n        \u001b[36m<div\u001b[39m\n          \u001b[33mclass\u001b[39m=\u001b[32m\"virtual-list-spacer relative svelte-1orzzex\"\u001b[39m\n          \u001b[33mstyle\u001b[39m=\u001b[32m\"height: 500px; width: 100%\"\u001b[39m\n        \u001b[36m/>\u001b[39m\n      \u001b[36m</div>\u001b[39m\n    \u001b[36m</div>\u001b[39m\n    \u001b[0m \u001b[0m\n    \u001b[0m\u001b[0m\n  \u001b[36m</div>\u001b[39m\n\u001b[36m</body>\u001b[39m\n    at Object.getElementError (C:\\Users\\benja\\Documents\\GitHub\\StratoSortRust\\node_modules\\@testing-library\\svelte\\node_modules\\@testing-library\\dom\\dist\\@testing-library\\dom.esm.js:332:19)\n    at C:\\Users\\benja\\Documents\\GitHub\\StratoSortRust\\node_modules\\@testing-library\\svelte\\node_modules\\@testing-library\\dom\\dist\\@testing-library\\dom.esm.js:1196:25\n    at C:\\Users\\benja\\Documents\\GitHub\\StratoSortRust\\node_modules\\@testing-library\\svelte\\node_modules\\@testing-library\\dom\\dist\\@testing-library\\dom.esm.js:1175:17\n    at C:\\Users\\benja\\Documents\\GitHub\\StratoSortRust\\node_modules\\@testing-library\\svelte\\node_modules\\@testing-library\\dom\\dist\\@testing-library\\dom.esm.js:1218:19\n    at C:\\Users\\benja\\Documents\\GitHub\\StratoSortRust\\src\\lib\\components\\ui\\virtual-list\\VirtualList.test.ts:497:18\n    at file:///C:/Users/benja/Documents/GitHub/StratoSortRust/node_modules/@vitest/runner/dist/index.js:533:5\n    at runTest (file:///C:/Users/benja/Documents/GitHub/StratoSortRust/node_modules/@vitest/runner/dist/index.js:1056:11)\n    at runSuite (file:///C:/Users/benja/Documents/GitHub/StratoSortRust/node_modules/@vitest/runner/dist/index.js:1205:15)\n    at runSuite (file:///C:/Users/benja/Documents/GitHub/StratoSortRust/node_modules/@vitest/runner/dist/index.js:1205:15)\n    at runSuite (file:///C:/Users/benja/Documents/GitHub/StratoSortRust/node_modules/@vitest/runner/dist/index.js:1205:15)"],"meta":{}},{"ancestorTitles":["VirtualList","Edge Cases"],"fullName":"VirtualList Edge Cases should handle items with missing data","status":"failed","title":"should handle items with missing data","duration":3.5419999999999163,"failureMessages":["TestingLibraryElementError: Unable to find an element with the text: No title. This could be because the text is broken up by multiple elements. In this case, you can provide a function for your text matcher to make your matcher more flexible.\n\nIgnored nodes: comments, script, style\n\u001b[36m<body>\u001b[39m\n  \u001b[36m<div>\u001b[39m\n    \u001b[36m<div\u001b[39m\n      \u001b[33mclass\u001b[39m=\u001b[32m\"virtual-list-container overflow-y-auto svelte-1orzzex\"\u001b[39m\n      \u001b[33mstyle\u001b[39m=\u001b[32m\"height: 400px; width: 100%;\"\u001b[39m\n    \u001b[36m>\u001b[39m\n      \u001b[36m<div\u001b[39m\n        \u001b[33maria-label\u001b[39m=\u001b[32m\"Virtualized list\"\u001b[39m\n        \u001b[33mclass\u001b[39m=\u001b[32m\"virtual-list-scroll overflow-y-auto overflow-x-hidden h-full w-full svelte-1orzzex\"\u001b[39m\n        \u001b[33mrole\u001b[39m=\u001b[32m\"list\"\u001b[39m\n      \u001b[36m>\u001b[39m\n        \u001b[36m<div\u001b[39m\n          \u001b[33mclass\u001b[39m=\u001b[32m\"virtual-list-spacer relative svelte-1orzzex\"\u001b[39m\n          \u001b[33mstyle\u001b[39m=\u001b[32m\"height: 150px; width: 100%\"\u001b[39m\n        \u001b[36m/>\u001b[39m\n      \u001b[36m</div>\u001b[39m\n    \u001b[36m</div>\u001b[39m\n    \u001b[0m \u001b[0m\n    \u001b[0m\u001b[0m\n  \u001b[36m</div>\u001b[39m\n\u001b[36m</body>\u001b[39m\n    at Object.getElementError (C:\\Users\\benja\\Documents\\GitHub\\StratoSortRust\\node_modules\\@testing-library\\svelte\\node_modules\\@testing-library\\dom\\dist\\@testing-library\\dom.esm.js:332:19)\n    at C:\\Users\\benja\\Documents\\GitHub\\StratoSortRust\\node_modules\\@testing-library\\svelte\\node_modules\\@testing-library\\dom\\dist\\@testing-library\\dom.esm.js:1196:25\n    at C:\\Users\\benja\\Documents\\GitHub\\StratoSortRust\\node_modules\\@testing-library\\svelte\\node_modules\\@testing-library\\dom\\dist\\@testing-library\\dom.esm.js:1175:17\n    at C:\\Users\\benja\\Documents\\GitHub\\StratoSortRust\\node_modules\\@testing-library\\svelte\\node_modules\\@testing-library\\dom\\dist\\@testing-library\\dom.esm.js:1218:19\n    at C:\\Users\\benja\\Documents\\GitHub\\StratoSortRust\\src\\lib\\components\\ui\\virtual-list\\VirtualList.test.ts:524:18\n    at file:///C:/Users/benja/Documents/GitHub/StratoSortRust/node_modules/@vitest/runner/dist/index.js:146:14\n    at file:///C:/Users/benja/Documents/GitHub/StratoSortRust/node_modules/@vitest/runner/dist/index.js:533:11\n    at runWithTimeout (file:///C:/Users/benja/Documents/GitHub/StratoSortRust/node_modules/@vitest/runner/dist/index.js:39:7)\n    at runTest (file:///C:/Users/benja/Documents/GitHub/StratoSortRust/node_modules/@vitest/runner/dist/index.js:1056:17)\n    at runSuite (file:///C:/Users/benja/Documents/GitHub/StratoSortRust/node_modules/@vitest/runner/dist/index.js:1205:15)"],"meta":{}},{"ancestorTitles":["VirtualList","Events"],"fullName":"VirtualList Events should emit scroll events","status":"failed","title":"should emit scroll events","duration":1005.5023000000001,"failureMessages":["AssertionError: expected \"spy\" to be called at least once\n\nIgnored nodes: comments, script, style\n\u001b[36m<html>\u001b[39m\n  \u001b[36m<head />\u001b[39m\n  \u001b[36m<body>\u001b[39m\n    \u001b[36m<div>\u001b[39m\n      \u001b[36m<div\u001b[39m\n        \u001b[33mclass\u001b[39m=\u001b[32m\"virtual-list-container overflow-y-auto svelte-1orzzex\"\u001b[39m\n        \u001b[33mstyle\u001b[39m=\u001b[32m\"height: 400px; width: 100%;\"\u001b[39m\n      \u001b[36m>\u001b[39m\n        \u001b[36m<div\u001b[39m\n          \u001b[33maria-label\u001b[39m=\u001b[32m\"Virtualized list\"\u001b[39m\n          \u001b[33mclass\u001b[39m=\u001b[32m\"virtual-list-scroll overflow-y-auto overflow-x-hidden h-full w-full svelte-1orzzex\"\u001b[39m\n          \u001b[33mrole\u001b[39m=\u001b[32m\"list\"\u001b[39m\n        \u001b[36m>\u001b[39m\n          \u001b[36m<div\u001b[39m\n            \u001b[33mclass\u001b[39m=\u001b[32m\"virtual-list-spacer relative svelte-1orzzex\"\u001b[39m\n            \u001b[33mstyle\u001b[39m=\u001b[32m\"height: 2500px; width: 100%\"\u001b[39m\n          \u001b[36m/>\u001b[39m\n        \u001b[36m</div>\u001b[39m\n      \u001b[36m</div>\u001b[39m\n      \u001b[0m \u001b[0m\n      \u001b[0m\u001b[0m\n    \u001b[36m</div>\u001b[39m\n  \u001b[36m</body>\u001b[39m\n\u001b[36m</html>\u001b[39m\n    at Proxy.<anonymous> (file:///C:/Users/benja/Documents/GitHub/StratoSortRust/node_modules/@vitest/expect/dist/index.js:1448:13)\n    at Proxy.<anonymous> (file:///C:/Users/benja/Documents/GitHub/StratoSortRust/node_modules/@vitest/expect/dist/index.js:972:17)\n    at Proxy.methodWrapper (file:///C:/Users/benja/Documents/GitHub/StratoSortRust/node_modules/chai/index.js:1686:25)\n    at C:\\Users\\benja\\Documents\\GitHub\\StratoSortRust\\src\\lib\\components\\ui\\virtual-list\\VirtualList.test.ts:548:22\n    at runWithExpensiveErrorDiagnosticsDisabled (C:\\Users\\benja\\Documents\\GitHub\\StratoSortRust\\node_modules\\@testing-library\\svelte\\node_modules\\@testing-library\\dom\\dist\\@testing-library\\dom.esm.js:342:12)\n    at checkCallback (C:\\Users\\benja\\Documents\\GitHub\\StratoSortRust\\node_modules\\@testing-library\\svelte\\node_modules\\@testing-library\\dom\\dist\\@testing-library\\dom.esm.js:1087:24)\n    at Timeout.checkRealTimersCallback (C:\\Users\\benja\\Documents\\GitHub\\StratoSortRust\\node_modules\\@testing-library\\svelte\\node_modules\\@testing-library\\dom\\dist\\@testing-library\\dom.esm.js:1081:16)\n    at listOnTimeout (node:internal/timers:588:17)\n    at processTimers (node:internal/timers:523:7)"],"meta":{}},{"ancestorTitles":["VirtualList","Events"],"fullName":"VirtualList Events should emit item selection events","status":"failed","title":"should emit item selection events","duration":2.2901999999994587,"failureMessages":["TestingLibraryElementError: Unable to find an element by: [data-testid=\"item-0\"]\n\nIgnored nodes: comments, script, style\n\u001b[36m<body>\u001b[39m\n  \u001b[36m<div>\u001b[39m\n    \u001b[36m<div\u001b[39m\n      \u001b[33mclass\u001b[39m=\u001b[32m\"virtual-list-container overflow-y-auto svelte-1orzzex\"\u001b[39m\n      \u001b[33mstyle\u001b[39m=\u001b[32m\"height: 400px; width: 100%;\"\u001b[39m\n    \u001b[36m>\u001b[39m\n      \u001b[36m<div\u001b[39m\n        \u001b[33maria-label\u001b[39m=\u001b[32m\"Virtualized list\"\u001b[39m\n        \u001b[33mclass\u001b[39m=\u001b[32m\"virtual-list-scroll overflow-y-auto overflow-x-hidden h-full w-full svelte-1orzzex\"\u001b[39m\n        \u001b[33mrole\u001b[39m=\u001b[32m\"list\"\u001b[39m\n      \u001b[36m>\u001b[39m\n        \u001b[36m<div\u001b[39m\n          \u001b[33mclass\u001b[39m=\u001b[32m\"virtual-list-spacer relative svelte-1orzzex\"\u001b[39m\n          \u001b[33mstyle\u001b[39m=\u001b[32m\"height: 500px; width: 100%\"\u001b[39m\n        \u001b[36m/>\u001b[39m\n      \u001b[36m</div>\u001b[39m\n    \u001b[36m</div>\u001b[39m\n    \u001b[0m \u001b[0m\n    \u001b[0m\u001b[0m\n  \u001b[36m</div>\u001b[39m\n\u001b[36m</body>\u001b[39m\n    at Object.getElementError (C:\\Users\\benja\\Documents\\GitHub\\StratoSortRust\\node_modules\\@testing-library\\svelte\\node_modules\\@testing-library\\dom\\dist\\@testing-library\\dom.esm.js:332:19)\n    at C:\\Users\\benja\\Documents\\GitHub\\StratoSortRust\\node_modules\\@testing-library\\svelte\\node_modules\\@testing-library\\dom\\dist\\@testing-library\\dom.esm.js:1196:25\n    at C:\\Users\\benja\\Documents\\GitHub\\StratoSortRust\\node_modules\\@testing-library\\svelte\\node_modules\\@testing-library\\dom\\dist\\@testing-library\\dom.esm.js:1175:17\n    at C:\\Users\\benja\\Documents\\GitHub\\StratoSortRust\\node_modules\\@testing-library\\svelte\\node_modules\\@testing-library\\dom\\dist\\@testing-library\\dom.esm.js:1218:19\n    at C:\\Users\\benja\\Documents\\GitHub\\StratoSortRust\\src\\lib\\components\\ui\\virtual-list\\VirtualList.test.ts:572:29\n    at file:///C:/Users/benja/Documents/GitHub/StratoSortRust/node_modules/@vitest/runner/dist/index.js:146:14\n    at file:///C:/Users/benja/Documents/GitHub/StratoSortRust/node_modules/@vitest/runner/dist/index.js:533:11\n    at runWithTimeout (file:///C:/Users/benja/Documents/GitHub/StratoSortRust/node_modules/@vitest/runner/dist/index.js:39:7)\n    at runTest (file:///C:/Users/benja/Documents/GitHub/StratoSortRust/node_modules/@vitest/runner/dist/index.js:1056:17)\n    at runSuite (file:///C:/Users/benja/Documents/GitHub/StratoSortRust/node_modules/@vitest/runner/dist/index.js:1205:15)"],"meta":{}}],"startTime":1758984452098,"endTime":1758984453273.2903,"status":"failed","message":"","name":"C:/Users/benja/Documents/GitHub/StratoSortRust/src/lib/components/ui/virtual-list/VirtualList.test.ts"}]}